INFO 2025-10-30 21:07:17,991 autoreload 14264 14268 Watching for file changes with StatReloader
INFO 2025-10-30 21:14:50,095 autoreload 10100 1688 Watching for file changes with StatReloader
INFO 2025-10-30 21:15:30,745 autoreload 1972 13748 Watching for file changes with StatReloader
INFO 2025-10-30 21:15:58,926 basehttp 1972 8248 "GET / HTTP/1.1" 302 0
INFO 2025-10-30 21:15:58,938 basehttp 1972 8248 "GET /inspections/ HTTP/1.1" 302 0
INFO 2025-10-30 21:15:58,947 basehttp 1972 8248 "GET /login/?next=/inspections/ HTTP/1.1" 200 15907
INFO 2025-10-30 21:15:59,016 basehttp 1972 8248 "GET /static/css/custom.css HTTP/1.1" 200 8902
INFO 2025-10-30 21:15:59,018 basehttp 1972 10936 "GET /static/js/auto-logout.js HTTP/1.1" 200 7754
INFO 2025-10-30 21:15:59,027 basehttp 1972 6936 "GET /static/assets/logo_conuar1.svg HTTP/1.1" 200 14909
INFO 2025-10-30 21:15:59,395 basehttp 1972 6936 "GET /static/assets/fav_icon.png HTTP/1.1" 200 113857
INFO 2025-10-30 21:16:05,510 basehttp 1972 6936 "POST /login/?next=/inspections/ HTTP/1.1" 200 16682
INFO 2025-10-30 21:16:16,338 basehttp 1972 6936 "POST /login/?next=/inspections/ HTTP/1.1" 200 16682
INFO 2025-10-30 21:16:27,739 basehttp 1972 6936 "POST /login/?next=/inspections/ HTTP/1.1" 200 16682
INFO 2025-10-30 21:16:34,110 basehttp 1972 6936 "POST /login/?next=/inspections/ HTTP/1.1" 200 16682
INFO 2025-10-30 21:17:09,676 basehttp 1972 6936 "POST /login/?next=/inspections/ HTTP/1.1" 200 16732
INFO 2025-10-30 21:17:16,537 basehttp 1972 6936 "POST /login/?next=/inspections/ HTTP/1.1" 200 16732
INFO 2025-10-30 21:17:26,313 basehttp 1972 6936 "GET /password-reset/SUPERUSER_PASSWORD_CHANGE_2024/ HTTP/1.1" 200 18505
INFO 2025-10-30 21:17:44,700 basehttp 1972 6936 "POST /password-reset/SUPERUSER_PASSWORD_CHANGE_2024/ HTTP/1.1" 302 0
INFO 2025-10-30 21:17:44,705 basehttp 1972 6936 "GET /login/ HTTP/1.1" 200 16653
INFO 2025-10-30 21:17:51,538 basehttp 1972 6936 "POST /login/ HTTP/1.1" 302 0
INFO 2025-10-30 21:17:51,614 basehttp 1972 6936 "GET /inspections/ HTTP/1.1" 200 59897
INFO 2025-10-30 21:17:55,914 basehttp 1972 6936 "GET /inspection/5464/ HTTP/1.1" 200 48995
INFO 2025-10-30 21:17:55,995 basehttp 1972 13996 "GET /media/inspection_photos/Inspection_8/3-Angulo%20pollera%20ZR2.bmp HTTP/1.1" 200 389878
INFO 2025-10-30 21:17:55,995 basehttp 1972 8248 "GET /media/inspection_photos/Inspection_8/11-%20Deformacion%20TS%202.bmp HTTP/1.1" 200 389878
INFO 2025-10-30 21:17:56,000 basehttp 1972 10936 "GET /media/inspection_photos/Inspection_8/10-Deformacion%20de%20TS.bmp HTTP/1.1" 200 389878
INFO 2025-10-30 21:17:56,214 basehttp 1972 13472 "GET /media/inspection_photos/Inspection_8/3-Angulo%20pollera%20ZR.bmp HTTP/1.1" 200 15040566
INFO 2025-10-30 21:17:56,232 basehttp 1972 6936 "GET /media/inspection_photos/Inspection_8/1-OCR.bmp HTTP/1.1" 200 15040566
INFO 2025-10-30 21:17:56,257 basehttp 1972 10100 "GET /media/inspection_photos/Inspection_8/2-Angulo%20zapata.bmp HTTP/1.1" 200 15040566
INFO 2025-10-30 21:17:56,316 basehttp 1972 13996 "GET /media/inspection_photos/Inspection_8/4-ZR%20tipo%20I.bmp HTTP/1.1" 200 15040566
INFO 2025-10-30 21:17:56,328 basehttp 1972 8248 "GET /media/inspection_photos/Inspection_8/5-ZR%20tipo%20II.bmp HTTP/1.1" 200 15040566
INFO 2025-10-30 21:17:56,329 basehttp 1972 13472 "GET /media/inspection_photos/Inspection_8/6-Angulo%20zapatas%20PP2.bmp HTTP/1.1" 200 389878
INFO 2025-10-30 21:17:56,341 basehttp 1972 10936 "GET /media/inspection_photos/Inspection_8/6-Angulo%20zapatas%20PP.bmp HTTP/1.1" 200 15040566
INFO 2025-10-30 21:17:56,365 basehttp 1972 10100 "GET /media/inspection_photos/Inspection_8/8-TVS.bmp HTTP/1.1" 200 389878
INFO 2025-10-30 21:17:56,465 basehttp 1972 6936 "GET /media/inspection_photos/Inspection_8/7-OCR2.bmp HTTP/1.1" 200 15040566
INFO 2025-10-30 21:17:56,481 basehttp 1972 13472 "GET /media/inspection_photos/Inspection_8/9-Posicion%20topes%20BC.bmp HTTP/1.1" 200 15040566
INFO 2025-10-30 21:27:58,917 basehttp 1972 15196 - Broken pipe from ('127.0.0.1', 53418)
INFO 2025-10-30 21:27:58,918 basehttp 1972 15288 - Broken pipe from ('127.0.0.1', 53415)
INFO 2025-10-30 21:27:58,919 basehttp 1972 1740 - Broken pipe from ('127.0.0.1', 53416)
INFO 2025-10-30 21:27:58,930 basehttp 1972 10080 - Broken pipe from ('127.0.0.1', 53423)
INFO 2025-10-30 21:27:58,938 basehttp 1972 14416 - Broken pipe from ('127.0.0.1', 53424)
INFO 2025-10-30 21:27:58,939 basehttp 1972 14340 - Broken pipe from ('127.0.0.1', 53427)
INFO 2025-10-30 21:27:58,942 basehttp 1972 15268 - Broken pipe from ('127.0.0.1', 53421)
INFO 2025-10-30 21:27:58,942 basehttp 1972 944 - Broken pipe from ('127.0.0.1', 53426)
INFO 2025-10-30 21:27:58,944 basehttp 1972 14384 - Broken pipe from ('127.0.0.1', 53429)
INFO 2025-10-30 21:27:58,949 basehttp 1972 2816 - Broken pipe from ('127.0.0.1', 53433)
INFO 2025-10-30 21:27:58,952 basehttp 1972 15276 - Broken pipe from ('127.0.0.1', 53435)
INFO 2025-10-30 21:27:58,956 basehttp 1972 15220 - Broken pipe from ('127.0.0.1', 53431)
INFO 2025-10-30 21:27:58,959 basehttp 1972 4312 - Broken pipe from ('127.0.0.1', 53440)
INFO 2025-10-30 21:27:58,961 basehttp 1972 14064 - Broken pipe from ('127.0.0.1', 53437)
INFO 2025-10-30 21:27:58,963 basehttp 1972 15320 - Broken pipe from ('127.0.0.1', 53439)
INFO 2025-10-30 21:27:58,968 basehttp 1972 15280 - Broken pipe from ('127.0.0.1', 53447)
INFO 2025-10-30 21:27:58,969 basehttp 1972 15300 - Broken pipe from ('127.0.0.1', 53443)
INFO 2025-10-30 21:27:58,979 basehttp 1972 15328 - Broken pipe from ('127.0.0.1', 53448)
INFO 2025-10-30 21:27:58,980 basehttp 1972 12244 - Broken pipe from ('127.0.0.1', 53450)
INFO 2025-10-30 21:27:58,981 basehttp 1972 15228 - Broken pipe from ('127.0.0.1', 53444)
INFO 2025-10-30 21:27:58,983 basehttp 1972 2876 - Broken pipe from ('127.0.0.1', 53451)
INFO 2025-10-30 21:27:58,985 basehttp 1972 11828 - Broken pipe from ('127.0.0.1', 53454)
INFO 2025-10-30 21:27:58,986 basehttp 1972 14236 - Broken pipe from ('127.0.0.1', 53456)
INFO 2025-10-30 21:27:58,990 basehttp 1972 1488 - Broken pipe from ('127.0.0.1', 53461)
INFO 2025-10-30 21:27:58,994 basehttp 1972 11344 - Broken pipe from ('127.0.0.1', 53458)
INFO 2025-10-30 21:27:58,998 basehttp 1972 11672 - Broken pipe from ('127.0.0.1', 53453)
INFO 2025-10-30 21:27:58,998 basehttp 1972 15172 - Broken pipe from ('127.0.0.1', 53463)
INFO 2025-10-30 21:27:58,998 basehttp 1972 7524 - Broken pipe from ('127.0.0.1', 53464)
INFO 2025-10-30 21:27:58,999 basehttp 1972 14780 - Broken pipe from ('127.0.0.1', 53460)
INFO 2025-10-30 21:27:59,008 basehttp 1972 15256 - Broken pipe from ('127.0.0.1', 53465)
INFO 2025-10-30 21:27:59,014 basehttp 1972 14720 - Broken pipe from ('127.0.0.1', 53468)
INFO 2025-10-30 21:27:59,022 basehttp 1972 11868 - Broken pipe from ('127.0.0.1', 53470)
INFO 2025-10-30 21:27:59,023 basehttp 1972 14548 - Broken pipe from ('127.0.0.1', 53476)
INFO 2025-10-30 21:27:59,024 basehttp 1972 2956 - Broken pipe from ('127.0.0.1', 53472)
INFO 2025-10-30 21:27:59,026 basehttp 1972 15260 - Broken pipe from ('127.0.0.1', 53475)
INFO 2025-10-30 21:27:59,026 basehttp 1972 14440 - Broken pipe from ('127.0.0.1', 53473)
INFO 2025-10-30 21:27:59,028 basehttp 1972 15020 - Broken pipe from ('127.0.0.1', 53481)
INFO 2025-10-30 21:27:59,028 basehttp 1972 12524 - Broken pipe from ('127.0.0.1', 53477)
INFO 2025-10-30 21:27:59,029 basehttp 1972 14588 - Broken pipe from ('127.0.0.1', 53484)
INFO 2025-10-30 21:27:59,030 basehttp 1972 12948 - Broken pipe from ('127.0.0.1', 53486)
INFO 2025-10-30 21:27:59,030 basehttp 1972 13492 - Broken pipe from ('127.0.0.1', 53482)
INFO 2025-10-30 21:27:59,258 basehttp 1972 10040 "GET /logout/ HTTP/1.1" 302 0
INFO 2025-10-30 21:27:59,261 basehttp 1972 10040 "GET /login/ HTTP/1.1" 200 16549
INFO 2025-11-01 10:41:33,860 autoreload 6100 5528 Watching for file changes with StatReloader
INFO 2025-11-01 10:41:46,014 basehttp 6100 10544 "GET / HTTP/1.1" 302 0
INFO 2025-11-01 10:41:46,023 basehttp 6100 10544 "GET /inspections/ HTTP/1.1" 302 0
INFO 2025-11-01 10:41:46,037 basehttp 6100 10544 "GET /login/?next=/inspections/ HTTP/1.1" 200 15907
INFO 2025-11-01 10:41:46,058 basehttp 6100 10544 "GET /static/css/custom.css HTTP/1.1" 304 0
INFO 2025-11-01 10:41:46,059 basehttp 6100 12280 "GET /static/assets/logo_conuar1.svg HTTP/1.1" 304 0
INFO 2025-11-01 10:41:46,064 basehttp 6100 12280 "GET /static/js/auto-logout.js HTTP/1.1" 304 0
INFO 2025-11-02 09:26:08,278 autoreload 8160 11020 Watching for file changes with StatReloader
INFO 2025-11-02 09:26:28,540 basehttp 8160 16336 "GET / HTTP/1.1" 302 0
INFO 2025-11-02 09:26:28,556 basehttp 8160 16336 "GET /inspections/ HTTP/1.1" 302 0
INFO 2025-11-02 09:26:28,571 basehttp 8160 16336 "GET /login/?next=/inspections/ HTTP/1.1" 200 15907
INFO 2025-11-02 09:26:28,601 basehttp 8160 16336 "GET /static/css/custom.css HTTP/1.1" 304 0
INFO 2025-11-02 09:26:28,601 basehttp 8160 14288 "GET /static/assets/logo_conuar1.svg HTTP/1.1" 304 0
INFO 2025-11-02 09:26:28,602 basehttp 8160 2672 "GET /static/js/auto-logout.js HTTP/1.1" 304 0
INFO 2025-11-02 09:26:36,697 basehttp 8160 2672 "POST /login/?next=/inspections/ HTTP/1.1" 302 0
INFO 2025-11-02 09:26:36,760 basehttp 8160 2672 "GET /inspections/ HTTP/1.1" 200 59897
INFO 2025-11-02 09:26:43,029 basehttp 8160 2672 "GET /configuration/ HTTP/1.1" 200 26616
INFO 2025-11-02 09:36:45,190 basehttp 8160 8460 - Broken pipe from ('127.0.0.1', 3670)
INFO 2025-11-02 09:36:45,195 basehttp 8160 14912 - Broken pipe from ('127.0.0.1', 3669)
INFO 2025-11-02 09:36:45,195 basehttp 8160 2928 - Broken pipe from ('127.0.0.1', 3672)
INFO 2025-11-02 09:36:45,198 basehttp 8160 5704 - Broken pipe from ('127.0.0.1', 3680)
INFO 2025-11-02 09:36:45,198 basehttp 8160 10364 - Broken pipe from ('127.0.0.1', 3674)
INFO 2025-11-02 09:36:45,198 basehttp 8160 11632 - Broken pipe from ('127.0.0.1', 3678)
INFO 2025-11-02 09:36:45,200 basehttp 8160 7544 - Broken pipe from ('127.0.0.1', 3675)
INFO 2025-11-02 09:36:45,201 basehttp 8160 156 "GET /logout/ HTTP/1.1" 302 0
INFO 2025-11-02 09:36:45,209 basehttp 8160 156 "GET /login/ HTTP/1.1" 200 16549
INFO 2025-11-02 12:23:31,721 autoreload 15592 15556 Watching for file changes with StatReloader
INFO 2025-11-02 12:23:36,084 basehttp 15592 15792 "GET /login/ HTTP/1.1" 200 15790
INFO 2025-11-02 12:23:36,168 basehttp 15592 15792 "GET /static/css/custom.css HTTP/1.1" 200 8902
INFO 2025-11-02 12:23:36,169 basehttp 15592 5480 "GET /static/js/auto-logout.js HTTP/1.1" 200 7754
INFO 2025-11-02 12:23:36,180 basehttp 15592 8088 "GET /static/assets/logo_conuar1.svg HTTP/1.1" 200 14909
INFO 2025-11-02 12:23:36,510 basehttp 15592 8088 "GET /static/assets/fav_icon.png HTTP/1.1" 200 113857
INFO 2025-11-02 15:30:23,056 autoreload 15592 15556 C:\Users\Admin\Documents\Inspection_webapp\Conuar\conuar_webapp\main\models.py changed, reloading.
INFO 2025-11-02 15:30:24,323 autoreload 9796 15640 Watching for file changes with StatReloader
INFO 2025-11-02 15:30:35,906 autoreload 9796 15640 C:\Users\Admin\Documents\Inspection_webapp\Conuar\conuar_webapp\main\admin.py changed, reloading.
INFO 2025-11-02 15:30:36,420 autoreload 12716 10900 Watching for file changes with StatReloader
INFO 2025-11-02 15:30:43,877 autoreload 12716 10900 C:\Users\Admin\Documents\Inspection_webapp\Conuar\conuar_webapp\main\admin.py changed, reloading.
INFO 2025-11-02 15:30:44,375 autoreload 15828 5668 Watching for file changes with StatReloader
INFO 2025-11-02 15:31:16,383 autoreload 15828 5668 C:\Users\Admin\Documents\Inspection_webapp\Conuar\conuar_webapp\main\models.py changed, reloading.
INFO 2025-11-02 15:31:16,817 autoreload 14860 15800 Watching for file changes with StatReloader
INFO 2025-11-03 21:36:29,751 autoreload 1036 14372 Watching for file changes with StatReloader
INFO 2025-11-03 21:37:05,548 autoreload 8168 9148 Watching for file changes with StatReloader
INFO 2025-11-03 21:37:15,272 basehttp 8168 1220 "GET / HTTP/1.1" 302 0
INFO 2025-11-03 21:37:15,281 basehttp 8168 1220 "GET /inspections/ HTTP/1.1" 302 0
INFO 2025-11-03 21:37:15,296 basehttp 8168 1220 "GET /login/?next=/inspections/ HTTP/1.1" 200 15907
INFO 2025-11-03 21:37:15,315 basehttp 8168 1220 "GET /static/css/custom.css HTTP/1.1" 304 0
INFO 2025-11-03 21:37:15,315 basehttp 8168 13932 "GET /static/assets/logo_conuar1.svg HTTP/1.1" 304 0
INFO 2025-11-03 21:37:15,318 basehttp 8168 15472 "GET /static/js/auto-logout.js HTTP/1.1" 304 0
INFO 2025-11-03 21:37:23,855 basehttp 8168 15472 "POST /login/?next=/inspections/ HTTP/1.1" 200 16682
INFO 2025-11-03 21:37:29,868 basehttp 8168 15472 "POST /login/?next=/inspections/ HTTP/1.1" 302 0
INFO 2025-11-03 21:37:29,958 basehttp 8168 15472 "GET /inspections/ HTTP/1.1" 200 118770
INFO 2025-11-03 21:37:41,487 basehttp 8168 15472 "GET /inspection/9827/ HTTP/1.1" 200 32040
INFO 2025-11-03 21:37:41,613 basehttp 8168 13932 "GET /media/inspection_photos/OK/PRUEB2.svg HTTP/1.1" 200 1503
INFO 2025-11-03 21:37:41,615 basehttp 8168 576 "GET /media/inspection_photos/OK/PRUEB3.svg HTTP/1.1" 200 1503
INFO 2025-11-03 21:37:41,639 basehttp 8168 1220 "GET /media/inspection_photos/OK/PRUEB3.bmp HTTP/1.1" 200 5014632
INFO 2025-11-03 21:37:41,661 basehttp 8168 15472 "GET /media/inspection_photos/OK/PRUEB2.bmp HTTP/1.1" 200 5014632
INFO 2025-11-03 21:37:46,408 basehttp 8168 15472 "GET /inspections/ HTTP/1.1" 200 118423
INFO 2025-11-03 21:37:48,793 basehttp 8168 15472 "GET /inspection/6042/ HTTP/1.1" 200 48995
INFO 2025-11-03 21:37:48,826 basehttp 8168 576 "GET /media/inspection_photos/Inspection_8/11-%20Deformacion%20TS%202.bmp HTTP/1.1" 200 389878
INFO 2025-11-03 21:37:48,846 basehttp 8168 1220 "GET /media/inspection_photos/Inspection_8/10-Deformacion%20de%20TS.bmp HTTP/1.1" 200 389878
INFO 2025-11-03 21:37:48,851 basehttp 8168 12748 "GET /media/inspection_photos/Inspection_8/3-Angulo%20pollera%20ZR2.bmp HTTP/1.1" 200 389878
INFO 2025-11-03 21:37:49,093 basehttp 8168 15472 "GET /media/inspection_photos/Inspection_8/1-OCR.bmp HTTP/1.1" 200 15040566
INFO 2025-11-03 21:37:49,098 basehttp 8168 13932 "GET /media/inspection_photos/Inspection_8/2-Angulo%20zapata.bmp HTTP/1.1" 200 15040566
INFO 2025-11-03 21:37:49,121 basehttp 8168 576 "GET /media/inspection_photos/Inspection_8/4-ZR%20tipo%20I.bmp HTTP/1.1" 200 15040566
INFO 2025-11-03 21:37:49,124 basehttp 8168 15472 "GET /media/inspection_photos/Inspection_8/6-Angulo%20zapatas%20PP2.bmp HTTP/1.1" 200 389878
INFO 2025-11-03 21:37:49,128 basehttp 8168 3040 "GET /media/inspection_photos/Inspection_8/3-Angulo%20pollera%20ZR.bmp HTTP/1.1" 200 15040566
INFO 2025-11-03 21:37:49,139 basehttp 8168 1220 "GET /media/inspection_photos/Inspection_8/5-ZR%20tipo%20II.bmp HTTP/1.1" 200 15040566
INFO 2025-11-03 21:37:49,140 basehttp 8168 12748 "GET /media/inspection_photos/Inspection_8/6-Angulo%20zapatas%20PP.bmp HTTP/1.1" 200 15040566
INFO 2025-11-03 21:37:49,145 basehttp 8168 576 "GET /media/inspection_photos/Inspection_8/8-TVS.bmp HTTP/1.1" 200 389878
INFO 2025-11-03 21:37:49,219 basehttp 8168 13932 "GET /media/inspection_photos/Inspection_8/7-OCR2.bmp HTTP/1.1" 200 15040566
INFO 2025-11-03 21:37:49,228 basehttp 8168 15472 "GET /media/inspection_photos/Inspection_8/9-Posicion%20topes%20BC.bmp HTTP/1.1" 200 15040566
INFO 2025-11-03 21:47:51,686 basehttp 8168 14944 "GET /logout/ HTTP/1.1" 302 0
INFO 2025-11-03 21:47:51,693 basehttp 8168 14200 - Broken pipe from ('127.0.0.1', 33951)
INFO 2025-11-03 21:47:51,705 basehttp 8168 14944 "GET /login/ HTTP/1.1" 200 16549
INFO 2025-11-03 21:50:08,217 autoreload 8168 9148 C:\Users\Admin\Documents\Inspection_webapp\Conuar\conuar_webapp\manage.py changed, reloading.
INFO 2025-11-03 21:50:08,721 autoreload 14952 10636 Watching for file changes with StatReloader
INFO 2025-11-03 22:02:13,814 autoreload 9108 14032 Watching for file changes with StatReloader
INFO 2025-11-03 22:02:18,714 basehttp 9108 11164 "POST /login/ HTTP/1.1" 302 0
INFO 2025-11-03 22:02:18,776 basehttp 9108 11164 "GET /inspections/ HTTP/1.1" 200 118770
INFO 2025-11-03 22:02:18,864 basehttp 9108 11164 "GET /static/assets/fav_icon.png HTTP/1.1" 304 0
INFO 2025-11-03 22:02:20,906 basehttp 9108 11164 "GET /inspection/6042/ HTTP/1.1" 200 48995
INFO 2025-11-03 22:09:29,456 autoreload 5844 2700 Watching for file changes with StatReloader
INFO 2025-11-03 22:09:49,978 autoreload 12460 11648 Watching for file changes with StatReloader
INFO 2025-11-03 22:10:47,012 autoreload 11980 14368 Watching for file changes with StatReloader
INFO 2025-11-03 22:11:43,325 basehttp 11980 9472 "GET /logout/ HTTP/1.1" 302 0
INFO 2025-11-03 22:11:43,345 basehttp 11980 9472 "GET /login/ HTTP/1.1" 200 16549
INFO 2025-11-03 22:12:13,485 autoreload 16324 6244 Watching for file changes with StatReloader
INFO 2025-11-03 22:14:00,662 autoreload 16200 15960 Watching for file changes with StatReloader
INFO 2025-11-03 22:25:50,738 autoreload 15048 5908 Watching for file changes with StatReloader
INFO 2025-11-03 22:30:16,188 autoreload 10644 5788 Watching for file changes with StatReloader
INFO 2025-11-03 22:30:20,374 basehttp 10644 4312 "POST /login/ HTTP/1.1" 302 0
INFO 2025-11-03 22:30:20,457 basehttp 10644 4312 "GET /inspections/ HTTP/1.1" 200 157545
INFO 2025-11-03 22:30:30,379 basehttp 10644 4312 "GET /inspection/18/ HTTP/1.1" 200 28608
INFO 2025-11-03 22:30:30,442 basehttp 10644 4312 "GET /media/inspection_photos/NOK/3.bmp HTTP/1.1" 200 5014632
INFO 2025-11-03 22:30:38,221 basehttp 10644 4312 "GET /inspection/18/pdf/ HTTP/1.1" 200 2589304
INFO 2025-11-03 22:48:25,602 autoreload 9188 16332 Watching for file changes with StatReloader
INFO 2025-11-03 22:51:03,151 basehttp 9188 16924 "GET /logout/ HTTP/1.1" 302 0
INFO 2025-11-03 22:51:03,159 basehttp 9188 16924 "GET /login/ HTTP/1.1" 200 16549
INFO 2025-11-03 23:05:28,920 autoreload 9100 15712 Watching for file changes with StatReloader
INFO 2025-11-03 23:06:53,544 basehttp 9100 16444 "GET /login/ HTTP/1.1" 200 15790
INFO 2025-11-03 23:06:58,215 basehttp 9100 16444 "POST /login/ HTTP/1.1" 200 16565
INFO 2025-11-03 23:07:04,970 basehttp 9100 16444 "POST /login/ HTTP/1.1" 200 16565
INFO 2025-11-03 23:07:11,685 basehttp 9100 16444 "POST /login/ HTTP/1.1" 302 0
INFO 2025-11-03 23:07:11,715 basehttp 9100 16444 "GET /inspections/ HTTP/1.1" 200 44937
INFO 2025-11-03 23:07:15,997 basehttp 9100 16444 "GET /inspections/ HTTP/1.1" 200 44590
INFO 2025-11-03 23:08:07,918 basehttp 9100 16444 "GET /inspections/ HTTP/1.1" 200 44590
INFO 2025-11-06 21:23:41,051 autoreload 16600 12204 Watching for file changes with StatReloader
INFO 2025-11-06 21:23:49,886 basehttp 16600 9924 "GET / HTTP/1.1" 302 0
INFO 2025-11-06 21:23:49,895 basehttp 16600 9924 "GET /inspections/ HTTP/1.1" 302 0
INFO 2025-11-06 21:23:49,920 basehttp 16600 9924 "GET /login/?next=/inspections/ HTTP/1.1" 200 15907
INFO 2025-11-06 21:23:49,955 basehttp 16600 9924 "GET /static/css/custom.css HTTP/1.1" 304 0
INFO 2025-11-06 21:23:49,955 basehttp 16600 296 "GET /static/assets/logo_conuar1.svg HTTP/1.1" 304 0
INFO 2025-11-06 21:23:49,957 basehttp 16600 7600 "GET /static/js/auto-logout.js HTTP/1.1" 304 0
INFO 2025-11-06 21:25:29,501 basehttp 16600 15740 "POST /login/?next=/inspections/ HTTP/1.1" 302 0
INFO 2025-11-06 21:25:29,538 basehttp 16600 15740 "GET /inspections/ HTTP/1.1" 200 49830
INFO 2025-11-06 21:35:33,349 basehttp 16600 18304 "GET /logout/ HTTP/1.1" 302 0
INFO 2025-11-06 21:35:33,359 basehttp 16600 18304 "GET /login/ HTTP/1.1" 200 16549
INFO 2025-11-08 10:01:40,443 autoreload 15000 2772 Watching for file changes with StatReloader
INFO 2025-11-08 10:01:51,983 basehttp 15000 2008 "GET / HTTP/1.1" 302 0
INFO 2025-11-08 10:01:51,996 basehttp 15000 2008 "GET /inspections/ HTTP/1.1" 302 0
INFO 2025-11-08 10:01:52,011 basehttp 15000 2008 "GET /login/?next=/inspections/ HTTP/1.1" 200 15907
INFO 2025-11-08 10:01:52,058 basehttp 15000 2008 "GET /static/css/custom.css HTTP/1.1" 200 8902
INFO 2025-11-08 10:01:52,058 basehttp 15000 4312 "GET /static/assets/logo_conuar1.svg HTTP/1.1" 200 14909
INFO 2025-11-08 10:01:52,064 basehttp 15000 4312 "GET /static/js/auto-logout.js HTTP/1.1" 200 7754
INFO 2025-11-08 10:02:09,191 basehttp 15000 4312 "POST /login/?next=/inspections/ HTTP/1.1" 302 0
INFO 2025-11-08 10:02:09,224 basehttp 15000 4312 "GET /inspections/ HTTP/1.1" 200 21015
ERROR 2025-11-08 10:02:12,323 log 15000 4312 Internal Server Error: /dashboard/
Traceback (most recent call last):
  File "C:\Users\Admin\Documents\Inspection_webapp\conuar_env\Lib\site-packages\django\db\models\fields\related_descriptors.py", line 218, in __get__
    rel_obj = self.field.get_cached_value(instance)
              ^^^^^^^^^^^^^^^^^^^^^^^^^^^^^^^^^^^^^
  File "C:\Users\Admin\Documents\Inspection_webapp\conuar_env\Lib\site-packages\django\db\models\fields\mixins.py", line 15, in get_cached_value
    return instance._state.fields_cache[cache_name]
           ~~~~~~~~~~~~~~~~~~~~~~~~~~~~^^^^^^^^^^^^
KeyError: 'current_inspection'

During handling of the above exception, another exception occurred:

Traceback (most recent call last):
  File "C:\Users\Admin\Documents\Inspection_webapp\conuar_env\Lib\site-packages\django\core\handlers\exception.py", line 55, in inner
    response = get_response(request)
               ^^^^^^^^^^^^^^^^^^^^^
  File "C:\Users\Admin\Documents\Inspection_webapp\conuar_env\Lib\site-packages\django\core\handlers\base.py", line 197, in _get_response
    response = wrapped_callback(request, *callback_args, **callback_kwargs)
               ^^^^^^^^^^^^^^^^^^^^^^^^^^^^^^^^^^^^^^^^^^^^^^^^^^^^^^^^^^^^
  File "C:\Users\Admin\Documents\Inspection_webapp\conuar_env\Lib\site-packages\django\contrib\auth\decorators.py", line 23, in _wrapper_view
    return view_func(request, *args, **kwargs)
           ^^^^^^^^^^^^^^^^^^^^^^^^^^^^^^^^^^^
  File "C:\Users\Admin\Documents\Inspection_webapp\Conuar\conuar_webapp\main\permissions.py", line 53, in wrapper
    return view_func(request, *args, **kwargs)
           ^^^^^^^^^^^^^^^^^^^^^^^^^^^^^^^^^^^
  File "C:\Users\Admin\Documents\Inspection_webapp\Conuar\conuar_webapp\main\views.py", line 103, in dashboard
    machine = InspectionMachine.get_machine()
              ^^^^^^^^^^^^^^^^^^^^^^^^^^^^^^^
  File "C:\Users\Admin\Documents\Inspection_webapp\Conuar\conuar_webapp\main\models.py", line 396, in get_machine
    if not machine.current_inspection:
           ^^^^^^^^^^^^^^^^^^^^^^^^^^
  File "C:\Users\Admin\Documents\Inspection_webapp\conuar_env\Lib\site-packages\django\db\models\fields\related_descriptors.py", line 236, in __get__
    rel_obj = self.get_object(instance)
              ^^^^^^^^^^^^^^^^^^^^^^^^^
  File "C:\Users\Admin\Documents\Inspection_webapp\conuar_env\Lib\site-packages\django\db\models\fields\related_descriptors.py", line 366, in get_object
    return super().get_object(instance)
           ^^^^^^^^^^^^^^^^^^^^^^^^^^^^
  File "C:\Users\Admin\Documents\Inspection_webapp\conuar_env\Lib\site-packages\django\db\models\fields\related_descriptors.py", line 199, in get_object
    return qs.get(self.field.get_reverse_related_filter(instance))
           ^^^^^^^^^^^^^^^^^^^^^^^^^^^^^^^^^^^^^^^^^^^^^^^^^^^^^^^
  File "C:\Users\Admin\Documents\Inspection_webapp\conuar_env\Lib\site-packages\django\db\models\query.py", line 637, in get
    raise self.model.DoesNotExist(
main.models.Inspection.DoesNotExist: Inspection matching query does not exist.
ERROR 2025-11-08 10:02:12,328 basehttp 15000 4312 "GET /dashboard/ HTTP/1.1" 500 116245
WARNING 2025-11-08 10:02:12,430 log 15000 4312 Not Found: /favicon.ico
WARNING 2025-11-08 10:02:12,431 basehttp 15000 4312 "GET /favicon.ico HTTP/1.1" 404 4191
INFO 2025-11-08 10:02:29,870 basehttp 15000 4312 "GET /configuration/ HTTP/1.1" 200 26616
INFO 2025-11-08 10:08:21,448 basehttp 15000 15020 "GET /about/ HTTP/1.1" 200 21436
INFO 2025-11-08 10:11:45,890 autoreload 7276 14828 Watching for file changes with StatReloader
INFO 2025-11-08 10:18:24,524 basehttp 7276 8648 - Broken pipe from ('127.0.0.1', 56192)
INFO 2025-11-08 10:18:24,525 basehttp 7276 7556 - Broken pipe from ('127.0.0.1', 56193)
INFO 2025-11-08 10:18:24,537 basehttp 7276 2264 - Broken pipe from ('127.0.0.1', 56200)
INFO 2025-11-08 10:18:24,538 basehttp 7276 5764 - Broken pipe from ('127.0.0.1', 56194)
INFO 2025-11-08 10:18:24,538 basehttp 7276 10444 - Broken pipe from ('127.0.0.1', 56191)
INFO 2025-11-08 10:18:24,549 basehttp 7276 2888 - Broken pipe from ('127.0.0.1', 56196)
INFO 2025-11-08 10:18:24,550 basehttp 7276 13020 - Broken pipe from ('127.0.0.1', 56195)
INFO 2025-11-08 10:18:24,554 basehttp 7276 10052 - Broken pipe from ('127.0.0.1', 56203)
INFO 2025-11-08 10:18:24,562 basehttp 7276 4888 - Broken pipe from ('127.0.0.1', 56204)
INFO 2025-11-08 10:18:24,568 basehttp 7276 8776 "GET /logout/ HTTP/1.1" 302 0
INFO 2025-11-08 10:18:24,585 basehttp 7276 8776 "GET /login/ HTTP/1.1" 200 16549
INFO 2025-11-08 10:23:16,658 autoreload 14488 2412 Watching for file changes with StatReloader
INFO 2025-11-08 10:33:30,369 autoreload 14488 2412 C:\Users\Admin\Documents\Inspection_webapp\Conuar\conuar_webapp\etl\plc_data_processor.py changed, reloading.
INFO 2025-11-08 10:33:30,915 autoreload 12332 14524 Watching for file changes with StatReloader
INFO 2025-11-08 10:34:02,679 basehttp 12332 1736 "GET /login/ HTTP/1.1" 200 15790
INFO 2025-11-08 10:34:02,733 basehttp 12332 1736 "GET /static/assets/fav_icon.png HTTP/1.1" 200 113857
INFO 2025-11-08 10:34:08,685 basehttp 12332 1736 "POST /login/ HTTP/1.1" 200 16565
INFO 2025-11-08 10:34:16,745 basehttp 12332 1736 "POST /login/ HTTP/1.1" 200 16565
INFO 2025-11-08 10:34:21,710 basehttp 12332 1736 "POST /login/ HTTP/1.1" 302 0
INFO 2025-11-08 10:34:21,744 basehttp 12332 1736 "GET /inspections/ HTTP/1.1" 200 21015
INFO 2025-11-08 10:34:24,671 basehttp 12332 1736 "GET /inspections/ HTTP/1.1" 200 20668
INFO 2025-11-08 10:35:29,604 autoreload 12332 14524 C:\Users\Admin\Documents\Inspection_webapp\Conuar\conuar_webapp\etl\plc_data_processor.py changed, reloading.
INFO 2025-11-08 10:35:30,158 autoreload 15100 8736 Watching for file changes with StatReloader
INFO 2025-11-08 10:37:03,281 autoreload 15100 8736 C:\Users\Admin\Documents\Inspection_webapp\Conuar\conuar_webapp\etl\plc_data_processor.py changed, reloading.
INFO 2025-11-08 10:37:03,791 autoreload 8112 11736 Watching for file changes with StatReloader
INFO 2025-11-08 10:39:50,252 basehttp 8112 712 "GET /inspections/ HTTP/1.1" 200 20668
INFO 2025-11-08 10:39:51,310 basehttp 8112 712 "GET /inspections/ HTTP/1.1" 200 20668
INFO 2025-11-08 10:55:47,497 autoreload 11632 9540 Watching for file changes with StatReloader
INFO 2025-11-08 10:55:55,604 basehttp 11632 8212 "GET /logout/ HTTP/1.1" 302 0
INFO 2025-11-08 10:55:55,615 basehttp 11632 8212 "GET /login/ HTTP/1.1" 200 16549
INFO 2025-11-08 10:56:01,968 basehttp 11632 8212 "POST /login/ HTTP/1.1" 200 16565
INFO 2025-11-08 10:56:07,522 basehttp 11632 8212 "POST /login/ HTTP/1.1" 302 0
INFO 2025-11-08 10:56:07,543 basehttp 11632 8212 "GET /inspections/ HTTP/1.1" 200 30150
ERROR 2025-11-08 10:56:25,636 log 11632 8212 Internal Server Error: /dashboard/
Traceback (most recent call last):
  File "C:\Users\Admin\Documents\Inspection_webapp\conuar_env\Lib\site-packages\django\db\models\fields\related_descriptors.py", line 218, in __get__
    rel_obj = self.field.get_cached_value(instance)
              ^^^^^^^^^^^^^^^^^^^^^^^^^^^^^^^^^^^^^
  File "C:\Users\Admin\Documents\Inspection_webapp\conuar_env\Lib\site-packages\django\db\models\fields\mixins.py", line 15, in get_cached_value
    return instance._state.fields_cache[cache_name]
           ~~~~~~~~~~~~~~~~~~~~~~~~~~~~^^^^^^^^^^^^
KeyError: 'current_inspection'

During handling of the above exception, another exception occurred:

Traceback (most recent call last):
  File "C:\Users\Admin\Documents\Inspection_webapp\conuar_env\Lib\site-packages\django\core\handlers\exception.py", line 55, in inner
    response = get_response(request)
               ^^^^^^^^^^^^^^^^^^^^^
  File "C:\Users\Admin\Documents\Inspection_webapp\conuar_env\Lib\site-packages\django\core\handlers\base.py", line 197, in _get_response
    response = wrapped_callback(request, *callback_args, **callback_kwargs)
               ^^^^^^^^^^^^^^^^^^^^^^^^^^^^^^^^^^^^^^^^^^^^^^^^^^^^^^^^^^^^
  File "C:\Users\Admin\Documents\Inspection_webapp\conuar_env\Lib\site-packages\django\contrib\auth\decorators.py", line 23, in _wrapper_view
    return view_func(request, *args, **kwargs)
           ^^^^^^^^^^^^^^^^^^^^^^^^^^^^^^^^^^^
  File "C:\Users\Admin\Documents\Inspection_webapp\Conuar\conuar_webapp\main\permissions.py", line 53, in wrapper
    return view_func(request, *args, **kwargs)
           ^^^^^^^^^^^^^^^^^^^^^^^^^^^^^^^^^^^
  File "C:\Users\Admin\Documents\Inspection_webapp\Conuar\conuar_webapp\main\views.py", line 103, in dashboard
    machine = InspectionMachine.get_machine()
              ^^^^^^^^^^^^^^^^^^^^^^^^^^^^^^^
  File "C:\Users\Admin\Documents\Inspection_webapp\Conuar\conuar_webapp\main\models.py", line 396, in get_machine
    if not machine.current_inspection:
           ^^^^^^^^^^^^^^^^^^^^^^^^^^
  File "C:\Users\Admin\Documents\Inspection_webapp\conuar_env\Lib\site-packages\django\db\models\fields\related_descriptors.py", line 236, in __get__
    rel_obj = self.get_object(instance)
              ^^^^^^^^^^^^^^^^^^^^^^^^^
  File "C:\Users\Admin\Documents\Inspection_webapp\conuar_env\Lib\site-packages\django\db\models\fields\related_descriptors.py", line 366, in get_object
    return super().get_object(instance)
           ^^^^^^^^^^^^^^^^^^^^^^^^^^^^
  File "C:\Users\Admin\Documents\Inspection_webapp\conuar_env\Lib\site-packages\django\db\models\fields\related_descriptors.py", line 199, in get_object
    return qs.get(self.field.get_reverse_related_filter(instance))
           ^^^^^^^^^^^^^^^^^^^^^^^^^^^^^^^^^^^^^^^^^^^^^^^^^^^^^^^
  File "C:\Users\Admin\Documents\Inspection_webapp\conuar_env\Lib\site-packages\django\db\models\query.py", line 637, in get
    raise self.model.DoesNotExist(
main.models.Inspection.DoesNotExist: Inspection matching query does not exist.
ERROR 2025-11-08 10:56:25,640 basehttp 11632 8212 "GET /dashboard/ HTTP/1.1" 500 116505
ERROR 2025-11-08 10:56:28,891 log 11632 8212 Internal Server Error: /dashboard/
Traceback (most recent call last):
  File "C:\Users\Admin\Documents\Inspection_webapp\conuar_env\Lib\site-packages\django\db\models\fields\related_descriptors.py", line 218, in __get__
    rel_obj = self.field.get_cached_value(instance)
              ^^^^^^^^^^^^^^^^^^^^^^^^^^^^^^^^^^^^^
  File "C:\Users\Admin\Documents\Inspection_webapp\conuar_env\Lib\site-packages\django\db\models\fields\mixins.py", line 15, in get_cached_value
    return instance._state.fields_cache[cache_name]
           ~~~~~~~~~~~~~~~~~~~~~~~~~~~~^^^^^^^^^^^^
KeyError: 'current_inspection'

During handling of the above exception, another exception occurred:

Traceback (most recent call last):
  File "C:\Users\Admin\Documents\Inspection_webapp\conuar_env\Lib\site-packages\django\core\handlers\exception.py", line 55, in inner
    response = get_response(request)
               ^^^^^^^^^^^^^^^^^^^^^
  File "C:\Users\Admin\Documents\Inspection_webapp\conuar_env\Lib\site-packages\django\core\handlers\base.py", line 197, in _get_response
    response = wrapped_callback(request, *callback_args, **callback_kwargs)
               ^^^^^^^^^^^^^^^^^^^^^^^^^^^^^^^^^^^^^^^^^^^^^^^^^^^^^^^^^^^^
  File "C:\Users\Admin\Documents\Inspection_webapp\conuar_env\Lib\site-packages\django\contrib\auth\decorators.py", line 23, in _wrapper_view
    return view_func(request, *args, **kwargs)
           ^^^^^^^^^^^^^^^^^^^^^^^^^^^^^^^^^^^
  File "C:\Users\Admin\Documents\Inspection_webapp\Conuar\conuar_webapp\main\permissions.py", line 53, in wrapper
    return view_func(request, *args, **kwargs)
           ^^^^^^^^^^^^^^^^^^^^^^^^^^^^^^^^^^^
  File "C:\Users\Admin\Documents\Inspection_webapp\Conuar\conuar_webapp\main\views.py", line 103, in dashboard
    machine = InspectionMachine.get_machine()
              ^^^^^^^^^^^^^^^^^^^^^^^^^^^^^^^
  File "C:\Users\Admin\Documents\Inspection_webapp\Conuar\conuar_webapp\main\models.py", line 396, in get_machine
    if not machine.current_inspection:
           ^^^^^^^^^^^^^^^^^^^^^^^^^^
  File "C:\Users\Admin\Documents\Inspection_webapp\conuar_env\Lib\site-packages\django\db\models\fields\related_descriptors.py", line 236, in __get__
    rel_obj = self.get_object(instance)
              ^^^^^^^^^^^^^^^^^^^^^^^^^
  File "C:\Users\Admin\Documents\Inspection_webapp\conuar_env\Lib\site-packages\django\db\models\fields\related_descriptors.py", line 366, in get_object
    return super().get_object(instance)
           ^^^^^^^^^^^^^^^^^^^^^^^^^^^^
  File "C:\Users\Admin\Documents\Inspection_webapp\conuar_env\Lib\site-packages\django\db\models\fields\related_descriptors.py", line 199, in get_object
    return qs.get(self.field.get_reverse_related_filter(instance))
           ^^^^^^^^^^^^^^^^^^^^^^^^^^^^^^^^^^^^^^^^^^^^^^^^^^^^^^^
  File "C:\Users\Admin\Documents\Inspection_webapp\conuar_env\Lib\site-packages\django\db\models\query.py", line 637, in get
    raise self.model.DoesNotExist(
main.models.Inspection.DoesNotExist: Inspection matching query does not exist.
ERROR 2025-11-08 10:56:28,896 basehttp 11632 8212 "GET /dashboard/ HTTP/1.1" 500 116505
INFO 2025-11-08 10:56:56,765 basehttp 11632 8212 "GET /inspection/18/ HTTP/1.1" 200 32663
INFO 2025-11-08 10:56:56,887 basehttp 11632 14588 "GET /media/inspection_photos/PROCESSED/5678_8_NOK_151504112025_20251104114727787.bmp HTTP/1.1" 200 389878
INFO 2025-11-08 10:56:56,927 basehttp 11632 8212 "GET /media/inspection_photos/PROCESSED/5678_5_OK_151504112025_20251104114724787.bmp HTTP/1.1" 200 5014632
INFO 2025-11-08 10:56:56,966 basehttp 11632 9676 "GET /media/inspection_photos/PROCESSED/5678_6_OK_151504112025_20251104114725787.bmp HTTP/1.1" 200 15040566
INFO 2025-11-08 10:56:56,978 basehttp 11632 15292 "GET /media/inspection_photos/PROCESSED/5678_7_NOK_151504112025_20251104114726787.bmp HTTP/1.1" 200 15040566
INFO 2025-11-08 10:57:16,215 basehttp 11632 15292 "GET /inspection/17/ HTTP/1.1" 200 32342
INFO 2025-11-08 10:57:16,265 basehttp 11632 9676 "GET /media/inspection_photos/PROCESSED/1234_2_OK_151504112025_20251104084719787.bmp HTTP/1.1" 200 389878
INFO 2025-11-08 10:57:16,280 basehttp 11632 14588 "GET /media/inspection_photos/PROCESSED/1234_4_OK_151504112025_20251104084721787.bmp HTTP/1.1" 200 389878
INFO 2025-11-08 10:57:16,315 basehttp 11632 8212 "GET /media/inspection_photos/PROCESSED/1234_3_NOK_151504112025_20251104084720787.bmp HTTP/1.1" 200 5014632
INFO 2025-11-08 10:57:16,316 basehttp 11632 15292 "GET /media/inspection_photos/PROCESSED/1234_1_OK_151504112025_20251104084718787.bmp HTTP/1.1" 200 15040566
INFO 2025-11-08 11:06:10,532 basehttp 11632 13804 - Broken pipe from ('127.0.0.1', 57242)
INFO 2025-11-08 11:06:10,533 basehttp 11632 9480 - Broken pipe from ('127.0.0.1', 57243)
INFO 2025-11-08 11:06:10,533 basehttp 11632 10596 "GET /logout/ HTTP/1.1" 302 0
INFO 2025-11-08 11:06:10,541 basehttp 11632 10596 "GET /login/ HTTP/1.1" 200 16549
INFO 2025-11-08 11:28:11,593 autoreload 1312 13508 Watching for file changes with StatReloader
INFO 2025-11-08 11:28:33,692 basehttp 1312 13040 "POST /login/ HTTP/1.1" 200 16565
INFO 2025-11-08 11:28:40,281 basehttp 1312 13040 "POST /login/ HTTP/1.1" 200 16565
INFO 2025-11-08 11:28:46,950 basehttp 1312 13040 "POST /login/ HTTP/1.1" 302 0
INFO 2025-11-08 11:28:46,988 basehttp 1312 13040 "GET /inspections/ HTTP/1.1" 200 21015
INFO 2025-11-08 11:30:11,767 basehttp 1312 13040 "GET /inspections/ HTTP/1.1" 200 20668
INFO 2025-11-08 11:30:40,892 autoreload 15412 15800 Watching for file changes with StatReloader
INFO 2025-11-08 11:45:25,945 autoreload 13996 4752 Watching for file changes with StatReloader
INFO 2025-11-08 11:48:07,262 autoreload 11616 12800 Watching for file changes with StatReloader
INFO 2025-11-08 11:50:28,582 autoreload 15984 11880 Watching for file changes with StatReloader
INFO 2025-11-08 11:56:12,248 autoreload 12284 8804 Watching for file changes with StatReloader
INFO 2025-11-08 11:56:42,668 basehttp 12284 15700 "GET /logout/ HTTP/1.1" 302 0
INFO 2025-11-08 11:56:42,685 basehttp 12284 15700 "GET /login/ HTTP/1.1" 200 16549
INFO 2025-11-08 11:56:48,067 basehttp 12284 15700 "POST /login/ HTTP/1.1" 200 16565
INFO 2025-11-08 11:56:52,734 basehttp 12284 15700 "POST /login/ HTTP/1.1" 200 16565
INFO 2025-11-08 11:56:58,495 basehttp 12284 15700 "POST /login/ HTTP/1.1" 200 16565
INFO 2025-11-08 11:57:11,455 basehttp 12284 15700 "POST /login/ HTTP/1.1" 200 16565
INFO 2025-11-08 11:57:30,449 basehttp 12284 15700 "GET /password-reset/SUPERUSER_PASSWORD_CHANGE_2024/ HTTP/1.1" 200 18505
INFO 2025-11-08 11:57:39,171 basehttp 12284 15700 "POST /password-reset/SUPERUSER_PASSWORD_CHANGE_2024/ HTTP/1.1" 302 0
INFO 2025-11-08 11:57:39,175 basehttp 12284 15700 "GET /login/ HTTP/1.1" 200 16653
INFO 2025-11-08 11:57:44,216 basehttp 12284 15700 "POST /login/ HTTP/1.1" 302 0
INFO 2025-11-08 11:57:44,246 basehttp 12284 15700 "GET /inspections/ HTTP/1.1" 200 21015
INFO 2025-11-08 12:04:44,221 autoreload 6252 908 Watching for file changes with StatReloader
INFO 2025-11-08 12:07:46,490 basehttp 6252 14980 - Broken pipe from ('127.0.0.1', 59024)
INFO 2025-11-08 12:07:46,491 basehttp 6252 15656 "GET /logout/ HTTP/1.1" 302 0
INFO 2025-11-08 12:07:46,500 basehttp 6252 15656 "GET /login/ HTTP/1.1" 200 16549
INFO 2025-11-08 12:19:55,698 autoreload 1648 14696 Watching for file changes with StatReloader
INFO 2025-11-08 12:27:14,933 autoreload 13540 14208 Watching for file changes with StatReloader
INFO 2025-11-08 12:27:29,925 basehttp 13540 9496 "POST /login/ HTTP/1.1" 302 0
INFO 2025-11-08 12:27:29,992 basehttp 13540 9496 "GET /inspections/ HTTP/1.1" 200 30148
INFO 2025-11-08 12:28:32,357 basehttp 13540 9496 "GET /inspection/1/ HTTP/1.1" 200 32341
INFO 2025-11-08 12:28:59,932 basehttp 13540 9496 "GET /inspection/1/pdf/ HTTP/1.1" 200 12986338
INFO 2025-11-08 12:31:38,897 autoreload 13868 3032 Watching for file changes with StatReloader
INFO 2025-11-08 12:31:51,097 basehttp 13868 9896 "GET /inspections/ HTTP/1.1" 200 20668
INFO 2025-11-08 12:35:02,334 autoreload 8796 10288 Watching for file changes with StatReloader
INFO 2025-11-08 12:35:14,263 basehttp 8796 15620 "GET /inspections/ HTTP/1.1" 200 29801
INFO 2025-11-08 12:35:50,214 basehttp 8796 15620 "GET /inspection/2/ HTTP/1.1" 200 38744
INFO 2025-11-08 12:36:20,351 basehttp 8796 15620 "GET /inspection/2/pdf/ HTTP/1.1" 200 16684156
INFO 2025-11-08 13:00:06,485 basehttp 8796 16260 "GET /logout/ HTTP/1.1" 302 0
INFO 2025-11-08 13:00:06,487 basehttp 8796 16072 - Broken pipe from ('127.0.0.1', 59262)
INFO 2025-11-08 13:00:06,493 basehttp 8796 16260 "GET /login/ HTTP/1.1" 200 16549
INFO 2025-12-02 21:43:37,751 autoreload 13564 9424 Watching for file changes with StatReloader
INFO 2025-12-02 21:43:43,886 basehttp 13564 15668 "GET /admin HTTP/1.1" 301 0
INFO 2025-12-02 21:43:43,897 basehttp 13564 13812 "GET /admin/ HTTP/1.1" 302 0
INFO 2025-12-02 21:43:44,007 basehttp 13564 13812 "GET /admin/login/?next=/admin/ HTTP/1.1" 200 4181
INFO 2025-12-02 21:43:44,100 basehttp 13564 13812 "GET /static/admin/css/base.css HTTP/1.1" 200 21310
INFO 2025-12-02 21:43:44,115 basehttp 13564 7580 "GET /static/admin/css/dark_mode.css HTTP/1.1" 200 2929
INFO 2025-12-02 21:43:44,116 basehttp 13564 12944 "GET /static/admin/css/responsive.css HTTP/1.1" 200 18559
INFO 2025-12-02 21:43:44,119 basehttp 13564 3916 "GET /static/admin/css/nav_sidebar.css HTTP/1.1" 200 2694
INFO 2025-12-02 21:43:44,119 basehttp 13564 6336 "GET /static/admin/css/login.css HTTP/1.1" 200 958
INFO 2025-12-02 21:43:44,128 basehttp 13564 13812 "GET /static/admin/js/nav_sidebar.js HTTP/1.1" 200 3063
INFO 2025-12-02 21:43:44,129 basehttp 13564 2216 "GET /static/admin/js/theme.js HTTP/1.1" 200 1943
WARNING 2025-12-02 21:43:44,166 log 13564 2216 Not Found: /favicon.ico
WARNING 2025-12-02 21:43:44,167 basehttp 13564 2216 "GET /favicon.ico HTTP/1.1" 404 4191
INFO 2025-12-02 21:43:50,284 basehttp 13564 2216 "GET / HTTP/1.1" 302 0
INFO 2025-12-02 21:43:50,286 basehttp 13564 2216 "GET /inspections/ HTTP/1.1" 302 0
INFO 2025-12-02 21:43:50,346 basehttp 13564 2216 "GET /login/?next=/inspections/ HTTP/1.1" 200 15907
INFO 2025-12-02 21:43:50,375 basehttp 13564 2216 "GET /static/css/custom.css HTTP/1.1" 304 0
INFO 2025-12-02 21:43:50,376 basehttp 13564 13812 "GET /static/assets/logo_conuar1.svg HTTP/1.1" 304 0
INFO 2025-12-02 21:43:50,376 basehttp 13564 6336 "GET /static/js/auto-logout.js HTTP/1.1" 304 0
INFO 2025-12-02 21:43:50,429 basehttp 13564 6336 "GET /static/assets/fav_icon.png HTTP/1.1" 304 0
INFO 2025-12-02 21:43:56,217 basehttp 13564 6336 "POST /login/?next=/inspections/ HTTP/1.1" 200 16682
INFO 2025-12-02 21:44:06,339 basehttp 13564 6336 "POST /login/?next=/inspections/ HTTP/1.1" 200 16682
INFO 2025-12-02 21:44:36,510 basehttp 13564 6336 "POST /login/?next=/inspections/ HTTP/1.1" 302 0
INFO 2025-12-02 21:44:36,565 basehttp 13564 6336 "GET /inspections/ HTTP/1.1" 200 30148
INFO 2025-12-02 21:44:40,110 basehttp 13564 6336 "GET /inspections/ HTTP/1.1" 200 29801
INFO 2025-12-02 21:44:41,032 basehttp 13564 6336 "GET /dashboard/ HTTP/1.1" 200 18150
INFO 2025-12-02 21:44:45,309 basehttp 13564 6336 "GET /configuration/ HTTP/1.1" 200 26616
INFO 2025-12-02 21:44:48,987 basehttp 13564 6336 "GET /configuration/ HTTP/1.1" 200 26616
INFO 2025-12-02 21:44:49,640 basehttp 13564 6336 "GET /logout/ HTTP/1.1" 302 0
INFO 2025-12-02 21:44:49,645 basehttp 13564 6336 "GET /login/ HTTP/1.1" 200 16549
INFO 2025-12-02 21:44:50,946 basehttp 13564 6336 "GET /about/ HTTP/1.1" 200 20353
INFO 2025-12-04 20:53:54,473 autoreload 1112 2684 Watching for file changes with StatReloader
INFO 2025-12-04 20:55:29,892 basehttp 1112 9412 "GET / HTTP/1.1" 302 0
INFO 2025-12-04 20:55:29,896 basehttp 1112 9412 "GET /inspections/ HTTP/1.1" 302 0
INFO 2025-12-04 20:55:29,909 basehttp 1112 9412 "GET /login/?next=/inspections/ HTTP/1.1" 200 15907
INFO 2025-12-04 20:57:37,332 autoreload 13440 13436 Watching for file changes with StatReloader
INFO 2025-12-04 20:57:42,870 basehttp 13440 13928 "GET / HTTP/1.1" 302 0
INFO 2025-12-04 20:57:42,880 basehttp 13440 13928 "GET /inspections/ HTTP/1.1" 302 0
INFO 2025-12-04 20:57:42,914 basehttp 13440 13928 "GET /login/?next=/inspections/ HTTP/1.1" 200 15907
INFO 2025-12-05 08:52:47,604 autoreload 4076 15484 Watching for file changes with StatReloader
WARNING 2025-12-05 08:53:00,070 log 4076 3556 Not Found: /favicon.ico
WARNING 2025-12-05 08:53:00,072 basehttp 4076 3556 "GET /favicon.ico HTTP/1.1" 404 5235
INFO 2025-12-05 08:53:03,765 basehttp 4076 3556 "GET / HTTP/1.1" 302 0
INFO 2025-12-05 08:53:03,768 basehttp 4076 3556 "GET /inspections/ HTTP/1.1" 302 0
INFO 2025-12-05 08:53:03,803 basehttp 4076 3556 "GET /login/?next=/inspections/ HTTP/1.1" 200 15907
INFO 2025-12-05 08:53:15,986 basehttp 4076 3556 "GET /static/assets/fav_icon.png HTTP/1.1" 200 113857
INFO 2025-12-05 08:53:30,903 basehttp 4076 3556 "POST /login/?next=/inspections/ HTTP/1.1" 302 0
INFO 2025-12-05 08:53:31,049 basehttp 4076 3556 "GET /inspections/ HTTP/1.1" 200 64774
INFO 2025-12-05 09:03:44,601 basehttp 4076 13588 "GET /logout/ HTTP/1.1" 302 0
INFO 2025-12-05 09:03:44,605 basehttp 4076 13588 "GET /login/ HTTP/1.1" 200 16549
INFO 2025-12-05 16:07:33,493 basehttp 4076 17452 "GET /login/ HTTP/1.1" 200 15790
INFO 2025-12-05 16:07:53,867 autoreload 17356 12464 Watching for file changes with StatReloader
INFO 2025-12-05 16:07:59,318 basehttp 17356 9752 "GET /login/ HTTP/1.1" 200 15790
INFO 2025-12-05 16:42:41,118 basehttp 17356 9024 "POST /login/ HTTP/1.1" 302 0
INFO 2025-12-05 16:42:41,192 basehttp 17356 9024 "GET /inspections/ HTTP/1.1" 200 64774
INFO 2025-12-05 16:42:43,642 basehttp 17356 9024 "GET /inspection/10/ HTTP/1.1" 200 48338
WARNING 2025-12-05 16:42:43,700 log 17356 8416 Not Found: /media/inspection_photos/NOK/PRUEB11.bmp
WARNING 2025-12-05 16:42:43,700 basehttp 17356 8416 "GET /media/inspection_photos/NOK/PRUEB11.bmp HTTP/1.1" 404 5617
WARNING 2025-12-05 16:42:43,702 log 17356 17760 Not Found: /media/inspection_photos/NOK/PRUEB13.bmp
WARNING 2025-12-05 16:42:43,705 log 17356 13000 Not Found: /media/inspection_photos/NOK/PRUEB4.svg
WARNING 2025-12-05 16:42:43,705 basehttp 17356 17760 "GET /media/inspection_photos/NOK/PRUEB13.bmp HTTP/1.1" 404 5617
WARNING 2025-12-05 16:42:43,706 basehttp 17356 13000 "GET /media/inspection_photos/NOK/PRUEB4.svg HTTP/1.1" 404 5613
WARNING 2025-12-05 16:42:43,710 log 17356 9024 Not Found: /media/inspection_photos/NOK/PRUEB10.bmp
WARNING 2025-12-05 16:42:43,712 basehttp 17356 9024 "GET /media/inspection_photos/NOK/PRUEB10.bmp HTTP/1.1" 404 5617
WARNING 2025-12-05 16:42:43,712 log 17356 5148 Not Found: /media/inspection_photos/NOK/PRUEB12.bmp
WARNING 2025-12-05 16:42:43,713 log 17356 15232 Not Found: /media/inspection_photos/NOK/PRUEB4.bmp
WARNING 2025-12-05 16:42:43,715 basehttp 17356 5148 "GET /media/inspection_photos/NOK/PRUEB12.bmp HTTP/1.1" 404 5617
WARNING 2025-12-05 16:42:43,716 basehttp 17356 15232 "GET /media/inspection_photos/NOK/PRUEB4.bmp HTTP/1.1" 404 5613
WARNING 2025-12-05 16:42:43,719 log 17356 8416 Not Found: /media/inspection_photos/NOK/PRUEB5.bmp
WARNING 2025-12-05 16:42:43,720 basehttp 17356 8416 "GET /media/inspection_photos/NOK/PRUEB5.bmp HTTP/1.1" 404 5613
WARNING 2025-12-05 16:42:43,726 log 17356 17760 Not Found: /media/inspection_photos/NOK/PRUEB5.svg
WARNING 2025-12-05 16:42:43,729 basehttp 17356 17760 "GET /media/inspection_photos/NOK/PRUEB5.svg HTTP/1.1" 404 5613
WARNING 2025-12-05 16:42:43,733 log 17356 13000 Not Found: /media/inspection_photos/NOK/PRUEB6.bmp
WARNING 2025-12-05 16:42:43,734 basehttp 17356 13000 "GET /media/inspection_photos/NOK/PRUEB6.bmp HTTP/1.1" 404 5613
WARNING 2025-12-05 16:42:43,735 log 17356 5148 Not Found: /media/inspection_photos/NOK/PRUEB7.bmp
WARNING 2025-12-05 16:42:43,736 log 17356 9024 Not Found: /media/inspection_photos/NOK/PRUEB6.svg
WARNING 2025-12-05 16:42:43,736 basehttp 17356 5148 "GET /media/inspection_photos/NOK/PRUEB7.bmp HTTP/1.1" 404 5613
WARNING 2025-12-05 16:42:43,736 basehttp 17356 9024 "GET /media/inspection_photos/NOK/PRUEB6.svg HTTP/1.1" 404 5613
WARNING 2025-12-05 16:42:43,738 log 17356 15232 Not Found: /media/inspection_photos/NOK/PRUEB8.bmp
WARNING 2025-12-05 16:42:43,738 basehttp 17356 15232 "GET /media/inspection_photos/NOK/PRUEB8.bmp HTTP/1.1" 404 5613
WARNING 2025-12-05 16:42:43,740 log 17356 8416 Not Found: /media/inspection_photos/NOK/PRUEB9.bmp
WARNING 2025-12-05 16:42:43,741 basehttp 17356 8416 "GET /media/inspection_photos/NOK/PRUEB9.bmp HTTP/1.1" 404 5613
WARNING 2025-12-05 16:43:00,284 log 17356 8416 Not Found: /.well-known/appspecific/com.chrome.devtools.json
WARNING 2025-12-05 16:43:00,284 basehttp 17356 8416 "GET /.well-known/appspecific/com.chrome.devtools.json HTTP/1.1" 404 5346
INFO 2025-12-05 16:52:45,706 basehttp 17356 5148 - Broken pipe from ('127.0.0.1', 58160)
INFO 2025-12-05 16:52:45,706 basehttp 17356 13000 "GET /logout/ HTTP/1.1" 302 0
INFO 2025-12-05 16:52:45,709 basehttp 17356 13000 "GET /login/ HTTP/1.1" 200 16549
WARNING 2025-12-05 16:52:45,734 log 17356 13000 Not Found: /.well-known/appspecific/com.chrome.devtools.json
WARNING 2025-12-05 16:52:45,735 basehttp 17356 13000 "GET /.well-known/appspecific/com.chrome.devtools.json HTTP/1.1" 404 5346
INFO 2025-12-07 11:04:21,634 autoreload 19108 12712 Watching for file changes with StatReloader
INFO 2025-12-07 11:04:39,486 basehttp 19108 2336 "GET / HTTP/1.1" 302 0
INFO 2025-12-07 11:04:39,488 basehttp 19108 2336 "GET /inspections/ HTTP/1.1" 302 0
INFO 2025-12-07 11:04:39,571 basehttp 19108 2336 "GET /login/?next=/inspections/ HTTP/1.1" 200 15907
INFO 2025-12-07 11:04:39,711 basehttp 19108 2336 "GET /static/css/custom.css HTTP/1.1" 200 8902
INFO 2025-12-07 11:04:39,714 basehttp 19108 18392 "GET /static/js/auto-logout.js HTTP/1.1" 200 7754
INFO 2025-12-07 11:04:39,717 basehttp 19108 2148 "GET /static/assets/logo_conuar1.svg HTTP/1.1" 200 14909
INFO 2025-12-07 11:04:49,762 basehttp 19108 2148 "POST /login/?next=/inspections/ HTTP/1.1" 302 0
INFO 2025-12-07 11:04:49,882 basehttp 19108 2148 "GET /inspections/ HTTP/1.1" 200 64774
INFO 2025-12-07 11:04:57,995 basehttp 19108 2148 "GET /dashboard/ HTTP/1.1" 200 18150
INFO 2025-12-07 11:05:12,959 basehttp 19108 2148 "GET /configuration/ HTTP/1.1" 200 26823
INFO 2025-12-07 11:05:22,412 basehttp 19108 2148 "GET /inspections/ HTTP/1.1" 200 64427
INFO 2025-12-07 11:05:28,895 basehttp 19108 2148 "GET /inspection/10/ HTTP/1.1" 200 48338
INFO 2025-12-07 11:05:28,932 basehttp 19108 14304 "GET /media/inspection_photos/NOK/PRUEB4.svg HTTP/1.1" 200 1474
INFO 2025-12-07 11:05:28,979 basehttp 19108 2148 "GET /media/inspection_photos/NOK/PRUEB10.bmp HTTP/1.1" 200 5014632
INFO 2025-12-07 11:05:28,999 basehttp 19108 2148 "GET /media/inspection_photos/NOK/PRUEB5.svg HTTP/1.1" 200 1474
INFO 2025-12-07 11:05:28,999 basehttp 19108 5356 "GET /media/inspection_photos/NOK/PRUEB13.bmp HTTP/1.1" 200 5014632
INFO 2025-12-07 11:05:29,002 basehttp 19108 2336 "GET /media/inspection_photos/NOK/PRUEB12.bmp HTTP/1.1" 200 5014632
INFO 2025-12-07 11:05:29,019 basehttp 19108 2148 "GET /media/inspection_photos/NOK/PRUEB6.svg HTTP/1.1" 200 1474
INFO 2025-12-07 11:05:29,023 basehttp 19108 18292 "GET /media/inspection_photos/NOK/PRUEB4.bmp HTTP/1.1" 200 5014632
INFO 2025-12-07 11:05:29,033 basehttp 19108 14304 "GET /media/inspection_photos/NOK/PRUEB5.bmp HTTP/1.1" 200 5014632
INFO 2025-12-07 11:05:29,034 basehttp 19108 18392 "GET /media/inspection_photos/NOK/PRUEB11.bmp HTTP/1.1" 200 5014632
INFO 2025-12-07 11:05:29,064 basehttp 19108 2336 "GET /media/inspection_photos/NOK/PRUEB7.bmp HTTP/1.1" 200 5014632
INFO 2025-12-07 11:05:29,067 basehttp 19108 5356 "GET /media/inspection_photos/NOK/PRUEB6.bmp HTTP/1.1" 200 5014632
INFO 2025-12-07 11:05:29,069 basehttp 19108 2148 "GET /media/inspection_photos/NOK/PRUEB8.bmp HTTP/1.1" 200 5014632
INFO 2025-12-07 11:05:29,069 basehttp 19108 18292 "GET /media/inspection_photos/NOK/PRUEB9.bmp HTTP/1.1" 200 5014632
INFO 2025-12-07 11:11:39,063 basehttp 19108 3320 "GET /inspections/ HTTP/1.1" 200 64427
INFO 2025-12-07 12:43:05,241 autoreload 5156 10548 Watching for file changes with StatReloader
INFO 2025-12-07 12:43:06,110 basehttp 5156 19008 "GET / HTTP/1.1" 302 0
INFO 2025-12-07 12:43:06,112 basehttp 5156 19008 "GET /inspections/ HTTP/1.1" 302 0
INFO 2025-12-07 12:43:06,173 basehttp 5156 19008 "GET /login/?next=/inspections/ HTTP/1.1" 200 15907
INFO 2025-12-07 12:43:06,268 basehttp 5156 19008 "GET /static/assets/fav_icon.png HTTP/1.1" 200 113857
INFO 2025-12-09 22:03:48,291 autoreload 15448 18476 Watching for file changes with StatReloader
INFO 2025-12-09 22:04:14,965 basehttp 15448 18792 "GET / HTTP/1.1" 302 0
INFO 2025-12-09 22:04:14,967 basehttp 15448 18792 "GET /inspections/ HTTP/1.1" 302 0
INFO 2025-12-09 22:04:15,000 basehttp 15448 18792 "GET /login/?next=/inspections/ HTTP/1.1" 200 15907
INFO 2025-12-10 14:57:35,677 autoreload 21064 20404 Watching for file changes with StatReloader
INFO 2025-12-10 14:58:20,037 basehttp 21064 4392 "POST /login/?next=/inspections/ HTTP/1.1" 200 16682
INFO 2025-12-10 14:58:25,800 basehttp 21064 4392 "POST /login/?next=/inspections/ HTTP/1.1" 200 16682
INFO 2025-12-10 14:58:32,020 basehttp 21064 4392 "POST /login/?next=/inspections/ HTTP/1.1" 302 0
INFO 2025-12-10 14:58:32,081 basehttp 21064 4392 "GET /inspections/ HTTP/1.1" 200 21015
ERROR 2025-12-10 14:58:36,567 log 21064 4392 Internal Server Error: /dashboard/
Traceback (most recent call last):
  File "C:\Users\USER\AppData\Local\Packages\PythonSoftwareFoundation.Python.3.11_qbz5n2kfra8p0\LocalCache\local-packages\Python311\site-packages\django\db\models\fields\related_descriptors.py", line 243, in __get__
    rel_obj = self.field.get_cached_value(instance)
              ^^^^^^^^^^^^^^^^^^^^^^^^^^^^^^^^^^^^^
  File "C:\Users\USER\AppData\Local\Packages\PythonSoftwareFoundation.Python.3.11_qbz5n2kfra8p0\LocalCache\local-packages\Python311\site-packages\django\db\models\fields\mixins.py", line 37, in get_cached_value
    return instance._state.fields_cache[self.cache_name]
           ~~~~~~~~~~~~~~~~~~~~~~~~~~~~^^^^^^^^^^^^^^^^^
KeyError: 'current_inspection'

During handling of the above exception, another exception occurred:

Traceback (most recent call last):
  File "C:\Users\USER\AppData\Local\Packages\PythonSoftwareFoundation.Python.3.11_qbz5n2kfra8p0\LocalCache\local-packages\Python311\site-packages\django\core\handlers\exception.py", line 55, in inner
    response = get_response(request)
               ^^^^^^^^^^^^^^^^^^^^^
  File "C:\Users\USER\AppData\Local\Packages\PythonSoftwareFoundation.Python.3.11_qbz5n2kfra8p0\LocalCache\local-packages\Python311\site-packages\django\core\handlers\base.py", line 197, in _get_response
    response = wrapped_callback(request, *callback_args, **callback_kwargs)
               ^^^^^^^^^^^^^^^^^^^^^^^^^^^^^^^^^^^^^^^^^^^^^^^^^^^^^^^^^^^^
  File "C:\Users\USER\AppData\Local\Packages\PythonSoftwareFoundation.Python.3.11_qbz5n2kfra8p0\LocalCache\local-packages\Python311\site-packages\django\contrib\auth\decorators.py", line 59, in _view_wrapper
    return view_func(request, *args, **kwargs)
           ^^^^^^^^^^^^^^^^^^^^^^^^^^^^^^^^^^^
  File "C:\Users\USER\Documents\GitHub\Inspection_webapp\Conuar\conuar_webapp\main\permissions.py", line 53, in wrapper
    return view_func(request, *args, **kwargs)
           ^^^^^^^^^^^^^^^^^^^^^^^^^^^^^^^^^^^
  File "C:\Users\USER\Documents\GitHub\Inspection_webapp\Conuar\conuar_webapp\main\views.py", line 103, in dashboard
    machine = InspectionMachine.get_machine()
              ^^^^^^^^^^^^^^^^^^^^^^^^^^^^^^^
  File "C:\Users\USER\Documents\GitHub\Inspection_webapp\Conuar\conuar_webapp\main\models.py", line 396, in get_machine
    if not machine.current_inspection:
           ^^^^^^^^^^^^^^^^^^^^^^^^^^
  File "C:\Users\USER\AppData\Local\Packages\PythonSoftwareFoundation.Python.3.11_qbz5n2kfra8p0\LocalCache\local-packages\Python311\site-packages\django\db\models\fields\related_descriptors.py", line 261, in __get__
    rel_obj = self.get_object(instance)
              ^^^^^^^^^^^^^^^^^^^^^^^^^
  File "C:\Users\USER\AppData\Local\Packages\PythonSoftwareFoundation.Python.3.11_qbz5n2kfra8p0\LocalCache\local-packages\Python311\site-packages\django\db\models\fields\related_descriptors.py", line 391, in get_object
    return super().get_object(instance)
           ^^^^^^^^^^^^^^^^^^^^^^^^^^^^
  File "C:\Users\USER\AppData\Local\Packages\PythonSoftwareFoundation.Python.3.11_qbz5n2kfra8p0\LocalCache\local-packages\Python311\site-packages\django\db\models\fields\related_descriptors.py", line 224, in get_object
    return qs.get(self.field.get_reverse_related_filter(instance))
           ^^^^^^^^^^^^^^^^^^^^^^^^^^^^^^^^^^^^^^^^^^^^^^^^^^^^^^^
  File "C:\Users\USER\AppData\Local\Packages\PythonSoftwareFoundation.Python.3.11_qbz5n2kfra8p0\LocalCache\local-packages\Python311\site-packages\django\db\models\query.py", line 633, in get
    raise self.model.DoesNotExist(
main.models.Inspection.DoesNotExist: Inspection matching query does not exist.
ERROR 2025-12-10 14:58:36,569 basehttp 21064 4392 "GET /dashboard/ HTTP/1.1" 500 115376
WARNING 2025-12-10 14:58:36,639 log 21064 4392 Not Found: /favicon.ico
WARNING 2025-12-10 14:58:36,639 basehttp 21064 4392 "GET /favicon.ico HTTP/1.1" 404 5235
INFO 2025-12-10 15:08:35,154 basehttp 21064 4484 - Broken pipe from ('127.0.0.1', 64093)
INFO 2025-12-10 15:08:35,157 basehttp 21064 11428 - Broken pipe from ('127.0.0.1', 51710)
INFO 2025-12-10 15:08:35,157 basehttp 21064 16808 - Broken pipe from ('127.0.0.1', 49889)
INFO 2025-12-10 15:08:35,157 basehttp 21064 14572 - Broken pipe from ('127.0.0.1', 51144)
INFO 2025-12-10 15:08:35,157 basehttp 21064 20916 - Broken pipe from ('127.0.0.1', 53777)
INFO 2025-12-10 15:08:35,158 basehttp 21064 17104 - Broken pipe from ('127.0.0.1', 64456)
INFO 2025-12-10 15:08:35,165 basehttp 21064 20240 - Broken pipe from ('127.0.0.1', 65230)
INFO 2025-12-10 15:08:35,168 basehttp 21064 15356 - Broken pipe from ('127.0.0.1', 62445)
INFO 2025-12-10 15:08:35,169 basehttp 21064 19660 - Broken pipe from ('127.0.0.1', 60428)
INFO 2025-12-10 15:08:35,169 basehttp 21064 20820 - Broken pipe from ('127.0.0.1', 55588)
INFO 2025-12-10 15:08:35,170 basehttp 21064 20996 - Broken pipe from ('127.0.0.1', 62569)
INFO 2025-12-10 15:08:35,174 basehttp 21064 18772 - Broken pipe from ('127.0.0.1', 56572)
INFO 2025-12-10 15:08:35,175 basehttp 21064 20784 - Broken pipe from ('127.0.0.1', 58584)
INFO 2025-12-10 15:08:35,175 basehttp 21064 19836 - Broken pipe from ('127.0.0.1', 49579)
INFO 2025-12-10 15:08:35,176 basehttp 21064 18956 - Broken pipe from ('127.0.0.1', 62787)
INFO 2025-12-10 15:08:35,177 basehttp 21064 5676 - Broken pipe from ('127.0.0.1', 54340)
INFO 2025-12-10 15:08:35,179 basehttp 21064 19796 - Broken pipe from ('127.0.0.1', 60305)
INFO 2025-12-10 15:08:35,179 basehttp 21064 8932 - Broken pipe from ('127.0.0.1', 50270)
INFO 2025-12-10 15:08:35,184 basehttp 21064 15944 - Broken pipe from ('127.0.0.1', 57533)
INFO 2025-12-10 15:08:35,185 basehttp 21064 21460 - Broken pipe from ('127.0.0.1', 52023)
INFO 2025-12-10 15:08:35,186 basehttp 21064 21148 - Broken pipe from ('127.0.0.1', 53981)
INFO 2025-12-10 15:08:35,187 basehttp 21064 20860 - Broken pipe from ('127.0.0.1', 51845)
INFO 2025-12-10 15:08:35,189 basehttp 21064 19092 - Broken pipe from ('127.0.0.1', 61066)
INFO 2025-12-10 15:08:35,189 basehttp 21064 9640 - Broken pipe from ('127.0.0.1', 58321)
INFO 2025-12-10 15:08:35,190 basehttp 21064 17072 - Broken pipe from ('127.0.0.1', 58136)
INFO 2025-12-10 15:08:35,191 basehttp 21064 3568 - Broken pipe from ('127.0.0.1', 62573)
INFO 2025-12-10 15:08:35,194 basehttp 21064 21500 - Broken pipe from ('127.0.0.1', 54358)
INFO 2025-12-10 15:08:35,194 basehttp 21064 21348 - Broken pipe from ('127.0.0.1', 61346)
INFO 2025-12-10 15:08:35,195 basehttp 21064 4952 - Broken pipe from ('127.0.0.1', 56383)
INFO 2025-12-10 15:08:35,196 basehttp 21064 21296 - Broken pipe from ('127.0.0.1', 64720)
INFO 2025-12-10 15:08:35,196 basehttp 21064 20228 - Broken pipe from ('127.0.0.1', 49873)
INFO 2025-12-10 15:08:35,197 basehttp 21064 20208 - Broken pipe from ('127.0.0.1', 56224)
INFO 2025-12-10 15:08:35,199 basehttp 21064 13332 - Broken pipe from ('127.0.0.1', 62450)
INFO 2025-12-10 15:08:35,199 basehttp 21064 17348 - Broken pipe from ('127.0.0.1', 50737)
INFO 2025-12-10 15:08:35,657 basehttp 21064 17856 "GET /logout/ HTTP/1.1" 302 0
INFO 2025-12-10 15:08:35,659 basehttp 21064 17856 "GET /login/ HTTP/1.1" 200 16549
INFO 2025-12-10 15:09:25,035 basehttp 21064 17856 "GET /login/ HTTP/1.1" 200 15790
INFO 2025-12-10 15:09:34,858 basehttp 21064 17856 "POST /login/ HTTP/1.1" 302 0
INFO 2025-12-10 15:09:34,889 basehttp 21064 17856 "GET /inspections/ HTTP/1.1" 200 21015
INFO 2025-12-10 15:19:38,107 basehttp 21064 18600 "GET /logout/ HTTP/1.1" 302 0
INFO 2025-12-10 15:19:38,109 basehttp 21064 18600 "GET /login/ HTTP/1.1" 200 16549
INFO 2025-12-10 15:52:05,707 autoreload 21064 20404 C:\Users\USER\Documents\GitHub\Inspection_webapp\Conuar\conuar_webapp\main\apps.py changed, reloading.
INFO 2025-12-10 15:52:06,080 autoreload 12480 18512 Watching for file changes with StatReloader
INFO 2025-12-10 15:52:35,971 autoreload 12480 18512 C:\Users\USER\Documents\GitHub\Inspection_webapp\Conuar\conuar_webapp\main\apps.py changed, reloading.
INFO 2025-12-10 15:52:36,328 autoreload 20696 15620 Watching for file changes with StatReloader
INFO 2025-12-10 15:53:18,551 autoreload 19436 18156 Watching for file changes with StatReloader
INFO 2025-12-10 15:58:42,333 autoreload 18204 16740 Watching for file changes with StatReloader
INFO 2025-12-10 15:59:58,210 basehttp 18204 11376 "POST /login/ HTTP/1.1" 302 0
INFO 2025-12-10 15:59:58,252 basehttp 18204 11376 "GET /inspections/ HTTP/1.1" 200 21015
INFO 2025-12-10 16:07:53,685 basehttp 18204 19812 "GET /inspections/ HTTP/1.1" 200 20668
INFO 2025-12-10 16:07:56,285 basehttp 18204 19812 "GET /inspections/ HTTP/1.1" 200 20668
INFO 2025-12-10 16:07:57,265 basehttp 18204 19812 "GET /inspections/ HTTP/1.1" 200 20668
INFO 2025-12-10 16:07:57,944 basehttp 18204 19812 "GET /inspections/ HTTP/1.1" 200 20668
INFO 2025-12-10 16:08:19,900 basehttp 18204 19812 "GET /inspections/ HTTP/1.1" 200 20668
INFO 2025-12-10 16:08:21,874 basehttp 18204 19812 "GET /inspections/ HTTP/1.1" 200 20668
ERROR 2025-12-10 16:08:23,343 log 18204 19812 Internal Server Error: /dashboard/
Traceback (most recent call last):
  File "C:\Users\USER\AppData\Local\Packages\PythonSoftwareFoundation.Python.3.11_qbz5n2kfra8p0\LocalCache\local-packages\Python311\site-packages\django\db\models\fields\related_descriptors.py", line 243, in __get__
    rel_obj = self.field.get_cached_value(instance)
              ^^^^^^^^^^^^^^^^^^^^^^^^^^^^^^^^^^^^^
  File "C:\Users\USER\AppData\Local\Packages\PythonSoftwareFoundation.Python.3.11_qbz5n2kfra8p0\LocalCache\local-packages\Python311\site-packages\django\db\models\fields\mixins.py", line 37, in get_cached_value
    return instance._state.fields_cache[self.cache_name]
           ~~~~~~~~~~~~~~~~~~~~~~~~~~~~^^^^^^^^^^^^^^^^^
KeyError: 'current_inspection'

During handling of the above exception, another exception occurred:

Traceback (most recent call last):
  File "C:\Users\USER\AppData\Local\Packages\PythonSoftwareFoundation.Python.3.11_qbz5n2kfra8p0\LocalCache\local-packages\Python311\site-packages\django\core\handlers\exception.py", line 55, in inner
    response = get_response(request)
               ^^^^^^^^^^^^^^^^^^^^^
  File "C:\Users\USER\AppData\Local\Packages\PythonSoftwareFoundation.Python.3.11_qbz5n2kfra8p0\LocalCache\local-packages\Python311\site-packages\django\core\handlers\base.py", line 197, in _get_response
    response = wrapped_callback(request, *callback_args, **callback_kwargs)
               ^^^^^^^^^^^^^^^^^^^^^^^^^^^^^^^^^^^^^^^^^^^^^^^^^^^^^^^^^^^^
  File "C:\Users\USER\AppData\Local\Packages\PythonSoftwareFoundation.Python.3.11_qbz5n2kfra8p0\LocalCache\local-packages\Python311\site-packages\django\contrib\auth\decorators.py", line 59, in _view_wrapper
    return view_func(request, *args, **kwargs)
           ^^^^^^^^^^^^^^^^^^^^^^^^^^^^^^^^^^^
  File "C:\Users\USER\Documents\GitHub\Inspection_webapp\Conuar\conuar_webapp\main\permissions.py", line 53, in wrapper
    return view_func(request, *args, **kwargs)
           ^^^^^^^^^^^^^^^^^^^^^^^^^^^^^^^^^^^
  File "C:\Users\USER\Documents\GitHub\Inspection_webapp\Conuar\conuar_webapp\main\views.py", line 103, in dashboard
    machine = InspectionMachine.get_machine()
              ^^^^^^^^^^^^^^^^^^^^^^^^^^^^^^^
  File "C:\Users\USER\Documents\GitHub\Inspection_webapp\Conuar\conuar_webapp\main\models.py", line 396, in get_machine
    if not machine.current_inspection:
           ^^^^^^^^^^^^^^^^^^^^^^^^^^
  File "C:\Users\USER\AppData\Local\Packages\PythonSoftwareFoundation.Python.3.11_qbz5n2kfra8p0\LocalCache\local-packages\Python311\site-packages\django\db\models\fields\related_descriptors.py", line 261, in __get__
    rel_obj = self.get_object(instance)
              ^^^^^^^^^^^^^^^^^^^^^^^^^
  File "C:\Users\USER\AppData\Local\Packages\PythonSoftwareFoundation.Python.3.11_qbz5n2kfra8p0\LocalCache\local-packages\Python311\site-packages\django\db\models\fields\related_descriptors.py", line 391, in get_object
    return super().get_object(instance)
           ^^^^^^^^^^^^^^^^^^^^^^^^^^^^
  File "C:\Users\USER\AppData\Local\Packages\PythonSoftwareFoundation.Python.3.11_qbz5n2kfra8p0\LocalCache\local-packages\Python311\site-packages\django\db\models\fields\related_descriptors.py", line 224, in get_object
    return qs.get(self.field.get_reverse_related_filter(instance))
           ^^^^^^^^^^^^^^^^^^^^^^^^^^^^^^^^^^^^^^^^^^^^^^^^^^^^^^^
  File "C:\Users\USER\AppData\Local\Packages\PythonSoftwareFoundation.Python.3.11_qbz5n2kfra8p0\LocalCache\local-packages\Python311\site-packages\django\db\models\query.py", line 633, in get
    raise self.model.DoesNotExist(
main.models.Inspection.DoesNotExist: Inspection matching query does not exist.
ERROR 2025-12-10 16:08:23,346 basehttp 18204 19812 "GET /dashboard/ HTTP/1.1" 500 116932
INFO 2025-12-10 16:08:25,702 basehttp 18204 19812 "GET /configuration/ HTTP/1.1" 200 26823
INFO 2025-12-10 16:08:28,116 basehttp 18204 19812 "GET /inspections/ HTTP/1.1" 200 20668
INFO 2025-12-10 16:15:56,940 autoreload 18240 18828 Watching for file changes with StatReloader
INFO 2025-12-10 16:18:32,135 basehttp 18240 20228 - Broken pipe from ('127.0.0.1', 59306)
INFO 2025-12-10 16:18:32,136 basehttp 18240 1964 - Broken pipe from ('127.0.0.1', 62662)
INFO 2025-12-10 16:18:32,140 basehttp 18240 18420 - Broken pipe from ('127.0.0.1', 56920)
INFO 2025-12-10 16:18:32,144 basehttp 18240 14012 - Broken pipe from ('127.0.0.1', 57930)
INFO 2025-12-10 16:18:32,144 basehttp 18240 19356 - Broken pipe from ('127.0.0.1', 60933)
INFO 2025-12-10 16:18:32,145 basehttp 18240 16688 - Broken pipe from ('127.0.0.1', 62813)
INFO 2025-12-10 16:18:32,146 basehttp 18240 19256 - Broken pipe from ('127.0.0.1', 65457)
INFO 2025-12-10 16:18:32,147 basehttp 18240 19472 - Broken pipe from ('127.0.0.1', 53823)
INFO 2025-12-10 16:18:32,148 basehttp 18240 16516 - Broken pipe from ('127.0.0.1', 56729)
INFO 2025-12-10 16:18:32,149 basehttp 18240 20780 - Broken pipe from ('127.0.0.1', 49867)
INFO 2025-12-10 16:18:32,150 basehttp 18240 17952 - Broken pipe from ('127.0.0.1', 57131)
INFO 2025-12-10 16:18:32,151 basehttp 18240 16876 - Broken pipe from ('127.0.0.1', 57978)
INFO 2025-12-10 16:18:32,158 basehttp 18240 16664 - Broken pipe from ('127.0.0.1', 64483)
INFO 2025-12-10 16:18:32,164 basehttp 18240 21164 - Broken pipe from ('127.0.0.1', 55555)
INFO 2025-12-10 16:18:32,165 basehttp 18240 20660 - Broken pipe from ('127.0.0.1', 56882)
INFO 2025-12-10 16:18:32,174 basehttp 18240 16076 - Broken pipe from ('127.0.0.1', 51377)
INFO 2025-12-10 16:18:32,174 basehttp 18240 16952 - Broken pipe from ('127.0.0.1', 49641)
INFO 2025-12-10 16:18:32,175 basehttp 18240 16784 - Broken pipe from ('127.0.0.1', 54473)
INFO 2025-12-10 16:18:32,178 basehttp 18240 16716 - Broken pipe from ('127.0.0.1', 54205)
INFO 2025-12-10 16:18:32,180 basehttp 18240 10556 - Broken pipe from ('127.0.0.1', 56846)
INFO 2025-12-10 16:18:32,183 basehttp 18240 20672 - Broken pipe from ('127.0.0.1', 54229)
INFO 2025-12-10 16:18:32,183 basehttp 18240 17728 - Broken pipe from ('127.0.0.1', 51670)
INFO 2025-12-10 16:18:32,185 basehttp 18240 15356 - Broken pipe from ('127.0.0.1', 50203)
INFO 2025-12-10 16:18:32,185 basehttp 18240 8468 - Broken pipe from ('127.0.0.1', 65190)
INFO 2025-12-10 16:18:32,188 basehttp 18240 21216 - Broken pipe from ('127.0.0.1', 51049)
INFO 2025-12-10 16:18:32,191 basehttp 18240 19920 - Broken pipe from ('127.0.0.1', 52106)
INFO 2025-12-10 16:18:32,191 basehttp 18240 19856 - Broken pipe from ('127.0.0.1', 52498)
INFO 2025-12-10 16:18:32,195 basehttp 18240 20676 - Broken pipe from ('127.0.0.1', 60039)
INFO 2025-12-10 16:18:32,203 basehttp 18240 20360 - Broken pipe from ('127.0.0.1', 58390)
INFO 2025-12-10 16:18:32,203 basehttp 18240 20876 - Broken pipe from ('127.0.0.1', 55183)
INFO 2025-12-10 16:18:32,205 basehttp 18240 19092 - Broken pipe from ('127.0.0.1', 54545)
INFO 2025-12-10 16:18:32,208 basehttp 18240 21452 - Broken pipe from ('127.0.0.1', 53921)
INFO 2025-12-10 16:18:32,211 basehttp 18240 18204 - Broken pipe from ('127.0.0.1', 50779)
INFO 2025-12-10 16:18:32,213 basehttp 18240 12392 - Broken pipe from ('127.0.0.1', 60787)
INFO 2025-12-10 16:18:32,214 basehttp 18240 15936 - Broken pipe from ('127.0.0.1', 58105)
INFO 2025-12-10 16:18:32,216 basehttp 18240 16380 - Broken pipe from ('127.0.0.1', 59434)
INFO 2025-12-10 16:18:32,217 basehttp 18240 21268 - Broken pipe from ('127.0.0.1', 63421)
INFO 2025-12-10 16:18:32,217 basehttp 18240 19784 - Broken pipe from ('127.0.0.1', 55147)
INFO 2025-12-10 16:18:32,220 basehttp 18240 10904 - Broken pipe from ('127.0.0.1', 63182)
INFO 2025-12-10 16:18:32,222 basehttp 18240 19908 - Broken pipe from ('127.0.0.1', 52010)
INFO 2025-12-10 16:18:32,224 basehttp 18240 17948 - Broken pipe from ('127.0.0.1', 49298)
INFO 2025-12-10 16:18:32,227 basehttp 18240 6060 - Broken pipe from ('127.0.0.1', 63055)
INFO 2025-12-10 16:18:32,227 basehttp 18240 19304 - Broken pipe from ('127.0.0.1', 65348)
INFO 2025-12-10 16:18:32,227 basehttp 18240 21144 - Broken pipe from ('127.0.0.1', 61223)
INFO 2025-12-10 16:18:32,228 basehttp 18240 18056 - Broken pipe from ('127.0.0.1', 64771)
INFO 2025-12-10 16:18:32,230 basehttp 18240 19796 - Broken pipe from ('127.0.0.1', 60070)
INFO 2025-12-10 16:18:32,233 basehttp 18240 21392 - Broken pipe from ('127.0.0.1', 58144)
INFO 2025-12-10 16:18:32,233 basehttp 18240 21092 - Broken pipe from ('127.0.0.1', 61296)
INFO 2025-12-10 16:18:32,234 basehttp 18240 16756 - Broken pipe from ('127.0.0.1', 64908)
INFO 2025-12-10 16:18:32,234 basehttp 18240 4020 - Broken pipe from ('127.0.0.1', 59909)
INFO 2025-12-10 16:18:32,676 basehttp 18240 16924 "GET /logout/ HTTP/1.1" 302 0
INFO 2025-12-10 16:18:32,681 basehttp 18240 16924 "GET /login/ HTTP/1.1" 200 16549
INFO 2025-12-10 16:31:48,401 autoreload 16076 16132 Watching for file changes with StatReloader
INFO 2025-12-10 16:36:28,976 autoreload 11400 16768 Watching for file changes with StatReloader
INFO 2025-12-10 16:51:38,971 autoreload 17776 5268 Watching for file changes with StatReloader
INFO 2025-12-10 17:03:20,938 autoreload 19436 6312 Watching for file changes with StatReloader
INFO 2025-12-10 17:08:27,750 autoreload 19492 20648 Watching for file changes with StatReloader
INFO 2025-12-10 17:09:35,148 autoreload 16648 21488 Watching for file changes with StatReloader
INFO 2025-12-10 17:09:43,965 basehttp 16648 19620 "GET /login/ HTTP/1.1" 200 15790
INFO 2025-12-10 17:09:52,312 basehttp 16648 19620 "POST /login/ HTTP/1.1" 200 16565
INFO 2025-12-10 17:09:58,389 basehttp 16648 19620 "POST /login/ HTTP/1.1" 302 0
INFO 2025-12-10 17:09:58,423 basehttp 16648 19620 "GET /inspections/ HTTP/1.1" 200 30154
INFO 2025-12-10 17:10:06,105 basehttp 16648 19620 "GET /inspection/2/ HTTP/1.1" 200 27683
INFO 2025-12-10 17:10:06,210 basehttp 16648 19620 "GET /media/inspection_photos/PROCESSED/Ciclo2-E123-1F-041225_154941-NOK.bmp HTTP/1.1" 200 5014632
INFO 2025-12-10 17:16:29,590 autoreload 12504 20656 Watching for file changes with StatReloader
INFO 2025-12-10 17:16:35,279 basehttp 12504 21264 "GET /inspection/2/ HTTP/1.1" 200 27683
INFO 2025-12-10 17:16:37,834 basehttp 12504 21264 "GET /inspections/ HTTP/1.1" 200 34653
INFO 2025-12-10 17:17:18,636 basehttp 12504 21264 "GET /inspections/ HTTP/1.1" 200 20668
INFO 2025-12-10 17:17:36,285 autoreload 10308 20636 Watching for file changes with StatReloader
INFO 2025-12-10 17:17:41,629 basehttp 10308 19148 "GET /inspections/ HTTP/1.1" 200 24965
INFO 2025-12-10 17:17:43,484 basehttp 10308 19148 "GET /inspection/1/ HTTP/1.1" 200 27994
INFO 2025-12-10 17:18:31,250 basehttp 10308 19148 "GET /inspection/1/ HTTP/1.1" 200 27994
ERROR 2025-12-10 17:18:37,465 log 10308 19148 Internal Server Error: /dashboard/
Traceback (most recent call last):
  File "C:\Users\USER\AppData\Local\Packages\PythonSoftwareFoundation.Python.3.11_qbz5n2kfra8p0\LocalCache\local-packages\Python311\site-packages\django\db\models\fields\related_descriptors.py", line 243, in __get__
    rel_obj = self.field.get_cached_value(instance)
              ^^^^^^^^^^^^^^^^^^^^^^^^^^^^^^^^^^^^^
  File "C:\Users\USER\AppData\Local\Packages\PythonSoftwareFoundation.Python.3.11_qbz5n2kfra8p0\LocalCache\local-packages\Python311\site-packages\django\db\models\fields\mixins.py", line 37, in get_cached_value
    return instance._state.fields_cache[self.cache_name]
           ~~~~~~~~~~~~~~~~~~~~~~~~~~~~^^^^^^^^^^^^^^^^^
KeyError: 'current_inspection'

During handling of the above exception, another exception occurred:

Traceback (most recent call last):
  File "C:\Users\USER\AppData\Local\Packages\PythonSoftwareFoundation.Python.3.11_qbz5n2kfra8p0\LocalCache\local-packages\Python311\site-packages\django\core\handlers\exception.py", line 55, in inner
    response = get_response(request)
               ^^^^^^^^^^^^^^^^^^^^^
  File "C:\Users\USER\AppData\Local\Packages\PythonSoftwareFoundation.Python.3.11_qbz5n2kfra8p0\LocalCache\local-packages\Python311\site-packages\django\core\handlers\base.py", line 197, in _get_response
    response = wrapped_callback(request, *callback_args, **callback_kwargs)
               ^^^^^^^^^^^^^^^^^^^^^^^^^^^^^^^^^^^^^^^^^^^^^^^^^^^^^^^^^^^^
  File "C:\Users\USER\AppData\Local\Packages\PythonSoftwareFoundation.Python.3.11_qbz5n2kfra8p0\LocalCache\local-packages\Python311\site-packages\django\contrib\auth\decorators.py", line 59, in _view_wrapper
    return view_func(request, *args, **kwargs)
           ^^^^^^^^^^^^^^^^^^^^^^^^^^^^^^^^^^^
  File "C:\Users\USER\Documents\GitHub\Inspection_webapp\Conuar\conuar_webapp\main\permissions.py", line 53, in wrapper
    return view_func(request, *args, **kwargs)
           ^^^^^^^^^^^^^^^^^^^^^^^^^^^^^^^^^^^
  File "C:\Users\USER\Documents\GitHub\Inspection_webapp\Conuar\conuar_webapp\main\views.py", line 103, in dashboard
    machine = InspectionMachine.get_machine()
              ^^^^^^^^^^^^^^^^^^^^^^^^^^^^^^^
  File "C:\Users\USER\Documents\GitHub\Inspection_webapp\Conuar\conuar_webapp\main\models.py", line 396, in get_machine
    if not machine.current_inspection:
           ^^^^^^^^^^^^^^^^^^^^^^^^^^
  File "C:\Users\USER\AppData\Local\Packages\PythonSoftwareFoundation.Python.3.11_qbz5n2kfra8p0\LocalCache\local-packages\Python311\site-packages\django\db\models\fields\related_descriptors.py", line 261, in __get__
    rel_obj = self.get_object(instance)
              ^^^^^^^^^^^^^^^^^^^^^^^^^
  File "C:\Users\USER\AppData\Local\Packages\PythonSoftwareFoundation.Python.3.11_qbz5n2kfra8p0\LocalCache\local-packages\Python311\site-packages\django\db\models\fields\related_descriptors.py", line 391, in get_object
    return super().get_object(instance)
           ^^^^^^^^^^^^^^^^^^^^^^^^^^^^
  File "C:\Users\USER\AppData\Local\Packages\PythonSoftwareFoundation.Python.3.11_qbz5n2kfra8p0\LocalCache\local-packages\Python311\site-packages\django\db\models\fields\related_descriptors.py", line 224, in get_object
    return qs.get(self.field.get_reverse_related_filter(instance))
           ^^^^^^^^^^^^^^^^^^^^^^^^^^^^^^^^^^^^^^^^^^^^^^^^^^^^^^^
  File "C:\Users\USER\AppData\Local\Packages\PythonSoftwareFoundation.Python.3.11_qbz5n2kfra8p0\LocalCache\local-packages\Python311\site-packages\django\db\models\query.py", line 633, in get
    raise self.model.DoesNotExist(
main.models.Inspection.DoesNotExist: Inspection matching query does not exist.
ERROR 2025-12-10 17:18:37,467 basehttp 10308 19148 "GET /dashboard/ HTTP/1.1" 500 117067
INFO 2025-12-10 17:19:11,919 basehttp 10308 19148 "GET /logout/ HTTP/1.1" 302 0
INFO 2025-12-10 17:19:11,924 basehttp 10308 19148 "GET /login/ HTTP/1.1" 200 16549
INFO 2025-12-10 17:19:18,734 basehttp 10308 19148 "POST /login/ HTTP/1.1" 200 16565
INFO 2025-12-10 17:19:26,161 basehttp 10308 19148 "POST /login/ HTTP/1.1" 200 16565
INFO 2025-12-10 17:19:31,710 basehttp 10308 19148 "POST /login/ HTTP/1.1" 302 0
INFO 2025-12-10 17:19:31,737 basehttp 10308 19148 "GET /inspections/ HTTP/1.1" 200 25312
INFO 2025-12-10 17:19:34,119 basehttp 10308 19148 "GET /inspection/1/ HTTP/1.1" 200 27994
ERROR 2025-12-10 17:19:40,971 log 10308 19148 Internal Server Error: /inspection/1/pdf/
Traceback (most recent call last):
  File "C:\Users\USER\AppData\Local\Packages\PythonSoftwareFoundation.Python.3.11_qbz5n2kfra8p0\LocalCache\local-packages\Python311\site-packages\django\core\handlers\exception.py", line 55, in inner
    response = get_response(request)
               ^^^^^^^^^^^^^^^^^^^^^
  File "C:\Users\USER\AppData\Local\Packages\PythonSoftwareFoundation.Python.3.11_qbz5n2kfra8p0\LocalCache\local-packages\Python311\site-packages\django\core\handlers\base.py", line 197, in _get_response
    response = wrapped_callback(request, *callback_args, **callback_kwargs)
               ^^^^^^^^^^^^^^^^^^^^^^^^^^^^^^^^^^^^^^^^^^^^^^^^^^^^^^^^^^^^
  File "C:\Users\USER\AppData\Local\Packages\PythonSoftwareFoundation.Python.3.11_qbz5n2kfra8p0\LocalCache\local-packages\Python311\site-packages\django\contrib\auth\decorators.py", line 59, in _view_wrapper
    return view_func(request, *args, **kwargs)
           ^^^^^^^^^^^^^^^^^^^^^^^^^^^^^^^^^^^
  File "C:\Users\USER\Documents\GitHub\Inspection_webapp\Conuar\conuar_webapp\main\permissions.py", line 53, in wrapper
    return view_func(request, *args, **kwargs)
           ^^^^^^^^^^^^^^^^^^^^^^^^^^^^^^^^^^^
  File "C:\Users\USER\Documents\GitHub\Inspection_webapp\Conuar\conuar_webapp\main\views.py", line 390, in inspection_pdf
    from xhtml2pdf import pisa
ModuleNotFoundError: No module named 'xhtml2pdf'
ERROR 2025-12-10 17:19:40,972 basehttp 10308 19148 "GET /inspection/1/pdf/ HTTP/1.1" 500 83454
INFO 2025-12-10 17:20:28,555 autoreload 14068 17580 Watching for file changes with StatReloader
ERROR 2025-12-10 17:20:31,214 log 14068 17508 Internal Server Error: /dashboard/
Traceback (most recent call last):
  File "C:\Users\USER\AppData\Local\Packages\PythonSoftwareFoundation.Python.3.11_qbz5n2kfra8p0\LocalCache\local-packages\Python311\site-packages\django\db\models\fields\related_descriptors.py", line 243, in __get__
    rel_obj = self.field.get_cached_value(instance)
              ^^^^^^^^^^^^^^^^^^^^^^^^^^^^^^^^^^^^^
  File "C:\Users\USER\AppData\Local\Packages\PythonSoftwareFoundation.Python.3.11_qbz5n2kfra8p0\LocalCache\local-packages\Python311\site-packages\django\db\models\fields\mixins.py", line 37, in get_cached_value
    return instance._state.fields_cache[self.cache_name]
           ~~~~~~~~~~~~~~~~~~~~~~~~~~~~^^^^^^^^^^^^^^^^^
KeyError: 'current_inspection'

During handling of the above exception, another exception occurred:

Traceback (most recent call last):
  File "C:\Users\USER\AppData\Local\Packages\PythonSoftwareFoundation.Python.3.11_qbz5n2kfra8p0\LocalCache\local-packages\Python311\site-packages\django\core\handlers\exception.py", line 55, in inner
    response = get_response(request)
               ^^^^^^^^^^^^^^^^^^^^^
  File "C:\Users\USER\AppData\Local\Packages\PythonSoftwareFoundation.Python.3.11_qbz5n2kfra8p0\LocalCache\local-packages\Python311\site-packages\django\core\handlers\base.py", line 197, in _get_response
    response = wrapped_callback(request, *callback_args, **callback_kwargs)
               ^^^^^^^^^^^^^^^^^^^^^^^^^^^^^^^^^^^^^^^^^^^^^^^^^^^^^^^^^^^^
  File "C:\Users\USER\AppData\Local\Packages\PythonSoftwareFoundation.Python.3.11_qbz5n2kfra8p0\LocalCache\local-packages\Python311\site-packages\django\contrib\auth\decorators.py", line 59, in _view_wrapper
    return view_func(request, *args, **kwargs)
           ^^^^^^^^^^^^^^^^^^^^^^^^^^^^^^^^^^^
  File "C:\Users\USER\Documents\GitHub\Inspection_webapp\Conuar\conuar_webapp\main\permissions.py", line 53, in wrapper
    return view_func(request, *args, **kwargs)
           ^^^^^^^^^^^^^^^^^^^^^^^^^^^^^^^^^^^
  File "C:\Users\USER\Documents\GitHub\Inspection_webapp\Conuar\conuar_webapp\main\views.py", line 103, in dashboard
    machine = InspectionMachine.get_machine()
              ^^^^^^^^^^^^^^^^^^^^^^^^^^^^^^^
  File "C:\Users\USER\Documents\GitHub\Inspection_webapp\Conuar\conuar_webapp\main\models.py", line 396, in get_machine
    if not machine.current_inspection:
           ^^^^^^^^^^^^^^^^^^^^^^^^^^
  File "C:\Users\USER\AppData\Local\Packages\PythonSoftwareFoundation.Python.3.11_qbz5n2kfra8p0\LocalCache\local-packages\Python311\site-packages\django\db\models\fields\related_descriptors.py", line 261, in __get__
    rel_obj = self.get_object(instance)
              ^^^^^^^^^^^^^^^^^^^^^^^^^
  File "C:\Users\USER\AppData\Local\Packages\PythonSoftwareFoundation.Python.3.11_qbz5n2kfra8p0\LocalCache\local-packages\Python311\site-packages\django\db\models\fields\related_descriptors.py", line 391, in get_object
    return super().get_object(instance)
           ^^^^^^^^^^^^^^^^^^^^^^^^^^^^
  File "C:\Users\USER\AppData\Local\Packages\PythonSoftwareFoundation.Python.3.11_qbz5n2kfra8p0\LocalCache\local-packages\Python311\site-packages\django\db\models\fields\related_descriptors.py", line 224, in get_object
    return qs.get(self.field.get_reverse_related_filter(instance))
           ^^^^^^^^^^^^^^^^^^^^^^^^^^^^^^^^^^^^^^^^^^^^^^^^^^^^^^^
  File "C:\Users\USER\AppData\Local\Packages\PythonSoftwareFoundation.Python.3.11_qbz5n2kfra8p0\LocalCache\local-packages\Python311\site-packages\django\db\models\query.py", line 633, in get
    raise self.model.DoesNotExist(
main.models.Inspection.DoesNotExist: Inspection matching query does not exist.
ERROR 2025-12-10 17:20:31,218 basehttp 14068 17508 "GET /dashboard/ HTTP/1.1" 500 117073
INFO 2025-12-10 17:22:03,418 autoreload 14068 17580 C:\Users\USER\Documents\GitHub\Inspection_webapp\Conuar\conuar_webapp\main\views.py changed, reloading.
INFO 2025-12-10 17:22:03,778 autoreload 19996 3784 Watching for file changes with StatReloader
INFO 2025-12-10 17:22:09,131 autoreload 19996 3784 C:\Users\USER\Documents\GitHub\Inspection_webapp\Conuar\conuar_webapp\main\views.py changed, reloading.
INFO 2025-12-10 17:22:09,501 autoreload 8464 8796 Watching for file changes with StatReloader
INFO 2025-12-10 17:22:39,398 autoreload 8464 8796 C:\Users\USER\Documents\GitHub\Inspection_webapp\Conuar\conuar_webapp\main\views.py changed, reloading.
INFO 2025-12-10 17:22:39,781 autoreload 17620 21412 Watching for file changes with StatReloader
INFO 2025-12-10 17:23:26,339 autoreload 2520 20228 Watching for file changes with StatReloader
INFO 2025-12-10 17:23:35,169 basehttp 2520 16756 "GET /inspection/1/pdf/ HTTP/1.1" 302 0
INFO 2025-12-10 17:23:35,209 basehttp 2520 16756 "GET /inspection/1/ HTTP/1.1" 200 28390
INFO 2025-12-10 17:23:40,336 basehttp 2520 16756 "GET /inspection/1/pdf/ HTTP/1.1" 302 0
INFO 2025-12-10 17:23:40,352 basehttp 2520 16756 "GET /inspection/1/ HTTP/1.1" 200 28390
INFO 2025-12-10 17:23:43,527 basehttp 2520 16756 "GET /inspection/1/pdf/ HTTP/1.1" 302 0
INFO 2025-12-10 17:23:43,561 basehttp 2520 16756 "GET /inspection/1/ HTTP/1.1" 200 28390
ERROR 2025-12-10 17:23:52,706 log 2520 16756 Internal Server Error: /dashboard/
Traceback (most recent call last):
  File "C:\Users\USER\AppData\Local\Packages\PythonSoftwareFoundation.Python.3.11_qbz5n2kfra8p0\LocalCache\local-packages\Python311\site-packages\django\db\models\fields\related_descriptors.py", line 243, in __get__
    rel_obj = self.field.get_cached_value(instance)
              ^^^^^^^^^^^^^^^^^^^^^^^^^^^^^^^^^^^^^
  File "C:\Users\USER\AppData\Local\Packages\PythonSoftwareFoundation.Python.3.11_qbz5n2kfra8p0\LocalCache\local-packages\Python311\site-packages\django\db\models\fields\mixins.py", line 37, in get_cached_value
    return instance._state.fields_cache[self.cache_name]
           ~~~~~~~~~~~~~~~~~~~~~~~~~~~~^^^^^^^^^^^^^^^^^
KeyError: 'current_inspection'

During handling of the above exception, another exception occurred:

Traceback (most recent call last):
  File "C:\Users\USER\AppData\Local\Packages\PythonSoftwareFoundation.Python.3.11_qbz5n2kfra8p0\LocalCache\local-packages\Python311\site-packages\django\core\handlers\exception.py", line 55, in inner
    response = get_response(request)
               ^^^^^^^^^^^^^^^^^^^^^
  File "C:\Users\USER\AppData\Local\Packages\PythonSoftwareFoundation.Python.3.11_qbz5n2kfra8p0\LocalCache\local-packages\Python311\site-packages\django\core\handlers\base.py", line 197, in _get_response
    response = wrapped_callback(request, *callback_args, **callback_kwargs)
               ^^^^^^^^^^^^^^^^^^^^^^^^^^^^^^^^^^^^^^^^^^^^^^^^^^^^^^^^^^^^
  File "C:\Users\USER\AppData\Local\Packages\PythonSoftwareFoundation.Python.3.11_qbz5n2kfra8p0\LocalCache\local-packages\Python311\site-packages\django\contrib\auth\decorators.py", line 59, in _view_wrapper
    return view_func(request, *args, **kwargs)
           ^^^^^^^^^^^^^^^^^^^^^^^^^^^^^^^^^^^
  File "C:\Users\USER\Documents\GitHub\Inspection_webapp\Conuar\conuar_webapp\main\permissions.py", line 53, in wrapper
    return view_func(request, *args, **kwargs)
           ^^^^^^^^^^^^^^^^^^^^^^^^^^^^^^^^^^^
  File "C:\Users\USER\Documents\GitHub\Inspection_webapp\Conuar\conuar_webapp\main\views.py", line 103, in dashboard
    machine = InspectionMachine.get_machine()
              ^^^^^^^^^^^^^^^^^^^^^^^^^^^^^^^
  File "C:\Users\USER\Documents\GitHub\Inspection_webapp\Conuar\conuar_webapp\main\models.py", line 396, in get_machine
    if not machine.current_inspection:
           ^^^^^^^^^^^^^^^^^^^^^^^^^^
  File "C:\Users\USER\AppData\Local\Packages\PythonSoftwareFoundation.Python.3.11_qbz5n2kfra8p0\LocalCache\local-packages\Python311\site-packages\django\db\models\fields\related_descriptors.py", line 261, in __get__
    rel_obj = self.get_object(instance)
              ^^^^^^^^^^^^^^^^^^^^^^^^^
  File "C:\Users\USER\AppData\Local\Packages\PythonSoftwareFoundation.Python.3.11_qbz5n2kfra8p0\LocalCache\local-packages\Python311\site-packages\django\db\models\fields\related_descriptors.py", line 391, in get_object
    return super().get_object(instance)
           ^^^^^^^^^^^^^^^^^^^^^^^^^^^^
  File "C:\Users\USER\AppData\Local\Packages\PythonSoftwareFoundation.Python.3.11_qbz5n2kfra8p0\LocalCache\local-packages\Python311\site-packages\django\db\models\fields\related_descriptors.py", line 224, in get_object
    return qs.get(self.field.get_reverse_related_filter(instance))
           ^^^^^^^^^^^^^^^^^^^^^^^^^^^^^^^^^^^^^^^^^^^^^^^^^^^^^^^
  File "C:\Users\USER\AppData\Local\Packages\PythonSoftwareFoundation.Python.3.11_qbz5n2kfra8p0\LocalCache\local-packages\Python311\site-packages\django\db\models\query.py", line 633, in get
    raise self.model.DoesNotExist(
main.models.Inspection.DoesNotExist: Inspection matching query does not exist.
ERROR 2025-12-10 17:23:52,710 basehttp 2520 16756 "GET /dashboard/ HTTP/1.1" 500 117200
ERROR 2025-12-10 17:23:56,337 log 2520 16756 Internal Server Error: /dashboard/
Traceback (most recent call last):
  File "C:\Users\USER\AppData\Local\Packages\PythonSoftwareFoundation.Python.3.11_qbz5n2kfra8p0\LocalCache\local-packages\Python311\site-packages\django\db\models\fields\related_descriptors.py", line 243, in __get__
    rel_obj = self.field.get_cached_value(instance)
              ^^^^^^^^^^^^^^^^^^^^^^^^^^^^^^^^^^^^^
  File "C:\Users\USER\AppData\Local\Packages\PythonSoftwareFoundation.Python.3.11_qbz5n2kfra8p0\LocalCache\local-packages\Python311\site-packages\django\db\models\fields\mixins.py", line 37, in get_cached_value
    return instance._state.fields_cache[self.cache_name]
           ~~~~~~~~~~~~~~~~~~~~~~~~~~~~^^^^^^^^^^^^^^^^^
KeyError: 'current_inspection'

During handling of the above exception, another exception occurred:

Traceback (most recent call last):
  File "C:\Users\USER\AppData\Local\Packages\PythonSoftwareFoundation.Python.3.11_qbz5n2kfra8p0\LocalCache\local-packages\Python311\site-packages\django\core\handlers\exception.py", line 55, in inner
    response = get_response(request)
               ^^^^^^^^^^^^^^^^^^^^^
  File "C:\Users\USER\AppData\Local\Packages\PythonSoftwareFoundation.Python.3.11_qbz5n2kfra8p0\LocalCache\local-packages\Python311\site-packages\django\core\handlers\base.py", line 197, in _get_response
    response = wrapped_callback(request, *callback_args, **callback_kwargs)
               ^^^^^^^^^^^^^^^^^^^^^^^^^^^^^^^^^^^^^^^^^^^^^^^^^^^^^^^^^^^^
  File "C:\Users\USER\AppData\Local\Packages\PythonSoftwareFoundation.Python.3.11_qbz5n2kfra8p0\LocalCache\local-packages\Python311\site-packages\django\contrib\auth\decorators.py", line 59, in _view_wrapper
    return view_func(request, *args, **kwargs)
           ^^^^^^^^^^^^^^^^^^^^^^^^^^^^^^^^^^^
  File "C:\Users\USER\Documents\GitHub\Inspection_webapp\Conuar\conuar_webapp\main\permissions.py", line 53, in wrapper
    return view_func(request, *args, **kwargs)
           ^^^^^^^^^^^^^^^^^^^^^^^^^^^^^^^^^^^
  File "C:\Users\USER\Documents\GitHub\Inspection_webapp\Conuar\conuar_webapp\main\views.py", line 103, in dashboard
    machine = InspectionMachine.get_machine()
              ^^^^^^^^^^^^^^^^^^^^^^^^^^^^^^^
  File "C:\Users\USER\Documents\GitHub\Inspection_webapp\Conuar\conuar_webapp\main\models.py", line 396, in get_machine
    if not machine.current_inspection:
           ^^^^^^^^^^^^^^^^^^^^^^^^^^
  File "C:\Users\USER\AppData\Local\Packages\PythonSoftwareFoundation.Python.3.11_qbz5n2kfra8p0\LocalCache\local-packages\Python311\site-packages\django\db\models\fields\related_descriptors.py", line 261, in __get__
    rel_obj = self.get_object(instance)
              ^^^^^^^^^^^^^^^^^^^^^^^^^
  File "C:\Users\USER\AppData\Local\Packages\PythonSoftwareFoundation.Python.3.11_qbz5n2kfra8p0\LocalCache\local-packages\Python311\site-packages\django\db\models\fields\related_descriptors.py", line 391, in get_object
    return super().get_object(instance)
           ^^^^^^^^^^^^^^^^^^^^^^^^^^^^
  File "C:\Users\USER\AppData\Local\Packages\PythonSoftwareFoundation.Python.3.11_qbz5n2kfra8p0\LocalCache\local-packages\Python311\site-packages\django\db\models\fields\related_descriptors.py", line 224, in get_object
    return qs.get(self.field.get_reverse_related_filter(instance))
           ^^^^^^^^^^^^^^^^^^^^^^^^^^^^^^^^^^^^^^^^^^^^^^^^^^^^^^^
  File "C:\Users\USER\AppData\Local\Packages\PythonSoftwareFoundation.Python.3.11_qbz5n2kfra8p0\LocalCache\local-packages\Python311\site-packages\django\db\models\query.py", line 633, in get
    raise self.model.DoesNotExist(
main.models.Inspection.DoesNotExist: Inspection matching query does not exist.
ERROR 2025-12-10 17:23:56,340 basehttp 2520 16756 "GET /dashboard/ HTTP/1.1" 500 117063
INFO 2025-12-10 17:44:54,493 autoreload 12680 10128 Watching for file changes with StatReloader
INFO 2025-12-10 17:45:10,258 basehttp 12680 6684 "GET /dashboard/ HTTP/1.1" 302 0
INFO 2025-12-10 17:45:10,299 basehttp 12680 6684 "GET /login/?next=/dashboard/ HTTP/1.1" 200 15905
INFO 2025-12-10 17:45:20,333 basehttp 12680 6684 "POST /login/?next=/dashboard/ HTTP/1.1" 302 0
ERROR 2025-12-10 17:45:20,426 log 12680 6684 Internal Server Error: /dashboard/
Traceback (most recent call last):
  File "C:\Users\USER\AppData\Local\Packages\PythonSoftwareFoundation.Python.3.11_qbz5n2kfra8p0\LocalCache\local-packages\Python311\site-packages\django\db\models\fields\related_descriptors.py", line 218, in __get__
    rel_obj = self.field.get_cached_value(instance)
              ^^^^^^^^^^^^^^^^^^^^^^^^^^^^^^^^^^^^^
  File "C:\Users\USER\AppData\Local\Packages\PythonSoftwareFoundation.Python.3.11_qbz5n2kfra8p0\LocalCache\local-packages\Python311\site-packages\django\db\models\fields\mixins.py", line 15, in get_cached_value
    return instance._state.fields_cache[cache_name]
           ~~~~~~~~~~~~~~~~~~~~~~~~~~~~^^^^^^^^^^^^
KeyError: 'current_inspection'

During handling of the above exception, another exception occurred:

Traceback (most recent call last):
  File "C:\Users\USER\AppData\Local\Packages\PythonSoftwareFoundation.Python.3.11_qbz5n2kfra8p0\LocalCache\local-packages\Python311\site-packages\django\core\handlers\exception.py", line 55, in inner
    response = get_response(request)
               ^^^^^^^^^^^^^^^^^^^^^
  File "C:\Users\USER\AppData\Local\Packages\PythonSoftwareFoundation.Python.3.11_qbz5n2kfra8p0\LocalCache\local-packages\Python311\site-packages\django\core\handlers\base.py", line 197, in _get_response
    response = wrapped_callback(request, *callback_args, **callback_kwargs)
               ^^^^^^^^^^^^^^^^^^^^^^^^^^^^^^^^^^^^^^^^^^^^^^^^^^^^^^^^^^^^
  File "C:\Users\USER\AppData\Local\Packages\PythonSoftwareFoundation.Python.3.11_qbz5n2kfra8p0\LocalCache\local-packages\Python311\site-packages\django\contrib\auth\decorators.py", line 23, in _wrapper_view
    return view_func(request, *args, **kwargs)
           ^^^^^^^^^^^^^^^^^^^^^^^^^^^^^^^^^^^
  File "C:\Users\USER\Documents\GitHub\Inspection_webapp\Conuar\conuar_webapp\main\permissions.py", line 53, in wrapper
    return view_func(request, *args, **kwargs)
           ^^^^^^^^^^^^^^^^^^^^^^^^^^^^^^^^^^^
  File "C:\Users\USER\Documents\GitHub\Inspection_webapp\Conuar\conuar_webapp\main\views.py", line 103, in dashboard
    machine = InspectionMachine.get_machine()
              ^^^^^^^^^^^^^^^^^^^^^^^^^^^^^^^
  File "C:\Users\USER\Documents\GitHub\Inspection_webapp\Conuar\conuar_webapp\main\models.py", line 396, in get_machine
    if not machine.current_inspection:
           ^^^^^^^^^^^^^^^^^^^^^^^^^^
  File "C:\Users\USER\AppData\Local\Packages\PythonSoftwareFoundation.Python.3.11_qbz5n2kfra8p0\LocalCache\local-packages\Python311\site-packages\django\db\models\fields\related_descriptors.py", line 236, in __get__
    rel_obj = self.get_object(instance)
              ^^^^^^^^^^^^^^^^^^^^^^^^^
  File "C:\Users\USER\AppData\Local\Packages\PythonSoftwareFoundation.Python.3.11_qbz5n2kfra8p0\LocalCache\local-packages\Python311\site-packages\django\db\models\fields\related_descriptors.py", line 366, in get_object
    return super().get_object(instance)
           ^^^^^^^^^^^^^^^^^^^^^^^^^^^^
  File "C:\Users\USER\AppData\Local\Packages\PythonSoftwareFoundation.Python.3.11_qbz5n2kfra8p0\LocalCache\local-packages\Python311\site-packages\django\db\models\fields\related_descriptors.py", line 199, in get_object
    return qs.get(self.field.get_reverse_related_filter(instance))
           ^^^^^^^^^^^^^^^^^^^^^^^^^^^^^^^^^^^^^^^^^^^^^^^^^^^^^^^
  File "C:\Users\USER\AppData\Local\Packages\PythonSoftwareFoundation.Python.3.11_qbz5n2kfra8p0\LocalCache\local-packages\Python311\site-packages\django\db\models\query.py", line 637, in get
    raise self.model.DoesNotExist(
main.models.Inspection.DoesNotExist: Inspection matching query does not exist.
ERROR 2025-12-10 17:45:20,430 basehttp 12680 6684 "GET /dashboard/ HTTP/1.1" 500 117598
INFO 2025-12-10 17:45:29,456 basehttp 12680 6684 "GET / HTTP/1.1" 302 0
INFO 2025-12-10 17:45:29,482 basehttp 12680 6684 "GET /inspections/ HTTP/1.1" 200 25312
ERROR 2025-12-10 17:45:32,272 log 12680 6684 Internal Server Error: /dashboard/
Traceback (most recent call last):
  File "C:\Users\USER\AppData\Local\Packages\PythonSoftwareFoundation.Python.3.11_qbz5n2kfra8p0\LocalCache\local-packages\Python311\site-packages\django\db\models\fields\related_descriptors.py", line 218, in __get__
    rel_obj = self.field.get_cached_value(instance)
              ^^^^^^^^^^^^^^^^^^^^^^^^^^^^^^^^^^^^^
  File "C:\Users\USER\AppData\Local\Packages\PythonSoftwareFoundation.Python.3.11_qbz5n2kfra8p0\LocalCache\local-packages\Python311\site-packages\django\db\models\fields\mixins.py", line 15, in get_cached_value
    return instance._state.fields_cache[cache_name]
           ~~~~~~~~~~~~~~~~~~~~~~~~~~~~^^^^^^^^^^^^
KeyError: 'current_inspection'

During handling of the above exception, another exception occurred:

Traceback (most recent call last):
  File "C:\Users\USER\AppData\Local\Packages\PythonSoftwareFoundation.Python.3.11_qbz5n2kfra8p0\LocalCache\local-packages\Python311\site-packages\django\core\handlers\exception.py", line 55, in inner
    response = get_response(request)
               ^^^^^^^^^^^^^^^^^^^^^
  File "C:\Users\USER\AppData\Local\Packages\PythonSoftwareFoundation.Python.3.11_qbz5n2kfra8p0\LocalCache\local-packages\Python311\site-packages\django\core\handlers\base.py", line 197, in _get_response
    response = wrapped_callback(request, *callback_args, **callback_kwargs)
               ^^^^^^^^^^^^^^^^^^^^^^^^^^^^^^^^^^^^^^^^^^^^^^^^^^^^^^^^^^^^
  File "C:\Users\USER\AppData\Local\Packages\PythonSoftwareFoundation.Python.3.11_qbz5n2kfra8p0\LocalCache\local-packages\Python311\site-packages\django\contrib\auth\decorators.py", line 23, in _wrapper_view
    return view_func(request, *args, **kwargs)
           ^^^^^^^^^^^^^^^^^^^^^^^^^^^^^^^^^^^
  File "C:\Users\USER\Documents\GitHub\Inspection_webapp\Conuar\conuar_webapp\main\permissions.py", line 53, in wrapper
    return view_func(request, *args, **kwargs)
           ^^^^^^^^^^^^^^^^^^^^^^^^^^^^^^^^^^^
  File "C:\Users\USER\Documents\GitHub\Inspection_webapp\Conuar\conuar_webapp\main\views.py", line 103, in dashboard
    machine = InspectionMachine.get_machine()
              ^^^^^^^^^^^^^^^^^^^^^^^^^^^^^^^
  File "C:\Users\USER\Documents\GitHub\Inspection_webapp\Conuar\conuar_webapp\main\models.py", line 396, in get_machine
    if not machine.current_inspection:
           ^^^^^^^^^^^^^^^^^^^^^^^^^^
  File "C:\Users\USER\AppData\Local\Packages\PythonSoftwareFoundation.Python.3.11_qbz5n2kfra8p0\LocalCache\local-packages\Python311\site-packages\django\db\models\fields\related_descriptors.py", line 236, in __get__
    rel_obj = self.get_object(instance)
              ^^^^^^^^^^^^^^^^^^^^^^^^^
  File "C:\Users\USER\AppData\Local\Packages\PythonSoftwareFoundation.Python.3.11_qbz5n2kfra8p0\LocalCache\local-packages\Python311\site-packages\django\db\models\fields\related_descriptors.py", line 366, in get_object
    return super().get_object(instance)
           ^^^^^^^^^^^^^^^^^^^^^^^^^^^^
  File "C:\Users\USER\AppData\Local\Packages\PythonSoftwareFoundation.Python.3.11_qbz5n2kfra8p0\LocalCache\local-packages\Python311\site-packages\django\db\models\fields\related_descriptors.py", line 199, in get_object
    return qs.get(self.field.get_reverse_related_filter(instance))
           ^^^^^^^^^^^^^^^^^^^^^^^^^^^^^^^^^^^^^^^^^^^^^^^^^^^^^^^
  File "C:\Users\USER\AppData\Local\Packages\PythonSoftwareFoundation.Python.3.11_qbz5n2kfra8p0\LocalCache\local-packages\Python311\site-packages\django\db\models\query.py", line 637, in get
    raise self.model.DoesNotExist(
main.models.Inspection.DoesNotExist: Inspection matching query does not exist.
ERROR 2025-12-10 17:45:32,274 basehttp 12680 6684 "GET /dashboard/ HTTP/1.1" 500 117184
INFO 2025-12-10 17:45:35,654 basehttp 12680 6684 "GET /inspection/1/ HTTP/1.1" 200 27994
INFO 2025-12-10 17:45:41,125 basehttp 12680 6684 "GET /inspection/1/pdf/ HTTP/1.1" 200 3792422
ERROR 2025-12-10 17:45:52,801 log 12680 6684 Internal Server Error: /dashboard/
Traceback (most recent call last):
  File "C:\Users\USER\AppData\Local\Packages\PythonSoftwareFoundation.Python.3.11_qbz5n2kfra8p0\LocalCache\local-packages\Python311\site-packages\django\db\models\fields\related_descriptors.py", line 218, in __get__
    rel_obj = self.field.get_cached_value(instance)
              ^^^^^^^^^^^^^^^^^^^^^^^^^^^^^^^^^^^^^
  File "C:\Users\USER\AppData\Local\Packages\PythonSoftwareFoundation.Python.3.11_qbz5n2kfra8p0\LocalCache\local-packages\Python311\site-packages\django\db\models\fields\mixins.py", line 15, in get_cached_value
    return instance._state.fields_cache[cache_name]
           ~~~~~~~~~~~~~~~~~~~~~~~~~~~~^^^^^^^^^^^^
KeyError: 'current_inspection'

During handling of the above exception, another exception occurred:

Traceback (most recent call last):
  File "C:\Users\USER\AppData\Local\Packages\PythonSoftwareFoundation.Python.3.11_qbz5n2kfra8p0\LocalCache\local-packages\Python311\site-packages\django\core\handlers\exception.py", line 55, in inner
    response = get_response(request)
               ^^^^^^^^^^^^^^^^^^^^^
  File "C:\Users\USER\AppData\Local\Packages\PythonSoftwareFoundation.Python.3.11_qbz5n2kfra8p0\LocalCache\local-packages\Python311\site-packages\django\core\handlers\base.py", line 197, in _get_response
    response = wrapped_callback(request, *callback_args, **callback_kwargs)
               ^^^^^^^^^^^^^^^^^^^^^^^^^^^^^^^^^^^^^^^^^^^^^^^^^^^^^^^^^^^^
  File "C:\Users\USER\AppData\Local\Packages\PythonSoftwareFoundation.Python.3.11_qbz5n2kfra8p0\LocalCache\local-packages\Python311\site-packages\django\contrib\auth\decorators.py", line 23, in _wrapper_view
    return view_func(request, *args, **kwargs)
           ^^^^^^^^^^^^^^^^^^^^^^^^^^^^^^^^^^^
  File "C:\Users\USER\Documents\GitHub\Inspection_webapp\Conuar\conuar_webapp\main\permissions.py", line 53, in wrapper
    return view_func(request, *args, **kwargs)
           ^^^^^^^^^^^^^^^^^^^^^^^^^^^^^^^^^^^
  File "C:\Users\USER\Documents\GitHub\Inspection_webapp\Conuar\conuar_webapp\main\views.py", line 103, in dashboard
    machine = InspectionMachine.get_machine()
              ^^^^^^^^^^^^^^^^^^^^^^^^^^^^^^^
  File "C:\Users\USER\Documents\GitHub\Inspection_webapp\Conuar\conuar_webapp\main\models.py", line 396, in get_machine
    if not machine.current_inspection:
           ^^^^^^^^^^^^^^^^^^^^^^^^^^
  File "C:\Users\USER\AppData\Local\Packages\PythonSoftwareFoundation.Python.3.11_qbz5n2kfra8p0\LocalCache\local-packages\Python311\site-packages\django\db\models\fields\related_descriptors.py", line 236, in __get__
    rel_obj = self.get_object(instance)
              ^^^^^^^^^^^^^^^^^^^^^^^^^
  File "C:\Users\USER\AppData\Local\Packages\PythonSoftwareFoundation.Python.3.11_qbz5n2kfra8p0\LocalCache\local-packages\Python311\site-packages\django\db\models\fields\related_descriptors.py", line 366, in get_object
    return super().get_object(instance)
           ^^^^^^^^^^^^^^^^^^^^^^^^^^^^
  File "C:\Users\USER\AppData\Local\Packages\PythonSoftwareFoundation.Python.3.11_qbz5n2kfra8p0\LocalCache\local-packages\Python311\site-packages\django\db\models\fields\related_descriptors.py", line 199, in get_object
    return qs.get(self.field.get_reverse_related_filter(instance))
           ^^^^^^^^^^^^^^^^^^^^^^^^^^^^^^^^^^^^^^^^^^^^^^^^^^^^^^^
  File "C:\Users\USER\AppData\Local\Packages\PythonSoftwareFoundation.Python.3.11_qbz5n2kfra8p0\LocalCache\local-packages\Python311\site-packages\django\db\models\query.py", line 637, in get
    raise self.model.DoesNotExist(
main.models.Inspection.DoesNotExist: Inspection matching query does not exist.
ERROR 2025-12-10 17:45:52,804 basehttp 12680 6684 "GET /dashboard/ HTTP/1.1" 500 117185
INFO 2025-12-10 17:54:14,977 autoreload 21400 19812 Watching for file changes with StatReloader
ERROR 2025-12-10 17:54:22,074 log 21400 7364 Internal Server Error: /dashboard/
Traceback (most recent call last):
  File "C:\Users\USER\AppData\Local\Packages\PythonSoftwareFoundation.Python.3.11_qbz5n2kfra8p0\LocalCache\local-packages\Python311\site-packages\django\core\handlers\exception.py", line 55, in inner
    response = get_response(request)
               ^^^^^^^^^^^^^^^^^^^^^
  File "C:\Users\USER\AppData\Local\Packages\PythonSoftwareFoundation.Python.3.11_qbz5n2kfra8p0\LocalCache\local-packages\Python311\site-packages\django\core\handlers\base.py", line 197, in _get_response
    response = wrapped_callback(request, *callback_args, **callback_kwargs)
               ^^^^^^^^^^^^^^^^^^^^^^^^^^^^^^^^^^^^^^^^^^^^^^^^^^^^^^^^^^^^
  File "C:\Users\USER\AppData\Local\Packages\PythonSoftwareFoundation.Python.3.11_qbz5n2kfra8p0\LocalCache\local-packages\Python311\site-packages\django\contrib\auth\decorators.py", line 23, in _wrapper_view
    return view_func(request, *args, **kwargs)
           ^^^^^^^^^^^^^^^^^^^^^^^^^^^^^^^^^^^
  File "C:\Users\USER\Documents\GitHub\Inspection_webapp\Conuar\conuar_webapp\main\permissions.py", line 53, in wrapper
    return view_func(request, *args, **kwargs)
           ^^^^^^^^^^^^^^^^^^^^^^^^^^^^^^^^^^^
  File "C:\Users\USER\Documents\GitHub\Inspection_webapp\Conuar\conuar_webapp\main\views.py", line 345, in dashboard
    chart_labels, all_inspectors_data, inspector_data, inspector_names = generate_chart_data()
                                                                         ^^^^^^^^^^^^^^^^^^^^^
  File "C:\Users\USER\Documents\GitHub\Inspection_webapp\Conuar\conuar_webapp\main\views.py", line 333, in generate_chart_data
    inspectors = User.objects.filter(
                 ^^^^
NameError: cannot access free variable 'User' where it is not associated with a value in enclosing scope
ERROR 2025-12-10 17:54:22,078 basehttp 21400 7364 "GET /dashboard/ HTTP/1.1" 500 94390
INFO 2025-12-10 17:54:32,278 basehttp 21400 7364 "GET / HTTP/1.1" 302 0
INFO 2025-12-10 17:54:32,309 basehttp 21400 7364 "GET /inspections/ HTTP/1.1" 200 24965
INFO 2025-12-10 17:54:34,413 basehttp 21400 7364 "GET /inspections/ HTTP/1.1" 200 24965
INFO 2025-12-10 17:54:36,821 basehttp 21400 7364 "GET /configuration/ HTTP/1.1" 200 26616
INFO 2025-12-10 17:54:37,512 basehttp 21400 7364 "GET /about/ HTTP/1.1" 200 21436
INFO 2025-12-10 17:54:38,434 basehttp 21400 7364 "GET /inspections/ HTTP/1.1" 200 24965
INFO 2025-12-10 17:54:40,004 basehttp 21400 7364 "GET /inspection/1/ HTTP/1.1" 200 29672
INFO 2025-12-10 17:54:41,887 basehttp 21400 7364 "GET /inspection/1/pdf/ HTTP/1.1" 200 3793299
WARNING 2025-12-10 17:56:21,458 log 21400 7364 Not Found: /inspection/1/
WARNING 2025-12-10 17:56:21,460 basehttp 21400 7364 "GET /inspection/1/ HTTP/1.1" 404 3903
INFO 2025-12-10 17:56:25,352 basehttp 21400 7364 "GET / HTTP/1.1" 302 0
INFO 2025-12-10 17:56:25,383 basehttp 21400 7364 "GET /inspections/ HTTP/1.1" 200 20668
INFO 2025-12-10 18:00:43,105 autoreload 18212 20612 Watching for file changes with StatReloader
INFO 2025-12-10 18:00:50,062 basehttp 18212 20536 "GET /inspections/ HTTP/1.1" 200 24965
INFO 2025-12-10 18:00:55,268 basehttp 18212 20536 "GET /inspection/2/ HTTP/1.1" 200 27994
INFO 2025-12-10 18:01:02,366 basehttp 18212 20536 "GET /inspection/2/pdf/ HTTP/1.1" 200 3792420
INFO 2025-12-10 18:10:19,083 autoreload 6576 17608 Watching for file changes with StatReloader
INFO 2025-12-10 18:10:31,055 basehttp 6576 4208 "GET / HTTP/1.1" 302 0
INFO 2025-12-10 18:10:31,094 basehttp 6576 4208 "GET /inspections/ HTTP/1.1" 200 24965
INFO 2025-12-10 18:10:41,025 basehttp 6576 4208 "GET /inspections/ HTTP/1.1" 200 20668
INFO 2025-12-10 18:12:31,457 autoreload 1724 21008 Watching for file changes with StatReloader
INFO 2025-12-10 18:12:38,149 basehttp 1724 2528 "GET /inspections/ HTTP/1.1" 200 24965
INFO 2025-12-10 18:12:39,667 basehttp 1724 2528 "GET /inspection/1/ HTTP/1.1" 200 29672
INFO 2025-12-10 18:12:45,385 basehttp 1724 2528 "GET /inspection/1/pdf/ HTTP/1.1" 200 3793304
INFO 2025-12-10 18:22:43,121 basehttp 1724 21344 - Broken pipe from ('127.0.0.1', 50891)
INFO 2025-12-10 18:22:43,138 basehttp 1724 6684 "GET /logout/ HTTP/1.1" 302 0
INFO 2025-12-10 18:22:43,142 basehttp 1724 6684 "GET /login/ HTTP/1.1" 200 16549
INFO 2025-12-11 16:51:00,819 autoreload 19544 19632 Watching for file changes with StatReloader
INFO 2025-12-11 17:02:24,487 basehttp 19544 3856 "GET / HTTP/1.1" 302 0
INFO 2025-12-11 17:02:24,496 basehttp 19544 3856 "GET /inspections/ HTTP/1.1" 302 0
INFO 2025-12-11 17:02:24,533 basehttp 19544 3856 "GET /login/?next=/inspections/ HTTP/1.1" 200 15907
INFO 2025-12-11 17:02:24,629 basehttp 19544 3856 "GET /static/css/custom.css HTTP/1.1" 200 8902
INFO 2025-12-11 17:02:24,634 basehttp 19544 13316 "GET /static/assets/logo_conuar1.svg HTTP/1.1" 200 14909
INFO 2025-12-11 17:02:24,637 basehttp 19544 13316 "GET /static/js/auto-logout.js HTTP/1.1" 200 7754
INFO 2025-12-11 17:02:24,789 basehttp 19544 13316 "GET /static/assets/fav_icon.png HTTP/1.1" 200 113857
INFO 2025-12-11 17:02:44,901 basehttp 19544 13316 "POST /login/?next=/inspections/ HTTP/1.1" 302 0
INFO 2025-12-11 17:02:44,963 basehttp 19544 13316 "GET /inspections/ HTTP/1.1" 200 30160
INFO 2025-12-11 17:02:53,153 basehttp 19544 13316 "GET /inspection/5/ HTTP/1.1" 200 28088
INFO 2025-12-11 17:02:53,189 basehttp 19544 13316 "GET /media/inspection_photos/PROCESSED/Ciclo2-EC123-1F-041225_154941-NOK/Ciclo2-EC123-1F-041225_154941-NOK.bmp HTTP/1.1" 200 5014632
INFO 2025-12-11 17:18:41,176 autoreload 19880 18744 Watching for file changes with StatReloader
INFO 2025-12-11 17:18:45,824 basehttp 19880 19384 "GET /logout/ HTTP/1.1" 302 0
INFO 2025-12-11 17:18:45,831 basehttp 19880 19384 "GET /login/ HTTP/1.1" 200 16549
INFO 2025-12-11 17:18:59,005 basehttp 19880 19384 "POST /login/ HTTP/1.1" 302 0
INFO 2025-12-11 17:18:59,051 basehttp 19880 19384 "GET /inspections/ HTTP/1.1" 200 30160
INFO 2025-12-11 17:19:02,832 basehttp 19880 19384 "GET /inspection/5/ HTTP/1.1" 200 28088
INFO 2025-12-11 17:19:08,245 basehttp 19880 19384 "GET /inspection/5/pdf/ HTTP/1.1" 200 4886
INFO 2025-12-11 17:29:06,737 basehttp 19880 19616 - Broken pipe from ('127.0.0.1', 59455)
INFO 2025-12-11 17:29:06,745 basehttp 19880 17320 - Broken pipe from ('127.0.0.1', 55401)
INFO 2025-12-11 17:29:06,745 basehttp 19880 19040 - Broken pipe from ('127.0.0.1', 61070)
INFO 2025-12-11 17:29:06,745 basehttp 19880 19804 - Broken pipe from ('127.0.0.1', 52938)
INFO 2025-12-11 17:29:06,745 basehttp 19880 17424 - Broken pipe from ('127.0.0.1', 65493)
INFO 2025-12-11 17:29:06,745 basehttp 19880 18340 - Broken pipe from ('127.0.0.1', 59268)
INFO 2025-12-11 17:29:06,745 basehttp 19880 20368 - Broken pipe from ('127.0.0.1', 51956)
INFO 2025-12-11 17:29:06,745 basehttp 19880 18444 - Broken pipe from ('127.0.0.1', 63306)
INFO 2025-12-11 17:29:06,760 basehttp 19880 19428 - Broken pipe from ('127.0.0.1', 60358)
INFO 2025-12-11 17:29:06,760 basehttp 19880 20028 - Broken pipe from ('127.0.0.1', 61594)
INFO 2025-12-11 17:29:06,760 basehttp 19880 18860 - Broken pipe from ('127.0.0.1', 52066)
INFO 2025-12-11 17:29:06,760 basehttp 19880 20108 - Broken pipe from ('127.0.0.1', 56331)
INFO 2025-12-11 17:29:06,760 basehttp 19880 7620 - Broken pipe from ('127.0.0.1', 62453)
INFO 2025-12-11 17:29:06,760 basehttp 19880 11424 "GET /logout/ HTTP/1.1" 302 0
INFO 2025-12-11 17:29:06,760 basehttp 19880 4952 - Broken pipe from ('127.0.0.1', 53182)
INFO 2025-12-11 17:29:06,760 basehttp 19880 11424 "GET /login/ HTTP/1.1" 200 16549
INFO 2025-12-11 17:29:06,760 basehttp 19880 16988 - Broken pipe from ('127.0.0.1', 62709)
INFO 2025-12-11 17:48:40,937 autoreload 17000 16924 Watching for file changes with StatReloader
INFO 2025-12-11 17:48:44,099 basehttp 17000 8988 "GET /login/ HTTP/1.1" 200 15790
INFO 2025-12-11 17:48:44,236 basehttp 17000 8988 "GET /static/css/custom.css HTTP/1.1" 200 8902
INFO 2025-12-11 17:48:44,239 basehttp 17000 9232 "GET /static/assets/logo_conuar1.svg HTTP/1.1" 200 14909
INFO 2025-12-11 17:48:44,241 basehttp 17000 20260 "GET /static/js/auto-logout.js HTTP/1.1" 200 7754
INFO 2025-12-11 17:48:44,359 basehttp 17000 20260 "GET /static/assets/fav_icon.png HTTP/1.1" 200 113857
INFO 2025-12-11 17:52:59,498 autoreload 17000 16924 C:\Users\USER\Documents\GitHub\Inspection_webapp\Conuar\conuar_webapp\main\views.py changed, reloading.
INFO 2025-12-11 17:52:59,904 autoreload 12068 5664 Watching for file changes with StatReloader
INFO 2025-12-11 17:54:00,961 autoreload 12068 5664 C:\Users\USER\Documents\GitHub\Inspection_webapp\Conuar\conuar_webapp\main\views.py changed, reloading.
INFO 2025-12-11 17:54:01,299 autoreload 2460 3340 Watching for file changes with StatReloader
INFO 2025-12-11 17:56:09,496 basehttp 2460 6376 "POST /login/ HTTP/1.1" 302 0
INFO 2025-12-11 17:56:09,609 basehttp 2460 6376 "GET /inspections/ HTTP/1.1" 200 30160
INFO 2025-12-11 17:56:10,937 basehttp 2460 6376 "GET /inspection/5/ HTTP/1.1" 200 28088
INFO 2025-12-11 17:56:11,074 basehttp 2460 6376 "GET /media/inspection_photos/PROCESSED/Ciclo2-EC123-1F-041225_154941-NOK/Ciclo2-EC123-1F-041225_154941-NOK.bmp HTTP/1.1" 200 5014632
INFO 2025-12-11 17:56:17,337 basehttp 2460 6376 "GET /inspection/5/pdf/ HTTP/1.1" 200 5047
INFO 2025-12-11 18:00:30,077 autoreload 2460 3340 C:\Users\USER\Documents\GitHub\Inspection_webapp\Conuar\conuar_webapp\main\views.py changed, reloading.
INFO 2025-12-11 18:00:33,073 autoreload 360 10792 Watching for file changes with StatReloader
INFO 2025-12-11 18:05:31,616 autoreload 360 10792 C:\Users\USER\Documents\GitHub\Inspection_webapp\Conuar\conuar_webapp\main\views.py changed, reloading.
INFO 2025-12-11 18:05:31,981 autoreload 17260 8160 Watching for file changes with StatReloader
INFO 2025-12-11 18:05:41,307 autoreload 17260 8160 C:\Users\USER\Documents\GitHub\Inspection_webapp\Conuar\conuar_webapp\main\views.py changed, reloading.
INFO 2025-12-11 18:05:41,658 autoreload 11696 2396 Watching for file changes with StatReloader
INFO 2025-12-11 18:06:14,374 basehttp 11696 2428 - Broken pipe from ('127.0.0.1', 59516)
INFO 2025-12-11 18:06:14,374 basehttp 11696 19032 - Broken pipe from ('127.0.0.1', 59784)
INFO 2025-12-11 18:06:14,374 basehttp 11696 4296 - Broken pipe from ('127.0.0.1', 61324)
INFO 2025-12-11 18:06:14,376 basehttp 11696 17740 - Broken pipe from ('127.0.0.1', 65341)
INFO 2025-12-11 18:06:14,376 basehttp 11696 11780 - Broken pipe from ('127.0.0.1', 55770)
INFO 2025-12-11 18:06:14,377 basehttp 11696 17556 - Broken pipe from ('127.0.0.1', 52160)
INFO 2025-12-11 18:06:14,377 basehttp 11696 17856 - Broken pipe from ('127.0.0.1', 54486)
INFO 2025-12-11 18:06:14,377 basehttp 11696 5220 - Broken pipe from ('127.0.0.1', 61905)
INFO 2025-12-11 18:06:14,381 basehttp 11696 17944 - Broken pipe from ('127.0.0.1', 54397)
INFO 2025-12-11 18:06:14,383 basehttp 11696 14492 - Broken pipe from ('127.0.0.1', 63944)
INFO 2025-12-11 18:06:14,385 basehttp 11696 20212 - Broken pipe from ('127.0.0.1', 52964)
INFO 2025-12-11 18:06:14,386 basehttp 11696 7876 - Broken pipe from ('127.0.0.1', 54510)
INFO 2025-12-11 18:06:14,387 basehttp 11696 16352 - Broken pipe from ('127.0.0.1', 61041)
INFO 2025-12-11 18:06:14,387 basehttp 11696 4796 - Broken pipe from ('127.0.0.1', 59131)
INFO 2025-12-11 18:06:14,387 basehttp 11696 6472 - Broken pipe from ('127.0.0.1', 49650)
INFO 2025-12-11 18:06:14,389 basehttp 11696 2708 - Broken pipe from ('127.0.0.1', 56909)
INFO 2025-12-11 18:06:14,390 basehttp 11696 2552 - Broken pipe from ('127.0.0.1', 50383)
INFO 2025-12-11 18:06:14,390 basehttp 11696 5636 - Broken pipe from ('127.0.0.1', 58897)
INFO 2025-12-11 18:06:14,390 basehttp 11696 4644 "GET /logout/ HTTP/1.1" 302 0
INFO 2025-12-11 18:06:14,391 basehttp 11696 9252 - Broken pipe from ('127.0.0.1', 55163)
INFO 2025-12-11 18:06:14,391 basehttp 11696 8400 - Broken pipe from ('127.0.0.1', 49669)
INFO 2025-12-11 18:06:14,392 basehttp 11696 9220 - Broken pipe from ('127.0.0.1', 50752)
INFO 2025-12-11 18:06:14,394 basehttp 11696 12948 - Broken pipe from ('127.0.0.1', 51867)
INFO 2025-12-11 18:06:14,394 basehttp 11696 17776 - Broken pipe from ('127.0.0.1', 59149)
INFO 2025-12-11 18:06:14,394 basehttp 11696 19668 - Broken pipe from ('127.0.0.1', 56768)
INFO 2025-12-11 18:06:14,395 basehttp 11696 7744 - Broken pipe from ('127.0.0.1', 56424)
INFO 2025-12-11 18:06:14,395 basehttp 11696 11220 - Broken pipe from ('127.0.0.1', 58439)
INFO 2025-12-11 18:06:14,396 basehttp 11696 17300 - Broken pipe from ('127.0.0.1', 57837)
INFO 2025-12-11 18:06:14,473 basehttp 11696 4644 "GET /login/ HTTP/1.1" 200 16549
INFO 2025-12-11 18:08:47,718 autoreload 11696 2396 C:\Users\USER\Documents\GitHub\Inspection_webapp\Conuar\conuar_webapp\main\views.py changed, reloading.
INFO 2025-12-11 18:08:48,075 autoreload 9260 20420 Watching for file changes with StatReloader
INFO 2025-12-11 18:09:10,606 autoreload 9260 20420 C:\Users\USER\Documents\GitHub\Inspection_webapp\Conuar\conuar_webapp\main\views.py changed, reloading.
INFO 2025-12-11 18:09:10,952 autoreload 3464 19664 Watching for file changes with StatReloader
INFO 2025-12-11 18:09:18,253 autoreload 3464 19664 C:\Users\USER\Documents\GitHub\Inspection_webapp\Conuar\conuar_webapp\main\views.py changed, reloading.
INFO 2025-12-11 18:09:18,605 autoreload 19708 15728 Watching for file changes with StatReloader
INFO 2025-12-11 18:09:46,193 autoreload 19708 15728 C:\Users\USER\Documents\GitHub\Inspection_webapp\Conuar\conuar_webapp\main\views.py changed, reloading.
INFO 2025-12-11 18:09:46,544 autoreload 17136 7368 Watching for file changes with StatReloader
INFO 2025-12-11 18:09:55,872 autoreload 17136 7368 C:\Users\USER\Documents\GitHub\Inspection_webapp\Conuar\conuar_webapp\main\views.py changed, reloading.
INFO 2025-12-11 18:09:56,227 autoreload 17980 9664 Watching for file changes with StatReloader
INFO 2025-12-11 18:10:20,758 autoreload 17980 9664 C:\Users\USER\Documents\GitHub\Inspection_webapp\Conuar\conuar_webapp\main\views.py changed, reloading.
INFO 2025-12-11 18:10:21,101 autoreload 20152 20300 Watching for file changes with StatReloader
INFO 2025-12-11 18:11:57,015 basehttp 20152 8640 "POST /login/ HTTP/1.1" 302 0
INFO 2025-12-11 18:11:57,127 basehttp 20152 8640 "GET /inspections/ HTTP/1.1" 200 30160
INFO 2025-12-11 18:11:58,525 basehttp 20152 8640 "GET /inspection/5/ HTTP/1.1" 200 28088
INFO 2025-12-11 18:12:03,409 basehttp 20152 8640 "GET /inspection/5/pdf/ HTTP/1.1" 200 5048
INFO 2025-12-11 18:12:27,311 autoreload 14572 11628 Watching for file changes with StatReloader
INFO 2025-12-11 18:12:30,139 basehttp 14572 12500 "GET /inspection/5/ HTTP/1.1" 200 28088
INFO 2025-12-11 18:12:33,125 basehttp 14572 12500 "GET /logout/ HTTP/1.1" 302 0
INFO 2025-12-11 18:12:33,128 basehttp 14572 12500 "GET /login/ HTTP/1.1" 200 16549
INFO 2025-12-11 18:12:40,375 basehttp 14572 12500 "POST /login/ HTTP/1.1" 302 0
INFO 2025-12-11 18:12:40,416 basehttp 14572 12500 "GET /inspections/ HTTP/1.1" 200 30160
INFO 2025-12-11 18:12:42,002 basehttp 14572 12500 "GET /inspection/5/ HTTP/1.1" 200 28088
INFO 2025-12-11 18:12:43,714 basehttp 14572 12500 "GET /inspection/5/pdf/ HTTP/1.1" 200 5048
INFO 2025-12-11 18:13:13,485 basehttp 14572 12500 "GET /inspection/5/pdf/ HTTP/1.1" 200 5048
INFO 2025-12-12 07:58:48,764 autoreload 19276 3180 Watching for file changes with StatReloader
INFO 2025-12-12 07:58:56,807 basehttp 19276 19896 "GET /logout/ HTTP/1.1" 302 0
INFO 2025-12-12 07:58:56,848 basehttp 19276 19896 "GET /login/ HTTP/1.1" 200 16549
INFO 2025-12-12 08:01:19,441 basehttp 19276 19896 "POST /login/ HTTP/1.1" 302 0
INFO 2025-12-12 08:01:19,529 basehttp 19276 19896 "GET /inspections/ HTTP/1.1" 200 30160
INFO 2025-12-12 08:01:23,442 basehttp 19276 19896 "GET /inspection/5/ HTTP/1.1" 200 28088
INFO 2025-12-12 08:05:00,015 autoreload 19276 3180 C:\Users\USER\Documents\GitHub\Inspection_webapp\Conuar\conuar_webapp\main\views.py changed, reloading.
INFO 2025-12-12 08:05:00,373 autoreload 8896 18956 Watching for file changes with StatReloader
INFO 2025-12-12 08:05:41,143 autoreload 8896 18956 C:\Users\USER\Documents\GitHub\Inspection_webapp\Conuar\conuar_webapp\main\views.py changed, reloading.
INFO 2025-12-12 08:05:41,487 autoreload 4456 20140 Watching for file changes with StatReloader
INFO 2025-12-12 08:09:28,904 autoreload 4456 20140 C:\Users\USER\Documents\GitHub\Inspection_webapp\Conuar\conuar_webapp\main\views.py changed, reloading.
INFO 2025-12-12 08:09:29,267 autoreload 18616 16144 Watching for file changes with StatReloader
INFO 2025-12-12 08:10:36,906 autoreload 17864 9188 Watching for file changes with StatReloader
INFO 2025-12-12 08:10:44,300 basehttp 17864 6628 "GET /inspection/5/ HTTP/1.1" 200 28088
INFO 2025-12-12 08:10:46,355 basehttp 17864 6628 "GET /inspection/5/ HTTP/1.1" 200 28088
INFO 2025-12-12 08:10:51,141 basehttp 17864 6628 "GET /inspection/5/pdf/ HTTP/1.1" 200 5045
INFO 2025-12-12 08:15:25,612 autoreload 17864 9188 C:\Users\USER\Documents\GitHub\Inspection_webapp\Conuar\conuar_webapp\main\views.py changed, reloading.
INFO 2025-12-12 08:15:26,048 autoreload 15748 20004 Watching for file changes with StatReloader
INFO 2025-12-12 08:16:25,072 autoreload 15748 20004 C:\Users\USER\Documents\GitHub\Inspection_webapp\Conuar\conuar_webapp\main\views.py changed, reloading.
INFO 2025-12-12 08:16:25,423 autoreload 3404 20228 Watching for file changes with StatReloader
INFO 2025-12-12 08:17:34,385 autoreload 3404 20228 C:\Users\USER\Documents\GitHub\Inspection_webapp\Conuar\conuar_webapp\main\views.py changed, reloading.
INFO 2025-12-12 08:17:34,743 autoreload 17264 9776 Watching for file changes with StatReloader
INFO 2025-12-12 08:17:43,418 basehttp 17264 8064 "GET /inspection/5/pdf/ HTTP/1.1" 200 5046
INFO 2025-12-12 08:18:27,957 autoreload 17264 9776 C:\Users\USER\Documents\GitHub\Inspection_webapp\Conuar\conuar_webapp\main\views.py changed, reloading.
INFO 2025-12-12 08:18:28,336 autoreload 8808 8600 Watching for file changes with StatReloader
INFO 2025-12-12 08:18:59,509 autoreload 18424 20332 Watching for file changes with StatReloader
INFO 2025-12-12 08:19:03,456 basehttp 18424 2348 "GET /inspection/5/ HTTP/1.1" 200 28088
INFO 2025-12-12 08:19:05,210 basehttp 18424 2348 "GET /inspection/5/pdf/ HTTP/1.1" 200 5046
INFO 2025-12-12 08:22:06,744 autoreload 18948 18000 Watching for file changes with StatReloader
INFO 2025-12-12 08:22:46,500 autoreload 18948 18000 C:\Users\USER\Documents\GitHub\Inspection_webapp\Conuar\conuar_webapp\main\views.py changed, reloading.
INFO 2025-12-12 08:22:46,842 autoreload 8728 20268 Watching for file changes with StatReloader
INFO 2025-12-12 08:25:06,031 autoreload 8728 20268 C:\Users\USER\Documents\GitHub\Inspection_webapp\Conuar\conuar_webapp\main\views.py changed, reloading.
INFO 2025-12-12 08:25:06,371 autoreload 2484 2840 Watching for file changes with StatReloader
INFO 2025-12-12 08:27:51,911 autoreload 2484 2840 C:\Users\USER\Documents\GitHub\Inspection_webapp\Conuar\conuar_webapp\main\views.py changed, reloading.
INFO 2025-12-12 08:27:52,261 autoreload 19712 16324 Watching for file changes with StatReloader
INFO 2025-12-12 08:28:03,625 autoreload 19712 16324 C:\Users\USER\Documents\GitHub\Inspection_webapp\Conuar\conuar_webapp\main\views.py changed, reloading.
INFO 2025-12-12 08:28:03,992 autoreload 18844 11520 Watching for file changes with StatReloader
INFO 2025-12-12 08:28:06,229 autoreload 18844 11520 C:\Users\USER\Documents\GitHub\Inspection_webapp\Conuar\conuar_webapp\main\views.py changed, reloading.
INFO 2025-12-12 08:28:06,582 autoreload 18700 19036 Watching for file changes with StatReloader
INFO 2025-12-12 08:28:48,329 autoreload 5096 9688 Watching for file changes with StatReloader
INFO 2025-12-12 08:28:52,309 basehttp 5096 3004 "GET /inspection/5/ HTTP/1.1" 200 28088
INFO 2025-12-12 08:28:53,803 basehttp 5096 3004 "GET /inspection/5/ HTTP/1.1" 200 28088
INFO 2025-12-12 08:28:55,120 basehttp 5096 3004 "GET /logout/ HTTP/1.1" 302 0
INFO 2025-12-12 08:28:55,125 basehttp 5096 3004 "GET /login/ HTTP/1.1" 200 16549
INFO 2025-12-12 08:29:31,877 basehttp 5096 3004 "POST /login/ HTTP/1.1" 200 16565
INFO 2025-12-12 08:29:41,543 basehttp 5096 3004 "POST /login/ HTTP/1.1" 302 0
INFO 2025-12-12 08:29:41,578 basehttp 5096 3004 "GET /inspections/ HTTP/1.1" 200 30160
INFO 2025-12-12 08:29:45,065 basehttp 5096 3004 "GET /inspection/5/ HTTP/1.1" 200 28088
INFO 2025-12-12 08:29:47,315 basehttp 5096 3004 "GET /inspection/5/pdf/ HTTP/1.1" 200 5046
INFO 2025-12-12 08:34:03,306 autoreload 2592 6596 Watching for file changes with StatReloader
WARNING 2025-12-12 08:35:56,451 log 2592 10236 Not Found: /inspection/5/
WARNING 2025-12-12 08:35:56,453 basehttp 2592 10236 "GET /inspection/5/ HTTP/1.1" 404 3903
WARNING 2025-12-12 08:35:56,516 log 2592 10236 Not Found: /favicon.ico
WARNING 2025-12-12 08:35:56,517 basehttp 2592 10236 "GET /favicon.ico HTTP/1.1" 404 4191
INFO 2025-12-12 08:36:03,734 basehttp 2592 10236 "GET /inspections/ HTTP/1.1" 200 20668
INFO 2025-12-12 08:36:22,435 autoreload 10796 508 Watching for file changes with StatReloader
INFO 2025-12-12 08:36:34,810 basehttp 10796 7612 "GET /inspections/ HTTP/1.1" 200 24967
INFO 2025-12-12 08:36:36,652 basehttp 10796 7612 "GET /inspection/2/ HTTP/1.1" 200 30980
INFO 2025-12-12 08:36:36,787 basehttp 10796 7612 "GET /media/inspection_photos/PROCESSED/Ciclo2-EC123-1F-041225_154941-NOK/Ciclo2-EC123-1F-041225_154942-OK.bmp HTTP/1.1" 200 5014632
INFO 2025-12-12 08:36:36,792 basehttp 10796 17840 "GET /media/inspection_photos/PROCESSED/Ciclo2-EC123-1F-041225_154941-NOK/Ciclo2-EC123-1F-041225_154943-OK.bmp HTTP/1.1" 200 5014632
INFO 2025-12-12 08:36:44,970 basehttp 10796 17840 "GET /inspection/2/pdf/ HTTP/1.1" 200 5299
INFO 2025-12-12 08:53:11,064 autoreload 5984 12572 Watching for file changes with StatReloader
INFO 2025-12-12 08:53:14,989 basehttp 5984 6052 - Broken pipe from ('127.0.0.1', 53714)
INFO 2025-12-12 08:53:17,532 basehttp 5984 18256 "GET /logout/ HTTP/1.1" 302 0
INFO 2025-12-12 08:53:17,544 basehttp 5984 18256 "GET /login/ HTTP/1.1" 200 16549
INFO 2025-12-12 08:53:24,529 basehttp 5984 18256 "POST /login/ HTTP/1.1" 302 0
INFO 2025-12-12 08:53:24,581 basehttp 5984 18256 "GET /inspections/ HTTP/1.1" 200 25314
INFO 2025-12-12 08:53:26,392 basehttp 5984 18256 "GET /inspection/2/ HTTP/1.1" 200 30980
INFO 2025-12-12 08:53:31,304 basehttp 5984 18256 "GET /inspection/2/pdf/ HTTP/1.1" 200 5302
INFO 2025-12-12 09:11:43,354 autoreload 3248 16296 Watching for file changes with StatReloader
INFO 2025-12-12 09:11:48,595 basehttp 3248 8728 "GET /logout/ HTTP/1.1" 302 0
INFO 2025-12-12 09:11:48,603 basehttp 3248 8728 "GET /login/ HTTP/1.1" 200 16549
INFO 2025-12-12 09:12:06,263 basehttp 3248 8728 "POST /login/ HTTP/1.1" 302 0
INFO 2025-12-12 09:12:06,308 basehttp 3248 8728 "GET /inspections/ HTTP/1.1" 200 25314
INFO 2025-12-12 09:12:07,761 basehttp 3248 8728 "GET /inspection/2/ HTTP/1.1" 200 30980
INFO 2025-12-12 09:12:11,469 basehttp 3248 8728 "GET /inspection/2/pdf/ HTTP/1.1" 200 3855286
INFO 2025-12-12 09:16:57,603 autoreload 19552 19760 Watching for file changes with StatReloader
INFO 2025-12-12 09:17:12,501 basehttp 19552 14388 "GET /inspection/2/ HTTP/1.1" 200 30980
INFO 2025-12-12 09:17:16,174 basehttp 19552 14388 "GET /inspection/2/pdf/ HTTP/1.1" 200 3854950
INFO 2025-12-12 09:17:48,440 basehttp 19552 14388 "GET /inspection/2/pdf/ HTTP/1.1" 200 3854951
INFO 2025-12-12 09:27:16,305 basehttp 19552 2856 - Broken pipe from ('127.0.0.1', 59874)
INFO 2025-12-12 09:27:16,305 basehttp 19552 7700 - Broken pipe from ('127.0.0.1', 63005)
INFO 2025-12-12 09:27:16,305 basehttp 19552 7380 - Broken pipe from ('127.0.0.1', 53314)
INFO 2025-12-12 09:27:16,308 basehttp 19552 2868 "GET /logout/ HTTP/1.1" 302 0
INFO 2025-12-12 09:27:16,312 basehttp 19552 2868 "GET /login/ HTTP/1.1" 200 16549
INFO 2025-12-12 10:03:59,286 autoreload 17728 13528 Watching for file changes with StatReloader
INFO 2025-12-12 10:04:04,663 basehttp 17728 19728 "POST /login/ HTTP/1.1" 302 0
INFO 2025-12-12 10:04:04,698 basehttp 17728 19728 "GET /inspections/ HTTP/1.1" 200 25314
INFO 2025-12-12 10:04:06,666 basehttp 17728 19728 "GET /inspection/2/ HTTP/1.1" 200 30980
ERROR 2025-12-12 10:04:09,154 log 17728 19728 Internal Server Error: /dashboard/
Traceback (most recent call last):
  File "C:\Users\USER\AppData\Local\Packages\PythonSoftwareFoundation.Python.3.11_qbz5n2kfra8p0\LocalCache\local-packages\Python311\site-packages\django\core\handlers\exception.py", line 55, in inner
    response = get_response(request)
               ^^^^^^^^^^^^^^^^^^^^^
  File "C:\Users\USER\AppData\Local\Packages\PythonSoftwareFoundation.Python.3.11_qbz5n2kfra8p0\LocalCache\local-packages\Python311\site-packages\django\core\handlers\base.py", line 197, in _get_response
    response = wrapped_callback(request, *callback_args, **callback_kwargs)
               ^^^^^^^^^^^^^^^^^^^^^^^^^^^^^^^^^^^^^^^^^^^^^^^^^^^^^^^^^^^^
  File "C:\Users\USER\AppData\Local\Packages\PythonSoftwareFoundation.Python.3.11_qbz5n2kfra8p0\LocalCache\local-packages\Python311\site-packages\django\contrib\auth\decorators.py", line 23, in _wrapper_view
    return view_func(request, *args, **kwargs)
           ^^^^^^^^^^^^^^^^^^^^^^^^^^^^^^^^^^^
  File "C:\Users\USER\Documents\GitHub\Inspection_webapp\Conuar\conuar_webapp\main\permissions.py", line 53, in wrapper
    return view_func(request, *args, **kwargs)
           ^^^^^^^^^^^^^^^^^^^^^^^^^^^^^^^^^^^
  File "C:\Users\USER\Documents\GitHub\Inspection_webapp\Conuar\conuar_webapp\main\views.py", line 346, in dashboard
    chart_labels, all_inspectors_data, inspector_data, inspector_names = generate_chart_data()
                                                                         ^^^^^^^^^^^^^^^^^^^^^
  File "C:\Users\USER\Documents\GitHub\Inspection_webapp\Conuar\conuar_webapp\main\views.py", line 334, in generate_chart_data
    inspectors = User.objects.filter(
                 ^^^^
NameError: cannot access free variable 'User' where it is not associated with a value in enclosing scope
ERROR 2025-12-12 10:04:09,158 basehttp 17728 19728 "GET /dashboard/ HTTP/1.1" 500 94254
INFO 2025-12-12 10:05:30,484 autoreload 17728 13528 C:\Users\USER\Documents\GitHub\Inspection_webapp\Conuar\conuar_webapp\main\views.py changed, reloading.
INFO 2025-12-12 10:05:30,843 autoreload 10716 17600 Watching for file changes with StatReloader
INFO 2025-12-12 10:05:41,185 autoreload 10716 17600 C:\Users\USER\Documents\GitHub\Inspection_webapp\Conuar\conuar_webapp\main\views.py changed, reloading.
INFO 2025-12-12 10:05:41,518 autoreload 20256 4296 Watching for file changes with StatReloader
INFO 2025-12-12 10:06:08,103 autoreload 20256 4296 C:\Users\USER\Documents\GitHub\Inspection_webapp\Conuar\conuar_webapp\main\views.py changed, reloading.
INFO 2025-12-12 10:06:08,444 autoreload 15748 19768 Watching for file changes with StatReloader
INFO 2025-12-12 10:14:46,965 autoreload 15748 19768 C:\Users\USER\Documents\GitHub\Inspection_webapp\Conuar\conuar_webapp\main\views.py changed, reloading.
INFO 2025-12-12 10:14:47,360 autoreload 7504 18120 Watching for file changes with StatReloader
INFO 2025-12-12 10:15:04,407 autoreload 8744 1472 Watching for file changes with StatReloader
INFO 2025-12-12 10:15:07,826 basehttp 8744 13240 "GET /dashboard/ HTTP/1.1" 302 0
INFO 2025-12-12 10:15:07,832 basehttp 8744 13240 "GET /login/?next=/dashboard/ HTTP/1.1" 200 15905
INFO 2025-12-12 10:15:15,344 basehttp 8744 13240 "POST /login/?next=/dashboard/ HTTP/1.1" 302 0
INFO 2025-12-12 10:15:15,419 basehttp 8744 13240 "GET /dashboard/ HTTP/1.1" 200 18498
INFO 2025-12-12 10:15:22,971 basehttp 8744 13240 "GET /inspections/ HTTP/1.1" 200 24967
INFO 2025-12-12 10:15:25,576 basehttp 8744 13240 "GET /inspection/2/ HTTP/1.1" 200 30980
INFO 2025-12-12 10:15:28,696 basehttp 8744 13240 "GET /inspection/2/pdf/ HTTP/1.1" 200 3855000
INFO 2025-12-12 10:25:29,317 basehttp 8744 2916 - Broken pipe from ('127.0.0.1', 60149)
INFO 2025-12-12 10:25:29,318 basehttp 8744 12196 - Broken pipe from ('127.0.0.1', 58212)
INFO 2025-12-12 10:25:29,318 basehttp 8744 2852 - Broken pipe from ('127.0.0.1', 54603)
INFO 2025-12-12 10:25:29,318 basehttp 8744 14292 - Broken pipe from ('127.0.0.1', 53620)
INFO 2025-12-12 10:25:29,323 basehttp 8744 19964 - Broken pipe from ('127.0.0.1', 65449)
INFO 2025-12-12 10:25:29,325 basehttp 8744 9796 - Broken pipe from ('127.0.0.1', 51764)
INFO 2025-12-12 10:25:29,330 basehttp 8744 13364 - Broken pipe from ('127.0.0.1', 52921)
INFO 2025-12-12 10:25:29,333 basehttp 8744 20160 - Broken pipe from ('127.0.0.1', 60422)
INFO 2025-12-12 10:25:29,333 basehttp 8744 19468 - Broken pipe from ('127.0.0.1', 63722)
INFO 2025-12-12 10:25:29,334 basehttp 8744 5772 - Broken pipe from ('127.0.0.1', 57398)
INFO 2025-12-12 10:25:29,338 basehttp 8744 17284 - Broken pipe from ('127.0.0.1', 53444)
INFO 2025-12-12 10:25:29,342 basehttp 8744 5984 - Broken pipe from ('127.0.0.1', 53571)
INFO 2025-12-12 10:25:29,346 basehttp 8744 19828 - Broken pipe from ('127.0.0.1', 63074)
INFO 2025-12-12 10:25:29,349 basehttp 8744 18748 - Broken pipe from ('127.0.0.1', 50768)
INFO 2025-12-12 10:25:29,349 basehttp 8744 17836 - Broken pipe from ('127.0.0.1', 59046)
INFO 2025-12-12 10:25:29,351 basehttp 8744 8908 - Broken pipe from ('127.0.0.1', 50776)
INFO 2025-12-12 10:25:29,352 basehttp 8744 1964 - Broken pipe from ('127.0.0.1', 53682)
INFO 2025-12-12 10:25:29,355 basehttp 8744 19156 - Broken pipe from ('127.0.0.1', 56311)
INFO 2025-12-12 10:25:29,358 basehttp 8744 18808 - Broken pipe from ('127.0.0.1', 62004)
INFO 2025-12-12 10:25:29,358 basehttp 8744 18324 - Broken pipe from ('127.0.0.1', 50880)
INFO 2025-12-12 10:25:29,360 basehttp 8744 17740 - Broken pipe from ('127.0.0.1', 53832)
INFO 2025-12-12 10:25:29,363 basehttp 8744 18540 - Broken pipe from ('127.0.0.1', 63008)
INFO 2025-12-12 10:25:29,366 basehttp 8744 1476 - Broken pipe from ('127.0.0.1', 51574)
INFO 2025-12-12 10:25:29,372 basehttp 8744 17912 - Broken pipe from ('127.0.0.1', 53014)
INFO 2025-12-12 10:25:29,391 basehttp 8744 3632 - Broken pipe from ('127.0.0.1', 55148)
INFO 2025-12-12 10:25:29,391 basehttp 8744 18036 - Broken pipe from ('127.0.0.1', 52765)
INFO 2025-12-12 10:25:29,394 basehttp 8744 19448 - Broken pipe from ('127.0.0.1', 62509)
INFO 2025-12-12 10:25:29,396 basehttp 8744 19876 - Broken pipe from ('127.0.0.1', 51893)
INFO 2025-12-12 10:25:29,397 basehttp 8744 5496 - Broken pipe from ('127.0.0.1', 61254)
INFO 2025-12-12 10:25:29,397 basehttp 8744 15828 "GET /logout/ HTTP/1.1" 302 0
INFO 2025-12-12 10:25:29,400 basehttp 8744 15828 "GET /login/ HTTP/1.1" 200 16549
INFO 2025-12-12 10:25:29,405 basehttp 8744 18932 - Broken pipe from ('127.0.0.1', 50109)
INFO 2025-12-12 10:25:29,406 basehttp 8744 6536 - Broken pipe from ('127.0.0.1', 49858)
INFO 2025-12-12 10:25:29,406 basehttp 8744 16336 - Broken pipe from ('127.0.0.1', 49640)
INFO 2025-12-12 10:25:29,406 basehttp 8744 8152 - Broken pipe from ('127.0.0.1', 64694)
INFO 2025-12-12 17:47:21,727 autoreload 9760 20444 Watching for file changes with StatReloader
INFO 2025-12-12 17:50:32,665 basehttp 9760 22392 "GET / HTTP/1.1" 302 0
INFO 2025-12-12 17:50:32,675 basehttp 9760 22392 "GET /inspections/ HTTP/1.1" 302 0
INFO 2025-12-12 17:50:32,714 basehttp 9760 22392 "GET /login/?next=/inspections/ HTTP/1.1" 200 15907
INFO 2025-12-12 17:50:44,396 basehttp 9760 22392 "POST /login/?next=/inspections/ HTTP/1.1" 302 0
INFO 2025-12-12 17:50:44,450 basehttp 9760 22392 "GET /inspections/ HTTP/1.1" 200 25314
INFO 2025-12-12 17:51:59,004 autoreload 2460 13304 Watching for file changes with StatReloader
INFO 2025-12-12 17:54:03,674 basehttp 2460 3724 "GET /inspections/ HTTP/1.1" 200 24967
INFO 2025-12-12 17:55:08,049 autoreload 17088 10644 Watching for file changes with StatReloader
INFO 2025-12-12 17:58:30,696 autoreload 22992 11596 Watching for file changes with StatReloader
INFO 2025-12-12 18:02:59,825 autoreload 16620 16164 Watching for file changes with StatReloader
INFO 2025-12-12 18:03:34,741 basehttp 16620 15480 "GET /inspections/ HTTP/1.1" 200 24967
INFO 2025-12-12 18:03:37,549 basehttp 16620 15480 "GET /inspections/ HTTP/1.1" 200 24967
INFO 2025-12-12 18:09:34,785 basehttp 16620 20600 "GET /inspections/ HTTP/1.1" 200 29814
INFO 2025-12-12 18:09:37,707 basehttp 16620 20600 "GET /inspection/75/ HTTP/1.1" 200 75499
INFO 2025-12-12 18:09:37,962 basehttp 16620 20600 "GET /media/inspection_photos/PROCESSED/nombre-idel-103L-121225_174007-OK416/nombre-idel-103L-121225_174007-OK416.bmp HTTP/1.1" 200 5014632
INFO 2025-12-12 18:09:38,014 basehttp 16620 23696 "GET /media/inspection_photos/PROCESSED/nombre-idel-103L-121225_174007-OK416/nombre-idel-118L-121225_174049-OK421.bmp HTTP/1.1" 200 5014632
INFO 2025-12-12 18:09:38,017 basehttp 16620 13520 "GET /media/inspection_photos/PROCESSED/nombre-idel-103L-121225_174007-OK416/nombre-idel-117L-121225_174042-OK420.bmp HTTP/1.1" 200 5014632
INFO 2025-12-12 18:09:38,019 basehttp 16620 17600 "GET /media/inspection_photos/PROCESSED/nombre-idel-103L-121225_174007-OK416/nombre-idel-115L-121225_174030-OK418.bmp HTTP/1.1" 200 5014632
INFO 2025-12-12 18:09:38,020 basehttp 16620 17464 "GET /media/inspection_photos/PROCESSED/nombre-idel-103L-121225_174007-OK416/nombre-idel-114L-121225_174025-OK417.bmp HTTP/1.1" 200 5014632
INFO 2025-12-12 18:09:38,030 basehttp 16620 1980 "GET /media/inspection_photos/PROCESSED/nombre-idel-103L-121225_174007-OK416/nombre-idel-116L-121225_174036-OK419.bmp HTTP/1.1" 200 5014632
INFO 2025-12-12 18:09:38,057 basehttp 16620 20600 "GET /media/inspection_photos/PROCESSED/nombre-idel-103L-121225_174007-OK416/nombre-idel-129L-121225_174107-OK422.bmp HTTP/1.1" 200 5014632
INFO 2025-12-12 18:09:38,104 basehttp 16620 23696 "GET /media/inspection_photos/PROCESSED/nombre-idel-103L-121225_174007-OK416/nombre-idel-130L-121225_174112-OK423.bmp HTTP/1.1" 200 5014632
INFO 2025-12-12 18:09:38,108 basehttp 16620 13520 "GET /media/inspection_photos/PROCESSED/nombre-idel-103L-121225_174007-OK416/nombre-idel-131L-121225_174118-OK424.bmp HTTP/1.1" 200 5014632
INFO 2025-12-12 18:09:38,111 basehttp 16620 17600 "GET /media/inspection_photos/PROCESSED/nombre-idel-103L-121225_174007-OK416/nombre-idel-132L-121225_174124-OK425.bmp HTTP/1.1" 200 5014632
INFO 2025-12-12 18:09:38,111 basehttp 16620 17464 "GET /media/inspection_photos/PROCESSED/nombre-idel-103L-121225_174007-OK416/nombre-idel-133L-121225_174131-OK426.bmp HTTP/1.1" 200 5014632
INFO 2025-12-12 18:09:38,116 basehttp 16620 1980 "GET /media/inspection_photos/PROCESSED/nombre-idel-103L-121225_174007-OK416/nombre-idel-144L-121225_174149-OK427.bmp HTTP/1.1" 200 5014632
INFO 2025-12-12 18:09:38,151 basehttp 16620 20600 "GET /media/inspection_photos/PROCESSED/nombre-idel-103L-121225_174007-OK416/nombre-idel-145L-121225_174154-OK428.bmp HTTP/1.1" 200 5014632
INFO 2025-12-12 18:09:38,193 basehttp 16620 23696 "GET /media/inspection_photos/PROCESSED/nombre-idel-103L-121225_174007-OK416/nombre-idel-146L-121225_174200-OK429.bmp HTTP/1.1" 200 5014632
INFO 2025-12-12 18:09:38,193 basehttp 16620 17600 "GET /media/inspection_photos/PROCESSED/nombre-idel-103L-121225_174007-OK416/nombre-idel-148L-121225_174213-OK431.bmp HTTP/1.1" 200 5014632
INFO 2025-12-12 18:09:38,196 basehttp 16620 17464 "GET /media/inspection_photos/PROCESSED/nombre-idel-103L-121225_174007-OK416/nombre-idel-159L-121225_174231-OK432.bmp HTTP/1.1" 200 5014632
INFO 2025-12-12 18:09:38,197 basehttp 16620 13520 "GET /media/inspection_photos/PROCESSED/nombre-idel-103L-121225_174007-OK416/nombre-idel-147L-121225_174206-OK430.bmp HTTP/1.1" 200 5014632
INFO 2025-12-12 18:09:38,201 basehttp 16620 1980 "GET /media/inspection_photos/PROCESSED/nombre-idel-103L-121225_174007-OK416/nombre-idel-160L-121225_174236-OK433.bmp HTTP/1.1" 200 5014632
INFO 2025-12-12 18:09:38,226 basehttp 16620 20600 "GET /media/inspection_photos/PROCESSED/nombre-idel-103L-121225_174007-OK416/nombre-idel-161L-121225_174242-OK434.bmp HTTP/1.1" 200 5014632
INFO 2025-12-12 18:09:38,279 basehttp 16620 17600 "GET /media/inspection_photos/PROCESSED/nombre-idel-103L-121225_174007-OK416/nombre-idel-163L-121225_174255-OK436.bmp HTTP/1.1" 200 5014632
INFO 2025-12-12 18:09:38,283 basehttp 16620 13520 "GET /media/inspection_photos/PROCESSED/nombre-idel-103L-121225_174007-OK416/nombre-idel-175L-121225_174318-OK438.bmp HTTP/1.1" 200 5014632
INFO 2025-12-12 18:09:38,284 basehttp 16620 17464 "GET /media/inspection_photos/PROCESSED/nombre-idel-103L-121225_174007-OK416/nombre-idel-174L-121225_174313-OK437.bmp HTTP/1.1" 200 5014632
INFO 2025-12-12 18:09:38,287 basehttp 16620 1980 "GET /media/inspection_photos/PROCESSED/nombre-idel-103L-121225_174007-OK416/nombre-idel-176L-121225_174324-OK439.bmp HTTP/1.1" 200 5014632
INFO 2025-12-12 18:09:38,301 basehttp 16620 23696 "GET /media/inspection_photos/PROCESSED/nombre-idel-103L-121225_174007-OK416/nombre-idel-162L-121225_174248-OK435.bmp HTTP/1.1" 200 5014632
INFO 2025-12-12 18:09:38,331 basehttp 16620 20600 "GET /media/inspection_photos/PROCESSED/nombre-idel-103L-121225_174007-OK416/nombre-idel-177L-121225_174331-OK440.bmp HTTP/1.1" 200 5014632
INFO 2025-12-12 18:09:38,374 basehttp 16620 17600 "GET /media/inspection_photos/PROCESSED/nombre-idel-103L-121225_174007-OK416/nombre-idel-178L-121225_174337-OK441.bmp HTTP/1.1" 200 5014632
INFO 2025-12-12 18:09:38,376 basehttp 16620 17464 "GET /media/inspection_photos/PROCESSED/nombre-idel-103L-121225_174007-OK416/nombre-idel-190L-121225_174400-OK443.bmp HTTP/1.1" 200 5014632
INFO 2025-12-12 18:09:38,378 basehttp 16620 13520 "GET /media/inspection_photos/PROCESSED/nombre-idel-103L-121225_174007-OK416/nombre-idel-189L-121225_174355-OK442.bmp HTTP/1.1" 200 5014632
INFO 2025-12-12 18:09:38,381 basehttp 16620 1980 "GET /media/inspection_photos/PROCESSED/nombre-idel-103L-121225_174007-OK416/nombre-idel-191L-121225_174406-OK444.bmp HTTP/1.1" 200 5014632
INFO 2025-12-12 18:09:38,383 basehttp 16620 23696 "GET /media/inspection_photos/PROCESSED/nombre-idel-103L-121225_174007-OK416/nombre-idel-192L-121225_174413-OK445.bmp HTTP/1.1" 200 5014632
INFO 2025-12-12 18:09:38,389 basehttp 16620 20600 "GET /media/inspection_photos/PROCESSED/nombre-idel-103L-121225_174007-OK416/nombre-idel-193L-121225_174419-OK446.bmp HTTP/1.1" 200 5014632
INFO 2025-12-12 18:09:38,403 basehttp 16620 17600 "GET /media/inspection_photos/PROCESSED/nombre-idel-103L-121225_174007-OK416/nombre-idel-212L-121225_174425-OK447.bmp HTTP/1.1" 200 5014632
INFO 2025-12-12 18:09:38,422 basehttp 16620 17464 "GET /media/inspection_photos/PROCESSED/nombre-idel-103L-121225_174007-OK416/nombre-idel-213L-121225_174434-OK448.bmp HTTP/1.1" 200 5014632
INFO 2025-12-12 18:10:22,459 basehttp 16620 17464 "GET /inspection/75/pdf/ HTTP/1.1" 200 67825295
INFO 2025-12-12 18:11:51,093 basehttp 16620 19892 "GET /login/ HTTP/1.1" 200 15790
INFO 2025-12-12 18:11:51,110 basehttp 16620 19892 "GET /static/css/custom.css HTTP/1.1" 200 8902
INFO 2025-12-12 18:11:51,120 basehttp 16620 19744 "GET /static/assets/logo_conuar1.svg HTTP/1.1" 200 14909
INFO 2025-12-12 18:11:51,122 basehttp 16620 19744 "GET /static/js/auto-logout.js HTTP/1.1" 200 7754
INFO 2025-12-12 18:11:51,370 basehttp 16620 19744 "GET /static/assets/fav_icon.png HTTP/1.1" 200 113857
INFO 2025-12-13 12:00:19,368 autoreload 1408 21588 Watching for file changes with StatReloader
INFO 2025-12-13 12:00:23,347 basehttp 1408 10824 "GET / HTTP/1.1" 302 0
INFO 2025-12-13 12:00:23,358 basehttp 1408 10824 "GET /inspections/ HTTP/1.1" 302 0
INFO 2025-12-13 12:00:23,394 basehttp 1408 10824 "GET /login/?next=/inspections/ HTTP/1.1" 200 15907
INFO 2025-12-13 12:00:23,882 basehttp 1408 10824 "GET /login/?next=/inspections/ HTTP/1.1" 200 15907
INFO 2025-12-13 12:02:27,260 basehttp 1408 10824 "POST /login/?next=/inspections/ HTTP/1.1" 302 0
INFO 2025-12-13 12:02:27,315 basehttp 1408 10824 "GET /inspections/ HTTP/1.1" 200 30161
INFO 2025-12-13 12:02:31,366 basehttp 1408 10824 "GET /inspection/75/ HTTP/1.1" 200 76989
INFO 2025-12-13 12:02:31,391 basehttp 1408 10824 "GET /media/inspection_photos/PROCESSED/nombre-idel-103L-121225_174007-OK416/nombre-idel-103L-121225_174007-OK416.bmp HTTP/1.1" 304 0
INFO 2025-12-13 12:02:31,392 basehttp 1408 23464 "GET /media/inspection_photos/PROCESSED/nombre-idel-103L-121225_174007-OK416/nombre-idel-114L-121225_174025-OK417.bmp HTTP/1.1" 304 0
INFO 2025-12-13 12:02:31,396 basehttp 1408 19204 "GET /media/inspection_photos/PROCESSED/nombre-idel-103L-121225_174007-OK416/nombre-idel-117L-121225_174042-OK420.bmp HTTP/1.1" 304 0
INFO 2025-12-13 12:02:31,398 basehttp 1408 16832 "GET /media/inspection_photos/PROCESSED/nombre-idel-103L-121225_174007-OK416/nombre-idel-118L-121225_174049-OK421.bmp HTTP/1.1" 304 0
INFO 2025-12-13 12:02:31,401 basehttp 1408 21876 "GET /media/inspection_photos/PROCESSED/nombre-idel-103L-121225_174007-OK416/nombre-idel-115L-121225_174030-OK418.bmp HTTP/1.1" 304 0
INFO 2025-12-13 12:02:31,410 basehttp 1408 21876 "GET /media/inspection_photos/PROCESSED/nombre-idel-103L-121225_174007-OK416/nombre-idel-129L-121225_174107-OK422.bmp HTTP/1.1" 304 0
INFO 2025-12-13 12:02:31,416 basehttp 1408 15540 "GET /media/inspection_photos/PROCESSED/nombre-idel-103L-121225_174007-OK416/nombre-idel-116L-121225_174036-OK419.bmp HTTP/1.1" 304 0
INFO 2025-12-13 12:02:31,417 basehttp 1408 19204 "GET /media/inspection_photos/PROCESSED/nombre-idel-103L-121225_174007-OK416/nombre-idel-131L-121225_174118-OK424.bmp HTTP/1.1" 304 0
INFO 2025-12-13 12:02:31,420 basehttp 1408 21876 "GET /media/inspection_photos/PROCESSED/nombre-idel-103L-121225_174007-OK416/nombre-idel-132L-121225_174124-OK425.bmp HTTP/1.1" 304 0
INFO 2025-12-13 12:02:31,429 basehttp 1408 16832 "GET /media/inspection_photos/PROCESSED/nombre-idel-103L-121225_174007-OK416/nombre-idel-130L-121225_174112-OK423.bmp HTTP/1.1" 304 0
INFO 2025-12-13 12:02:31,437 basehttp 1408 21876 "GET /media/inspection_photos/PROCESSED/nombre-idel-103L-121225_174007-OK416/nombre-idel-145L-121225_174154-OK428.bmp HTTP/1.1" 304 0
INFO 2025-12-13 12:02:31,438 basehttp 1408 15540 "GET /media/inspection_photos/PROCESSED/nombre-idel-103L-121225_174007-OK416/nombre-idel-146L-121225_174200-OK429.bmp HTTP/1.1" 304 0
INFO 2025-12-13 12:02:31,440 basehttp 1408 10824 "GET /media/inspection_photos/PROCESSED/nombre-idel-103L-121225_174007-OK416/nombre-idel-147L-121225_174206-OK430.bmp HTTP/1.1" 304 0
INFO 2025-12-13 12:02:31,446 basehttp 1408 23464 "GET /media/inspection_photos/PROCESSED/nombre-idel-103L-121225_174007-OK416/nombre-idel-133L-121225_174131-OK426.bmp HTTP/1.1" 304 0
INFO 2025-12-13 12:02:31,448 basehttp 1408 19204 "GET /media/inspection_photos/PROCESSED/nombre-idel-103L-121225_174007-OK416/nombre-idel-144L-121225_174149-OK427.bmp HTTP/1.1" 304 0
INFO 2025-12-13 12:02:31,451 basehttp 1408 21876 "GET /media/inspection_photos/PROCESSED/nombre-idel-103L-121225_174007-OK416/nombre-idel-148L-121225_174213-OK431.bmp HTTP/1.1" 304 0
INFO 2025-12-13 12:02:31,456 basehttp 1408 23464 "GET /media/inspection_photos/PROCESSED/nombre-idel-103L-121225_174007-OK416/nombre-idel-160L-121225_174236-OK433.bmp HTTP/1.1" 304 0
INFO 2025-12-13 12:02:31,474 basehttp 1408 19204 "GET /media/inspection_photos/PROCESSED/nombre-idel-103L-121225_174007-OK416/nombre-idel-161L-121225_174242-OK434.bmp HTTP/1.1" 304 0
INFO 2025-12-13 12:02:31,477 basehttp 1408 10824 "GET /media/inspection_photos/PROCESSED/nombre-idel-103L-121225_174007-OK416/nombre-idel-159L-121225_174231-OK432.bmp HTTP/1.1" 304 0
INFO 2025-12-13 12:02:31,479 basehttp 1408 21876 "GET /media/inspection_photos/PROCESSED/nombre-idel-103L-121225_174007-OK416/nombre-idel-162L-121225_174248-OK435.bmp HTTP/1.1" 304 0
INFO 2025-12-13 12:02:31,493 basehttp 1408 15540 "GET /media/inspection_photos/PROCESSED/nombre-idel-103L-121225_174007-OK416/nombre-idel-174L-121225_174313-OK437.bmp HTTP/1.1" 304 0
INFO 2025-12-13 12:02:31,496 basehttp 1408 16832 "GET /media/inspection_photos/PROCESSED/nombre-idel-103L-121225_174007-OK416/nombre-idel-175L-121225_174318-OK438.bmp HTTP/1.1" 304 0
INFO 2025-12-13 12:02:31,498 basehttp 1408 23464 "GET /media/inspection_photos/PROCESSED/nombre-idel-103L-121225_174007-OK416/nombre-idel-163L-121225_174255-OK436.bmp HTTP/1.1" 304 0
INFO 2025-12-13 12:02:31,501 basehttp 1408 10824 "GET /media/inspection_photos/PROCESSED/nombre-idel-103L-121225_174007-OK416/nombre-idel-177L-121225_174331-OK440.bmp HTTP/1.1" 304 0
INFO 2025-12-13 12:02:31,504 basehttp 1408 19204 "GET /media/inspection_photos/PROCESSED/nombre-idel-103L-121225_174007-OK416/nombre-idel-178L-121225_174337-OK441.bmp HTTP/1.1" 304 0
INFO 2025-12-13 12:02:31,508 basehttp 1408 21876 "GET /media/inspection_photos/PROCESSED/nombre-idel-103L-121225_174007-OK416/nombre-idel-176L-121225_174324-OK439.bmp HTTP/1.1" 304 0
INFO 2025-12-13 12:02:31,512 basehttp 1408 19204 "GET /media/inspection_photos/PROCESSED/nombre-idel-103L-121225_174007-OK416/nombre-idel-189L-121225_174355-OK442.bmp HTTP/1.1" 304 0
INFO 2025-12-13 12:02:31,530 basehttp 1408 23464 "GET /media/inspection_photos/PROCESSED/nombre-idel-103L-121225_174007-OK416/nombre-idel-193L-121225_174419-OK446.bmp HTTP/1.1" 304 0
INFO 2025-12-13 12:02:31,530 basehttp 1408 10824 "GET /media/inspection_photos/PROCESSED/nombre-idel-103L-121225_174007-OK416/nombre-idel-192L-121225_174413-OK445.bmp HTTP/1.1" 304 0
INFO 2025-12-13 12:02:31,533 basehttp 1408 16832 "GET /media/inspection_photos/PROCESSED/nombre-idel-103L-121225_174007-OK416/nombre-idel-212L-121225_174425-OK447.bmp HTTP/1.1" 304 0
INFO 2025-12-13 12:02:31,535 basehttp 1408 19204 "GET /media/inspection_photos/PROCESSED/nombre-idel-103L-121225_174007-OK416/nombre-idel-191L-121225_174406-OK444.bmp HTTP/1.1" 304 0
INFO 2025-12-13 12:02:31,538 basehttp 1408 15540 "GET /media/inspection_photos/PROCESSED/nombre-idel-103L-121225_174007-OK416/nombre-idel-213L-121225_174434-OK448.bmp HTTP/1.1" 304 0
INFO 2025-12-13 12:02:31,541 basehttp 1408 21876 "GET /media/inspection_photos/PROCESSED/nombre-idel-103L-121225_174007-OK416/nombre-idel-190L-121225_174400-OK443.bmp HTTP/1.1" 304 0
INFO 2025-12-13 12:12:34,467 basehttp 1408 2836 - Broken pipe from ('127.0.0.1', 64105)
INFO 2025-12-13 12:12:34,468 basehttp 1408 21516 - Broken pipe from ('127.0.0.1', 55085)
INFO 2025-12-13 12:12:34,468 basehttp 1408 16852 - Broken pipe from ('127.0.0.1', 60167)
INFO 2025-12-13 12:12:34,470 basehttp 1408 13040 "GET /logout/ HTTP/1.1" 302 0
INFO 2025-12-13 12:12:34,474 basehttp 1408 13040 "GET /login/ HTTP/1.1" 200 16549
INFO 2025-12-13 12:13:53,499 autoreload 1408 21588 C:\Users\USER\Documents\GitHub\Inspection_webapp\Conuar\conuar_webapp\etl\plc_data_processor.py changed, reloading.
INFO 2025-12-13 12:13:54,905 autoreload 18772 7204 Watching for file changes with StatReloader
INFO 2025-12-13 12:14:00,407 autoreload 18772 7204 C:\Users\USER\Documents\GitHub\Inspection_webapp\Conuar\conuar_webapp\etl\plc_data_processor.py changed, reloading.
INFO 2025-12-13 12:14:00,976 autoreload 22920 20972 Watching for file changes with StatReloader
INFO 2025-12-13 12:14:07,514 autoreload 22920 20972 C:\Users\USER\Documents\GitHub\Inspection_webapp\Conuar\conuar_webapp\etl\plc_data_processor.py changed, reloading.
INFO 2025-12-13 12:14:08,048 autoreload 19864 20732 Watching for file changes with StatReloader
INFO 2025-12-13 12:14:21,701 autoreload 19864 20732 C:\Users\USER\Documents\GitHub\Inspection_webapp\Conuar\conuar_webapp\etl\photo_unificator.py changed, reloading.
INFO 2025-12-13 12:14:22,316 autoreload 19832 23104 Watching for file changes with StatReloader
INFO 2025-12-13 12:14:39,087 autoreload 19832 23104 C:\Users\USER\Documents\GitHub\Inspection_webapp\Conuar\conuar_webapp\etl\photo_unificator.py changed, reloading.
INFO 2025-12-13 12:14:39,655 autoreload 16752 8908 Watching for file changes with StatReloader
INFO 2025-12-13 12:14:51,310 autoreload 16752 8908 C:\Users\USER\Documents\GitHub\Inspection_webapp\Conuar\conuar_webapp\etl\photo_unificator.py changed, reloading.
INFO 2025-12-13 12:14:51,902 autoreload 22104 16796 Watching for file changes with StatReloader
INFO 2025-12-13 12:15:01,484 autoreload 22104 16796 C:\Users\USER\Documents\GitHub\Inspection_webapp\Conuar\conuar_webapp\etl\photo_unificator.py changed, reloading.
INFO 2025-12-13 12:15:02,076 autoreload 18788 19768 Watching for file changes with StatReloader
INFO 2025-12-13 13:05:01,056 autoreload 12004 19804 Watching for file changes with StatReloader
INFO 2025-12-13 13:06:09,071 basehttp 12004 21384 "POST /login/ HTTP/1.1" 302 0
INFO 2025-12-13 13:06:09,107 basehttp 12004 21384 "GET /inspections/ HTTP/1.1" 200 25312
INFO 2025-12-13 13:06:11,894 basehttp 12004 21384 "GET /inspection/2/ HTTP/1.1" 200 85752
INFO 2025-12-13 13:06:12,117 basehttp 12004 20272 "GET /media/inspection_photos/PROCESSED/nombre-idel-88L-121225_173924-OK411/nombre-idel-99L-121225_173943-OK412.png HTTP/1.1" 200 2254104
INFO 2025-12-13 13:06:12,136 basehttp 12004 2536 "GET /media/inspection_photos/PROCESSED/nombre-idel-88L-121225_173924-OK411/nombre-idel-102L-121225_174000-OK415.png HTTP/1.1" 200 2253029
INFO 2025-12-13 13:06:12,143 basehttp 12004 1620 "GET /media/inspection_photos/PROCESSED/nombre-idel-88L-121225_173924-OK411/nombre-idel-100L-121225_173948-NOK413.png HTTP/1.1" 200 2369972
INFO 2025-12-13 13:06:12,150 basehttp 12004 21384 "GET /media/inspection_photos/PROCESSED/nombre-idel-88L-121225_173924-OK411/nombre-idel-88L-121225_173924-OK411.png HTTP/1.1" 200 2529261
INFO 2025-12-13 13:06:12,161 basehttp 12004 20272 "GET /media/inspection_photos/PROCESSED/nombre-idel-88L-121225_173924-OK411/nombre-idel-114L-121225_174025-OK417.png HTTP/1.1" 200 2247282
INFO 2025-12-13 13:06:12,186 basehttp 12004 2536 "GET /media/inspection_photos/PROCESSED/nombre-idel-88L-121225_173924-OK411/nombre-idel-115L-121225_174030-OK418.png HTTP/1.1" 200 2331106
INFO 2025-12-13 13:06:12,190 basehttp 12004 21904 "GET /media/inspection_photos/PROCESSED/nombre-idel-88L-121225_173924-OK411/nombre-idel-101L-121225_173954-OK414.png HTTP/1.1" 200 2195580
INFO 2025-12-13 13:06:12,195 basehttp 12004 1620 "GET /media/inspection_photos/PROCESSED/nombre-idel-88L-121225_173924-OK411/nombre-idel-116L-121225_174036-OK419.png HTTP/1.1" 200 2141290
INFO 2025-12-13 13:06:12,198 basehttp 12004 5096 "GET /media/inspection_photos/PROCESSED/nombre-idel-88L-121225_173924-OK411/nombre-idel-103L-121225_174007-OK416.png HTTP/1.1" 200 2419480
INFO 2025-12-13 13:06:12,203 basehttp 12004 21384 "GET /media/inspection_photos/PROCESSED/nombre-idel-88L-121225_173924-OK411/nombre-idel-117L-121225_174042-OK420.png HTTP/1.1" 200 2201161
INFO 2025-12-13 13:06:12,208 basehttp 12004 20272 "GET /media/inspection_photos/PROCESSED/nombre-idel-88L-121225_173924-OK411/nombre-idel-118L-121225_174049-OK421.png HTTP/1.1" 200 2380445
INFO 2025-12-13 13:06:12,230 basehttp 12004 2536 "GET /media/inspection_photos/PROCESSED/nombre-idel-88L-121225_173924-OK411/nombre-idel-129L-121225_174107-OK422.png HTTP/1.1" 200 2312767
INFO 2025-12-13 13:06:12,239 basehttp 12004 21904 "GET /media/inspection_photos/PROCESSED/nombre-idel-88L-121225_173924-OK411/nombre-idel-130L-121225_174112-OK423.png HTTP/1.1" 200 2318427
INFO 2025-12-13 13:06:12,243 basehttp 12004 1620 "GET /media/inspection_photos/PROCESSED/nombre-idel-88L-121225_173924-OK411/nombre-idel-131L-121225_174118-OK424.png HTTP/1.1" 200 2108614
INFO 2025-12-13 13:06:12,244 basehttp 12004 5096 "GET /media/inspection_photos/PROCESSED/nombre-idel-88L-121225_173924-OK411/nombre-idel-132L-121225_174124-OK425.png HTTP/1.1" 200 2128188
INFO 2025-12-13 13:06:12,253 basehttp 12004 20272 "GET /media/inspection_photos/PROCESSED/nombre-idel-88L-121225_173924-OK411/nombre-idel-144L-121225_174149-OK427.png HTTP/1.1" 200 2388519
INFO 2025-12-13 13:06:12,253 basehttp 12004 21384 "GET /media/inspection_photos/PROCESSED/nombre-idel-88L-121225_173924-OK411/nombre-idel-133L-121225_174131-OK426.png HTTP/1.1" 200 2338699
INFO 2025-12-13 13:06:12,280 basehttp 12004 2536 "GET /media/inspection_photos/PROCESSED/nombre-idel-88L-121225_173924-OK411/nombre-idel-145L-121225_174154-OK428.png HTTP/1.1" 200 2289563
INFO 2025-12-13 13:06:12,286 basehttp 12004 21904 "GET /media/inspection_photos/PROCESSED/nombre-idel-88L-121225_173924-OK411/nombre-idel-146L-121225_174200-OK429.png HTTP/1.1" 200 2130557
INFO 2025-12-13 13:06:12,297 basehttp 12004 5096 "GET /media/inspection_photos/PROCESSED/nombre-idel-88L-121225_173924-OK411/nombre-idel-147L-121225_174206-OK430.png HTTP/1.1" 200 2113157
INFO 2025-12-13 13:06:12,304 basehttp 12004 1620 "GET /media/inspection_photos/PROCESSED/nombre-idel-88L-121225_173924-OK411/nombre-idel-148L-121225_174213-OK431.png HTTP/1.1" 200 2316979
INFO 2025-12-13 13:06:12,306 basehttp 12004 20272 "GET /media/inspection_photos/PROCESSED/nombre-idel-88L-121225_173924-OK411/nombre-idel-160L-121225_174236-OK433.png HTTP/1.1" 200 2253411
INFO 2025-12-13 13:06:12,310 basehttp 12004 21384 "GET /media/inspection_photos/PROCESSED/nombre-idel-88L-121225_173924-OK411/nombre-idel-159L-121225_174231-OK432.png HTTP/1.1" 200 2403203
INFO 2025-12-13 13:06:12,336 basehttp 12004 2536 "GET /media/inspection_photos/PROCESSED/nombre-idel-88L-121225_173924-OK411/nombre-idel-161L-121225_174242-OK434.png HTTP/1.1" 200 2150007
INFO 2025-12-13 13:06:12,341 basehttp 12004 21904 "GET /media/inspection_photos/PROCESSED/nombre-idel-88L-121225_173924-OK411/nombre-idel-162L-121225_174248-OK435.png HTTP/1.1" 200 2118110
INFO 2025-12-13 13:06:12,354 basehttp 12004 5096 "GET /media/inspection_photos/PROCESSED/nombre-idel-88L-121225_173924-OK411/nombre-idel-163L-121225_174255-OK436.png HTTP/1.1" 200 2250565
INFO 2025-12-13 13:06:12,359 basehttp 12004 1620 "GET /media/inspection_photos/PROCESSED/nombre-idel-88L-121225_173924-OK411/nombre-idel-174L-121225_174313-OK437.png HTTP/1.1" 200 2380562
INFO 2025-12-13 13:06:12,360 basehttp 12004 20272 "GET /media/inspection_photos/PROCESSED/nombre-idel-88L-121225_173924-OK411/nombre-idel-175L-121225_174318-OK438.png HTTP/1.1" 200 2245940
INFO 2025-12-13 13:06:12,362 basehttp 12004 21384 "GET /media/inspection_photos/PROCESSED/nombre-idel-88L-121225_173924-OK411/nombre-idel-176L-121225_174324-OK439.png HTTP/1.1" 200 2202260
INFO 2025-12-13 13:06:12,381 basehttp 12004 2536 "GET /media/inspection_photos/PROCESSED/nombre-idel-88L-121225_173924-OK411/nombre-idel-177L-121225_174331-OK440.png HTTP/1.1" 200 2112557
INFO 2025-12-13 13:06:12,381 basehttp 12004 21904 "GET /media/inspection_photos/PROCESSED/nombre-idel-88L-121225_173924-OK411/nombre-idel-178L-121225_174337-OK441.png HTTP/1.1" 200 2217915
INFO 2025-12-13 13:06:12,402 basehttp 12004 20272 "GET /media/inspection_photos/PROCESSED/nombre-idel-88L-121225_173924-OK411/nombre-idel-191L-121225_174406-OK444.png HTTP/1.1" 200 2245274
INFO 2025-12-13 13:06:12,403 basehttp 12004 1620 "GET /media/inspection_photos/PROCESSED/nombre-idel-88L-121225_173924-OK411/nombre-idel-190L-121225_174400-OK443.png HTTP/1.1" 200 2221160
INFO 2025-12-13 13:06:12,417 basehttp 12004 21384 "GET /media/inspection_photos/PROCESSED/nombre-idel-88L-121225_173924-OK411/nombre-idel-192L-121225_174413-OK445.png HTTP/1.1" 200 2130851
INFO 2025-12-13 13:06:12,423 basehttp 12004 5096 "GET /media/inspection_photos/PROCESSED/nombre-idel-88L-121225_173924-OK411/nombre-idel-189L-121225_174355-OK442.png HTTP/1.1" 200 2306475
INFO 2025-12-13 13:06:12,429 basehttp 12004 21904 "GET /media/inspection_photos/PROCESSED/nombre-idel-88L-121225_173924-OK411/nombre-idel-193L-121225_174419-OK446.png HTTP/1.1" 200 2271530
INFO 2025-12-13 13:06:12,430 basehttp 12004 2536 "GET /media/inspection_photos/PROCESSED/nombre-idel-88L-121225_173924-OK411/nombre-idel-212L-121225_174425-OK447.png HTTP/1.1" 200 2353485
INFO 2025-12-13 13:06:12,436 basehttp 12004 20272 "GET /media/inspection_photos/PROCESSED/nombre-idel-88L-121225_173924-OK411/nombre-idel-213L-121225_174434-OK448.png HTTP/1.1" 200 2174624
INFO 2025-12-13 13:06:58,716 basehttp 12004 20272 "GET /inspection/2/pdf/ HTTP/1.1" 200 104051194
